CRITICAL - 2025-04-19 00:05:08 --> mysqli_connect(): (HY000/2002): Can't connect to local MySQL server through socket '/var/lib/mysql/mysql.sock' (11)
#0 [internal function]: CodeIgniter\Debug\Exceptions->errorHandler(2, 'mysqli_connect(...', '/home/kuropane/...', 8, Array)
#1 /home/kuropane/skmodz.kuropanel.shop/conn.php(8): mysqli_connect('localhost', 'kuropane_skmodz', 'kuropane_skmodz', 'kuropane_skmodz')
#2 /home/kuropane/skmodz.kuropanel.shop/app/Controllers/Connect.php(13): include('/home/kuropane/...')
#3 /home/kuropane/skmodz.kuropanel.shop/vendor/codeigniter4/framework/system/CodeIgniter.php(801): App\Controllers\Connect->__construct()
#4 /home/kuropane/skmodz.kuropanel.shop/vendor/codeigniter4/framework/system/CodeIgniter.php(401): CodeIgniter\CodeIgniter->createController()
#5 /home/kuropane/skmodz.kuropanel.shop/vendor/codeigniter4/framework/system/CodeIgniter.php(318): CodeIgniter\CodeIgniter->handleRequest(NULL, Object(Config\Cache), false)
#6 /home/kuropane/skmodz.kuropanel.shop/index.php(37): CodeIgniter\CodeIgniter->run()
#7 {main}
ERROR - 2025-04-19 00:38:07 --> Error connecting to the database: Too many connections
CRITICAL - 2025-04-19 00:38:07 --> Unable to connect to the database.
Main connection [MySQLi]: Too many connections
#0 /home/kuropane/skmodz.kuropanel.shop/vendor/codeigniter4/framework/system/Database/BaseConnection.php(577): CodeIgniter\Database\BaseConnection->initialize()
#1 /home/kuropane/skmodz.kuropanel.shop/vendor/codeigniter4/framework/system/Database/BaseBuilder.php(1443): CodeIgniter\Database\BaseConnection->query('SELECT *\nFROM `...', Array, false)
#2 /home/kuropane/skmodz.kuropanel.shop/vendor/codeigniter4/framework/system/Model.php(723): CodeIgniter\Database\BaseBuilder->get()
#3 /home/kuropane/skmodz.kuropanel.shop/app/Models/KeysModel.php(26): CodeIgniter\Model->__call('get', Array)
#4 /home/kuropane/skmodz.kuropanel.shop/app/Controllers/Connect.php(101): App\Models\KeysModel->getKeysGame(Array)
#5 /home/kuropane/skmodz.kuropanel.shop/app/Controllers/Connect.php(38): App\Controllers\Connect->index_post()
#6 /home/kuropane/skmodz.kuropanel.shop/vendor/codeigniter4/framework/system/CodeIgniter.php(824): App\Controllers\Connect->index()
#7 /home/kuropane/skmodz.kuropanel.shop/vendor/codeigniter4/framework/system/CodeIgniter.php(410): CodeIgniter\CodeIgniter->runController(Object(App\Controllers\Connect))
#8 /home/kuropane/skmodz.kuropanel.shop/vendor/codeigniter4/framework/system/CodeIgniter.php(318): CodeIgniter\CodeIgniter->handleRequest(NULL, Object(Config\Cache), false)
#9 /home/kuropane/skmodz.kuropanel.shop/index.php(37): CodeIgniter\CodeIgniter->run()
#10 {main}
ERROR - 2025-04-19 01:45:15 --> Error connecting to the database: Too many connections
CRITICAL - 2025-04-19 01:45:15 --> Unable to connect to the database.
Main connection [MySQLi]: Too many connections
#0 /home/kuropane/skmodz.kuropanel.shop/vendor/codeigniter4/framework/system/Database/BaseConnection.php(577): CodeIgniter\Database\BaseConnection->initialize()
#1 /home/kuropane/skmodz.kuropanel.shop/vendor/codeigniter4/framework/system/Database/BaseBuilder.php(1443): CodeIgniter\Database\BaseConnection->query('SELECT *\nFROM `...', Array, false)
#2 /home/kuropane/skmodz.kuropanel.shop/vendor/codeigniter4/framework/system/Model.php(723): CodeIgniter\Database\BaseBuilder->get()
#3 /home/kuropane/skmodz.kuropanel.shop/app/Models/KeysModel.php(26): CodeIgniter\Model->__call('get', Array)
#4 /home/kuropane/skmodz.kuropanel.shop/app/Controllers/Connect.php(101): App\Models\KeysModel->getKeysGame(Array)
#5 /home/kuropane/skmodz.kuropanel.shop/app/Controllers/Connect.php(38): App\Controllers\Connect->index_post()
#6 /home/kuropane/skmodz.kuropanel.shop/vendor/codeigniter4/framework/system/CodeIgniter.php(824): App\Controllers\Connect->index()
#7 /home/kuropane/skmodz.kuropanel.shop/vendor/codeigniter4/framework/system/CodeIgniter.php(410): CodeIgniter\CodeIgniter->runController(Object(App\Controllers\Connect))
#8 /home/kuropane/skmodz.kuropanel.shop/vendor/codeigniter4/framework/system/CodeIgniter.php(318): CodeIgniter\CodeIgniter->handleRequest(NULL, Object(Config\Cache), false)
#9 /home/kuropane/skmodz.kuropanel.shop/index.php(37): CodeIgniter\CodeIgniter->run()
#10 {main}
CRITICAL - 2025-04-19 01:50:11 --> mysqli_connect(): (08004/1040): Too many connections
#0 [internal function]: CodeIgniter\Debug\Exceptions->errorHandler(2, 'mysqli_connect(...', '/home/kuropane/...', 8, Array)
#1 /home/kuropane/skmodz.kuropanel.shop/conn.php(8): mysqli_connect('localhost', 'kuropane_skmodz', 'kuropane_skmodz', 'kuropane_skmodz')
#2 /home/kuropane/skmodz.kuropanel.shop/app/Controllers/Connect.php(13): include('/home/kuropane/...')
#3 /home/kuropane/skmodz.kuropanel.shop/vendor/codeigniter4/framework/system/CodeIgniter.php(801): App\Controllers\Connect->__construct()
#4 /home/kuropane/skmodz.kuropanel.shop/vendor/codeigniter4/framework/system/CodeIgniter.php(401): CodeIgniter\CodeIgniter->createController()
#5 /home/kuropane/skmodz.kuropanel.shop/vendor/codeigniter4/framework/system/CodeIgniter.php(318): CodeIgniter\CodeIgniter->handleRequest(NULL, Object(Config\Cache), false)
#6 /home/kuropane/skmodz.kuropanel.shop/index.php(37): CodeIgniter\CodeIgniter->run()
#7 {main}
CRITICAL - 2025-04-19 01:51:08 --> mysqli_connect(): (HY000/1040): Too many connections
#0 [internal function]: CodeIgniter\Debug\Exceptions->errorHandler(2, 'mysqli_connect(...', '/home/kuropane/...', 8, Array)
#1 /home/kuropane/skmodz.kuropanel.shop/conn.php(8): mysqli_connect('localhost', 'kuropane_skmodz', 'kuropane_skmodz', 'kuropane_skmodz')
#2 /home/kuropane/skmodz.kuropanel.shop/app/Controllers/Connect.php(13): include('/home/kuropane/...')
#3 /home/kuropane/skmodz.kuropanel.shop/vendor/codeigniter4/framework/system/CodeIgniter.php(801): App\Controllers\Connect->__construct()
#4 /home/kuropane/skmodz.kuropanel.shop/vendor/codeigniter4/framework/system/CodeIgniter.php(401): CodeIgniter\CodeIgniter->createController()
#5 /home/kuropane/skmodz.kuropanel.shop/vendor/codeigniter4/framework/system/CodeIgniter.php(318): CodeIgniter\CodeIgniter->handleRequest(NULL, Object(Config\Cache), false)
#6 /home/kuropane/skmodz.kuropanel.shop/index.php(37): CodeIgniter\CodeIgniter->run()
#7 {main}
CRITICAL - 2025-04-19 01:53:07 --> mysqli_connect(): (HY000/1040): Too many connections
#0 [internal function]: CodeIgniter\Debug\Exceptions->errorHandler(2, 'mysqli_connect(...', '/home/kuropane/...', 8, Array)
#1 /home/kuropane/skmodz.kuropanel.shop/conn.php(8): mysqli_connect('localhost', 'kuropane_skmodz', 'kuropane_skmodz', 'kuropane_skmodz')
#2 /home/kuropane/skmodz.kuropanel.shop/app/Controllers/Connect.php(13): include('/home/kuropane/...')
#3 /home/kuropane/skmodz.kuropanel.shop/vendor/codeigniter4/framework/system/CodeIgniter.php(801): App\Controllers\Connect->__construct()
#4 /home/kuropane/skmodz.kuropanel.shop/vendor/codeigniter4/framework/system/CodeIgniter.php(401): CodeIgniter\CodeIgniter->createController()
#5 /home/kuropane/skmodz.kuropanel.shop/vendor/codeigniter4/framework/system/CodeIgniter.php(318): CodeIgniter\CodeIgniter->handleRequest(NULL, Object(Config\Cache), false)
#6 /home/kuropane/skmodz.kuropanel.shop/index.php(37): CodeIgniter\CodeIgniter->run()
#7 {main}
ERROR - 2025-04-19 01:54:10 --> Error connecting to the database: Too many connections
CRITICAL - 2025-04-19 01:54:10 --> Unable to connect to the database.
Main connection [MySQLi]: Too many connections
#0 /home/kuropane/skmodz.kuropanel.shop/vendor/codeigniter4/framework/system/Database/BaseConnection.php(577): CodeIgniter\Database\BaseConnection->initialize()
#1 /home/kuropane/skmodz.kuropanel.shop/vendor/codeigniter4/framework/system/Database/BaseBuilder.php(1443): CodeIgniter\Database\BaseConnection->query('SELECT *\nFROM `...', Array, false)
#2 /home/kuropane/skmodz.kuropanel.shop/vendor/codeigniter4/framework/system/Model.php(723): CodeIgniter\Database\BaseBuilder->get()
#3 /home/kuropane/skmodz.kuropanel.shop/app/Models/KeysModel.php(26): CodeIgniter\Model->__call('get', Array)
#4 /home/kuropane/skmodz.kuropanel.shop/app/Controllers/Connect.php(101): App\Models\KeysModel->getKeysGame(Array)
#5 /home/kuropane/skmodz.kuropanel.shop/app/Controllers/Connect.php(38): App\Controllers\Connect->index_post()
#6 /home/kuropane/skmodz.kuropanel.shop/vendor/codeigniter4/framework/system/CodeIgniter.php(824): App\Controllers\Connect->index()
#7 /home/kuropane/skmodz.kuropanel.shop/vendor/codeigniter4/framework/system/CodeIgniter.php(410): CodeIgniter\CodeIgniter->runController(Object(App\Controllers\Connect))
#8 /home/kuropane/skmodz.kuropanel.shop/vendor/codeigniter4/framework/system/CodeIgniter.php(318): CodeIgniter\CodeIgniter->handleRequest(NULL, Object(Config\Cache), false)
#9 /home/kuropane/skmodz.kuropanel.shop/index.php(37): CodeIgniter\CodeIgniter->run()
#10 {main}
CRITICAL - 2025-04-19 02:15:14 --> mysqli_connect(): (HY000/1040): Too many connections
#0 [internal function]: CodeIgniter\Debug\Exceptions->errorHandler(2, 'mysqli_connect(...', '/home/kuropane/...', 8, Array)
#1 /home/kuropane/skmodz.kuropanel.shop/conn.php(8): mysqli_connect('localhost', 'kuropane_skmodz', 'kuropane_skmodz', 'kuropane_skmodz')
#2 /home/kuropane/skmodz.kuropanel.shop/app/Controllers/Connect.php(13): include('/home/kuropane/...')
#3 /home/kuropane/skmodz.kuropanel.shop/vendor/codeigniter4/framework/system/CodeIgniter.php(801): App\Controllers\Connect->__construct()
#4 /home/kuropane/skmodz.kuropanel.shop/vendor/codeigniter4/framework/system/CodeIgniter.php(401): CodeIgniter\CodeIgniter->createController()
#5 /home/kuropane/skmodz.kuropanel.shop/vendor/codeigniter4/framework/system/CodeIgniter.php(318): CodeIgniter\CodeIgniter->handleRequest(NULL, Object(Config\Cache), false)
#6 /home/kuropane/skmodz.kuropanel.shop/index.php(37): CodeIgniter\CodeIgniter->run()
#7 {main}
CRITICAL - 2025-04-19 02:27:07 --> mysqli_connect(): (08004/1040): Too many connections
#0 [internal function]: CodeIgniter\Debug\Exceptions->errorHandler(2, 'mysqli_connect(...', '/home/kuropane/...', 8, Array)
#1 /home/kuropane/skmodz.kuropanel.shop/conn.php(8): mysqli_connect('localhost', 'kuropane_skmodz', 'kuropane_skmodz', 'kuropane_skmodz')
#2 /home/kuropane/skmodz.kuropanel.shop/app/Controllers/Connect.php(13): include('/home/kuropane/...')
#3 /home/kuropane/skmodz.kuropanel.shop/vendor/codeigniter4/framework/system/CodeIgniter.php(801): App\Controllers\Connect->__construct()
#4 /home/kuropane/skmodz.kuropanel.shop/vendor/codeigniter4/framework/system/CodeIgniter.php(401): CodeIgniter\CodeIgniter->createController()
#5 /home/kuropane/skmodz.kuropanel.shop/vendor/codeigniter4/framework/system/CodeIgniter.php(318): CodeIgniter\CodeIgniter->handleRequest(NULL, Object(Config\Cache), false)
#6 /home/kuropane/skmodz.kuropanel.shop/index.php(37): CodeIgniter\CodeIgniter->run()
#7 {main}
CRITICAL - 2025-04-19 02:28:07 --> mysqli_connect(): (HY000/1040): Too many connections
#0 [internal function]: CodeIgniter\Debug\Exceptions->errorHandler(2, 'mysqli_connect(...', '/home/kuropane/...', 8, Array)
#1 /home/kuropane/skmodz.kuropanel.shop/conn.php(8): mysqli_connect('localhost', 'kuropane_skmodz', 'kuropane_skmodz', 'kuropane_skmodz')
#2 /home/kuropane/skmodz.kuropanel.shop/app/Controllers/Connect.php(13): include('/home/kuropane/...')
#3 /home/kuropane/skmodz.kuropanel.shop/vendor/codeigniter4/framework/system/CodeIgniter.php(801): App\Controllers\Connect->__construct()
#4 /home/kuropane/skmodz.kuropanel.shop/vendor/codeigniter4/framework/system/CodeIgniter.php(401): CodeIgniter\CodeIgniter->createController()
#5 /home/kuropane/skmodz.kuropanel.shop/vendor/codeigniter4/framework/system/CodeIgniter.php(318): CodeIgniter\CodeIgniter->handleRequest(NULL, Object(Config\Cache), false)
#6 /home/kuropane/skmodz.kuropanel.shop/index.php(37): CodeIgniter\CodeIgniter->run()
#7 {main}
CRITICAL - 2025-04-19 02:31:05 --> mysqli_connect(): (HY000/1040): Too many connections
#0 [internal function]: CodeIgniter\Debug\Exceptions->errorHandler(2, 'mysqli_connect(...', '/home/kuropane/...', 8, Array)
#1 /home/kuropane/skmodz.kuropanel.shop/conn.php(8): mysqli_connect('localhost', 'kuropane_skmodz', 'kuropane_skmodz', 'kuropane_skmodz')
#2 /home/kuropane/skmodz.kuropanel.shop/app/Controllers/Connect.php(13): include('/home/kuropane/...')
#3 /home/kuropane/skmodz.kuropanel.shop/vendor/codeigniter4/framework/system/CodeIgniter.php(801): App\Controllers\Connect->__construct()
#4 /home/kuropane/skmodz.kuropanel.shop/vendor/codeigniter4/framework/system/CodeIgniter.php(401): CodeIgniter\CodeIgniter->createController()
#5 /home/kuropane/skmodz.kuropanel.shop/vendor/codeigniter4/framework/system/CodeIgniter.php(318): CodeIgniter\CodeIgniter->handleRequest(NULL, Object(Config\Cache), false)
#6 /home/kuropane/skmodz.kuropanel.shop/index.php(37): CodeIgniter\CodeIgniter->run()
#7 {main}
CRITICAL - 2025-04-19 02:35:12 --> mysqli_connect(): (HY000/1040): Too many connections
#0 [internal function]: CodeIgniter\Debug\Exceptions->errorHandler(2, 'mysqli_connect(...', '/home/kuropane/...', 8, Array)
#1 /home/kuropane/skmodz.kuropanel.shop/conn.php(8): mysqli_connect('localhost', 'kuropane_skmodz', 'kuropane_skmodz', 'kuropane_skmodz')
#2 /home/kuropane/skmodz.kuropanel.shop/app/Controllers/Connect.php(13): include('/home/kuropane/...')
#3 /home/kuropane/skmodz.kuropanel.shop/vendor/codeigniter4/framework/system/CodeIgniter.php(801): App\Controllers\Connect->__construct()
#4 /home/kuropane/skmodz.kuropanel.shop/vendor/codeigniter4/framework/system/CodeIgniter.php(401): CodeIgniter\CodeIgniter->createController()
#5 /home/kuropane/skmodz.kuropanel.shop/vendor/codeigniter4/framework/system/CodeIgniter.php(318): CodeIgniter\CodeIgniter->handleRequest(NULL, Object(Config\Cache), false)
#6 /home/kuropane/skmodz.kuropanel.shop/index.php(37): CodeIgniter\CodeIgniter->run()
#7 {main}
CRITICAL - 2025-04-19 02:37:06 --> mysqli_connect(): (HY000/1040): Too many connections
#0 [internal function]: CodeIgniter\Debug\Exceptions->errorHandler(2, 'mysqli_connect(...', '/home/kuropane/...', 8, Array)
#1 /home/kuropane/skmodz.kuropanel.shop/conn.php(8): mysqli_connect('localhost', 'kuropane_skmodz', 'kuropane_skmodz', 'kuropane_skmodz')
#2 /home/kuropane/skmodz.kuropanel.shop/app/Controllers/Connect.php(13): include('/home/kuropane/...')
#3 /home/kuropane/skmodz.kuropanel.shop/vendor/codeigniter4/framework/system/CodeIgniter.php(801): App\Controllers\Connect->__construct()
#4 /home/kuropane/skmodz.kuropanel.shop/vendor/codeigniter4/framework/system/CodeIgniter.php(401): CodeIgniter\CodeIgniter->createController()
#5 /home/kuropane/skmodz.kuropanel.shop/vendor/codeigniter4/framework/system/CodeIgniter.php(318): CodeIgniter\CodeIgniter->handleRequest(NULL, Object(Config\Cache), false)
#6 /home/kuropane/skmodz.kuropanel.shop/index.php(37): CodeIgniter\CodeIgniter->run()
#7 {main}
CRITICAL - 2025-04-19 02:39:05 --> mysqli_connect(): (HY000/1040): Too many connections
#0 [internal function]: CodeIgniter\Debug\Exceptions->errorHandler(2, 'mysqli_connect(...', '/home/kuropane/...', 8, Array)
#1 /home/kuropane/skmodz.kuropanel.shop/conn.php(8): mysqli_connect('localhost', 'kuropane_skmodz', 'kuropane_skmodz', 'kuropane_skmodz')
#2 /home/kuropane/skmodz.kuropanel.shop/app/Controllers/Connect.php(13): include('/home/kuropane/...')
#3 /home/kuropane/skmodz.kuropanel.shop/vendor/codeigniter4/framework/system/CodeIgniter.php(801): App\Controllers\Connect->__construct()
#4 /home/kuropane/skmodz.kuropanel.shop/vendor/codeigniter4/framework/system/CodeIgniter.php(401): CodeIgniter\CodeIgniter->createController()
#5 /home/kuropane/skmodz.kuropanel.shop/vendor/codeigniter4/framework/system/CodeIgniter.php(318): CodeIgniter\CodeIgniter->handleRequest(NULL, Object(Config\Cache), false)
#6 /home/kuropane/skmodz.kuropanel.shop/index.php(37): CodeIgniter\CodeIgniter->run()
#7 {main}
CRITICAL - 2025-04-19 02:45:10 --> mysqli_connect(): (HY000/1040): Too many connections
#0 [internal function]: CodeIgniter\Debug\Exceptions->errorHandler(2, 'mysqli_connect(...', '/home/kuropane/...', 8, Array)
#1 /home/kuropane/skmodz.kuropanel.shop/conn.php(8): mysqli_connect('localhost', 'kuropane_skmodz', 'kuropane_skmodz', 'kuropane_skmodz')
#2 /home/kuropane/skmodz.kuropanel.shop/app/Controllers/Connect.php(13): include('/home/kuropane/...')
#3 /home/kuropane/skmodz.kuropanel.shop/vendor/codeigniter4/framework/system/CodeIgniter.php(801): App\Controllers\Connect->__construct()
#4 /home/kuropane/skmodz.kuropanel.shop/vendor/codeigniter4/framework/system/CodeIgniter.php(401): CodeIgniter\CodeIgniter->createController()
#5 /home/kuropane/skmodz.kuropanel.shop/vendor/codeigniter4/framework/system/CodeIgniter.php(318): CodeIgniter\CodeIgniter->handleRequest(NULL, Object(Config\Cache), false)
#6 /home/kuropane/skmodz.kuropanel.shop/index.php(37): CodeIgniter\CodeIgniter->run()
#7 {main}
CRITICAL - 2025-04-19 02:46:06 --> mysqli_connect(): (HY000/1040): Too many connections
#0 [internal function]: CodeIgniter\Debug\Exceptions->errorHandler(2, 'mysqli_connect(...', '/home/kuropane/...', 8, Array)
#1 /home/kuropane/skmodz.kuropanel.shop/conn.php(8): mysqli_connect('localhost', 'kuropane_skmodz', 'kuropane_skmodz', 'kuropane_skmodz')
#2 /home/kuropane/skmodz.kuropanel.shop/app/Controllers/Connect.php(13): include('/home/kuropane/...')
#3 /home/kuropane/skmodz.kuropanel.shop/vendor/codeigniter4/framework/system/CodeIgniter.php(801): App\Controllers\Connect->__construct()
#4 /home/kuropane/skmodz.kuropanel.shop/vendor/codeigniter4/framework/system/CodeIgniter.php(401): CodeIgniter\CodeIgniter->createController()
#5 /home/kuropane/skmodz.kuropanel.shop/vendor/codeigniter4/framework/system/CodeIgniter.php(318): CodeIgniter\CodeIgniter->handleRequest(NULL, Object(Config\Cache), false)
#6 /home/kuropane/skmodz.kuropanel.shop/index.php(37): CodeIgniter\CodeIgniter->run()
#7 {main}
CRITICAL - 2025-04-19 02:54:06 --> mysqli_connect(): (08004/1040): Too many connections
#0 [internal function]: CodeIgniter\Debug\Exceptions->errorHandler(2, 'mysqli_connect(...', '/home/kuropane/...', 8, Array)
#1 /home/kuropane/skmodz.kuropanel.shop/conn.php(8): mysqli_connect('localhost', 'kuropane_skmodz', 'kuropane_skmodz', 'kuropane_skmodz')
#2 /home/kuropane/skmodz.kuropanel.shop/app/Controllers/Connect.php(13): include('/home/kuropane/...')
#3 /home/kuropane/skmodz.kuropanel.shop/vendor/codeigniter4/framework/system/CodeIgniter.php(801): App\Controllers\Connect->__construct()
#4 /home/kuropane/skmodz.kuropanel.shop/vendor/codeigniter4/framework/system/CodeIgniter.php(401): CodeIgniter\CodeIgniter->createController()
#5 /home/kuropane/skmodz.kuropanel.shop/vendor/codeigniter4/framework/system/CodeIgniter.php(318): CodeIgniter\CodeIgniter->handleRequest(NULL, Object(Config\Cache), false)
#6 /home/kuropane/skmodz.kuropanel.shop/index.php(37): CodeIgniter\CodeIgniter->run()
#7 {main}
CRITICAL - 2025-04-19 02:59:05 --> mysqli_connect(): (HY000/1040): Too many connections
#0 [internal function]: CodeIgniter\Debug\Exceptions->errorHandler(2, 'mysqli_connect(...', '/home/kuropane/...', 8, Array)
#1 /home/kuropane/skmodz.kuropanel.shop/conn.php(8): mysqli_connect('localhost', 'kuropane_skmodz', 'kuropane_skmodz', 'kuropane_skmodz')
#2 /home/kuropane/skmodz.kuropanel.shop/app/Controllers/Connect.php(13): include('/home/kuropane/...')
#3 /home/kuropane/skmodz.kuropanel.shop/vendor/codeigniter4/framework/system/CodeIgniter.php(801): App\Controllers\Connect->__construct()
#4 /home/kuropane/skmodz.kuropanel.shop/vendor/codeigniter4/framework/system/CodeIgniter.php(401): CodeIgniter\CodeIgniter->createController()
#5 /home/kuropane/skmodz.kuropanel.shop/vendor/codeigniter4/framework/system/CodeIgniter.php(318): CodeIgniter\CodeIgniter->handleRequest(NULL, Object(Config\Cache), false)
#6 /home/kuropane/skmodz.kuropanel.shop/index.php(37): CodeIgniter\CodeIgniter->run()
#7 {main}
CRITICAL - 2025-04-19 05:45:10 --> Too many connections
#0 /home/kuropane/skmodz.kuropanel.shop/conn.php(8): mysqli_connect('localhost', 'kuropane_skmodz', 'kuropane_skmodz', 'kuropane_skmodz')
#1 /home/kuropane/skmodz.kuropanel.shop/app/Controllers/Connect.php(153): include('/home/kuropane/...')
#2 /home/kuropane/skmodz.kuropanel.shop/app/Controllers/Connect.php(38): App\Controllers\Connect->index_post()
#3 /home/kuropane/skmodz.kuropanel.shop/vendor/codeigniter4/framework/system/CodeIgniter.php(824): App\Controllers\Connect->index()
#4 /home/kuropane/skmodz.kuropanel.shop/vendor/codeigniter4/framework/system/CodeIgniter.php(410): CodeIgniter\CodeIgniter->runController(Object(App\Controllers\Connect))
#5 /home/kuropane/skmodz.kuropanel.shop/vendor/codeigniter4/framework/system/CodeIgniter.php(318): CodeIgniter\CodeIgniter->handleRequest(NULL, Object(Config\Cache), false)
#6 /home/kuropane/skmodz.kuropanel.shop/index.php(37): CodeIgniter\CodeIgniter->run()
#7 {main}
CRITICAL - 2025-04-19 10:48:08 --> mysqli_connect(): (HY000/1040): Too many connections
#0 [internal function]: CodeIgniter\Debug\Exceptions->errorHandler(2, 'mysqli_connect(...', '/home/kuropane/...', 8, Array)
#1 /home/kuropane/skmodz.kuropanel.shop/conn.php(8): mysqli_connect('localhost', 'kuropane_skmodz', 'kuropane_skmodz', 'kuropane_skmodz')
#2 /home/kuropane/skmodz.kuropanel.shop/app/Controllers/Connect.php(13): include('/home/kuropane/...')
#3 /home/kuropane/skmodz.kuropanel.shop/vendor/codeigniter4/framework/system/CodeIgniter.php(801): App\Controllers\Connect->__construct()
#4 /home/kuropane/skmodz.kuropanel.shop/vendor/codeigniter4/framework/system/CodeIgniter.php(401): CodeIgniter\CodeIgniter->createController()
#5 /home/kuropane/skmodz.kuropanel.shop/vendor/codeigniter4/framework/system/CodeIgniter.php(318): CodeIgniter\CodeIgniter->handleRequest(NULL, Object(Config\Cache), false)
#6 /home/kuropane/skmodz.kuropanel.shop/index.php(37): CodeIgniter\CodeIgniter->run()
#7 {main}
ERROR - 2025-04-19 11:10:11 --> Error connecting to the database: Too many connections
CRITICAL - 2025-04-19 11:10:11 --> Unable to connect to the database.
Main connection [MySQLi]: Too many connections
#0 /home/kuropane/skmodz.kuropanel.shop/vendor/codeigniter4/framework/system/Database/BaseConnection.php(577): CodeIgniter\Database\BaseConnection->initialize()
#1 /home/kuropane/skmodz.kuropanel.shop/vendor/codeigniter4/framework/system/Database/BaseBuilder.php(1443): CodeIgniter\Database\BaseConnection->query('SELECT *\nFROM `...', Array, false)
#2 /home/kuropane/skmodz.kuropanel.shop/vendor/codeigniter4/framework/system/Model.php(723): CodeIgniter\Database\BaseBuilder->get()
#3 /home/kuropane/skmodz.kuropanel.shop/app/Models/KeysModel.php(26): CodeIgniter\Model->__call('get', Array)
#4 /home/kuropane/skmodz.kuropanel.shop/app/Controllers/Connect.php(101): App\Models\KeysModel->getKeysGame(Array)
#5 /home/kuropane/skmodz.kuropanel.shop/app/Controllers/Connect.php(38): App\Controllers\Connect->index_post()
#6 /home/kuropane/skmodz.kuropanel.shop/vendor/codeigniter4/framework/system/CodeIgniter.php(824): App\Controllers\Connect->index()
#7 /home/kuropane/skmodz.kuropanel.shop/vendor/codeigniter4/framework/system/CodeIgniter.php(410): CodeIgniter\CodeIgniter->runController(Object(App\Controllers\Connect))
#8 /home/kuropane/skmodz.kuropanel.shop/vendor/codeigniter4/framework/system/CodeIgniter.php(318): CodeIgniter\CodeIgniter->handleRequest(NULL, Object(Config\Cache), false)
#9 /home/kuropane/skmodz.kuropanel.shop/index.php(37): CodeIgniter\CodeIgniter->run()
#10 {main}
CRITICAL - 2025-04-19 12:10:08 --> mysqli_connect(): (HY000/1040): Too many connections
#0 [internal function]: CodeIgniter\Debug\Exceptions->errorHandler(2, 'mysqli_connect(...', '/home/kuropane/...', 8, Array)
#1 /home/kuropane/skmodz.kuropanel.shop/conn.php(8): mysqli_connect('localhost', 'kuropane_skmodz', 'kuropane_skmodz', 'kuropane_skmodz')
#2 /home/kuropane/skmodz.kuropanel.shop/app/Controllers/Connect.php(13): include('/home/kuropane/...')
#3 /home/kuropane/skmodz.kuropanel.shop/vendor/codeigniter4/framework/system/CodeIgniter.php(801): App\Controllers\Connect->__construct()
#4 /home/kuropane/skmodz.kuropanel.shop/vendor/codeigniter4/framework/system/CodeIgniter.php(401): CodeIgniter\CodeIgniter->createController()
#5 /home/kuropane/skmodz.kuropanel.shop/vendor/codeigniter4/framework/system/CodeIgniter.php(318): CodeIgniter\CodeIgniter->handleRequest(NULL, Object(Config\Cache), false)
#6 /home/kuropane/skmodz.kuropanel.shop/index.php(37): CodeIgniter\CodeIgniter->run()
#7 {main}
CRITICAL - 2025-04-19 12:11:06 --> mysqli_connect(): (08004/1040): Too many connections
#0 [internal function]: CodeIgniter\Debug\Exceptions->errorHandler(2, 'mysqli_connect(...', '/home/kuropane/...', 8, Array)
#1 /home/kuropane/skmodz.kuropanel.shop/conn.php(8): mysqli_connect('localhost', 'kuropane_skmodz', 'kuropane_skmodz', 'kuropane_skmodz')
#2 /home/kuropane/skmodz.kuropanel.shop/app/Controllers/Connect.php(13): include('/home/kuropane/...')
#3 /home/kuropane/skmodz.kuropanel.shop/vendor/codeigniter4/framework/system/CodeIgniter.php(801): App\Controllers\Connect->__construct()
#4 /home/kuropane/skmodz.kuropanel.shop/vendor/codeigniter4/framework/system/CodeIgniter.php(401): CodeIgniter\CodeIgniter->createController()
#5 /home/kuropane/skmodz.kuropanel.shop/vendor/codeigniter4/framework/system/CodeIgniter.php(318): CodeIgniter\CodeIgniter->handleRequest(NULL, Object(Config\Cache), false)
#6 /home/kuropane/skmodz.kuropanel.shop/index.php(37): CodeIgniter\CodeIgniter->run()
#7 {main}
CRITICAL - 2025-04-19 12:15:11 --> mysqli_connect(): (HY000/1040): Too many connections
#0 [internal function]: CodeIgniter\Debug\Exceptions->errorHandler(2, 'mysqli_connect(...', '/home/kuropane/...', 8, Array)
#1 /home/kuropane/skmodz.kuropanel.shop/conn.php(8): mysqli_connect('localhost', 'kuropane_skmodz', 'kuropane_skmodz', 'kuropane_skmodz')
#2 /home/kuropane/skmodz.kuropanel.shop/app/Controllers/Connect.php(13): include('/home/kuropane/...')
#3 /home/kuropane/skmodz.kuropanel.shop/vendor/codeigniter4/framework/system/CodeIgniter.php(801): App\Controllers\Connect->__construct()
#4 /home/kuropane/skmodz.kuropanel.shop/vendor/codeigniter4/framework/system/CodeIgniter.php(401): CodeIgniter\CodeIgniter->createController()
#5 /home/kuropane/skmodz.kuropanel.shop/vendor/codeigniter4/framework/system/CodeIgniter.php(318): CodeIgniter\CodeIgniter->handleRequest(NULL, Object(Config\Cache), false)
#6 /home/kuropane/skmodz.kuropanel.shop/index.php(37): CodeIgniter\CodeIgniter->run()
#7 {main}
CRITICAL - 2025-04-19 12:39:10 --> mysqli_connect(): (HY000/1040): Too many connections
#0 [internal function]: CodeIgniter\Debug\Exceptions->errorHandler(2, 'mysqli_connect(...', '/home/kuropane/...', 8, Array)
#1 /home/kuropane/skmodz.kuropanel.shop/conn.php(8): mysqli_connect('localhost', 'kuropane_skmodz', 'kuropane_skmodz', 'kuropane_skmodz')
#2 /home/kuropane/skmodz.kuropanel.shop/app/Controllers/Connect.php(13): include('/home/kuropane/...')
#3 /home/kuropane/skmodz.kuropanel.shop/vendor/codeigniter4/framework/system/CodeIgniter.php(801): App\Controllers\Connect->__construct()
#4 /home/kuropane/skmodz.kuropanel.shop/vendor/codeigniter4/framework/system/CodeIgniter.php(401): CodeIgniter\CodeIgniter->createController()
#5 /home/kuropane/skmodz.kuropanel.shop/vendor/codeigniter4/framework/system/CodeIgniter.php(318): CodeIgniter\CodeIgniter->handleRequest(NULL, Object(Config\Cache), false)
#6 /home/kuropane/skmodz.kuropanel.shop/index.php(37): CodeIgniter\CodeIgniter->run()
#7 {main}
CRITICAL - 2025-04-19 12:45:12 --> mysqli_connect(): (HY000/1040): Too many connections
#0 [internal function]: CodeIgniter\Debug\Exceptions->errorHandler(2, 'mysqli_connect(...', '/home/kuropane/...', 8, Array)
#1 /home/kuropane/skmodz.kuropanel.shop/conn.php(8): mysqli_connect('localhost', 'kuropane_skmodz', 'kuropane_skmodz', 'kuropane_skmodz')
#2 /home/kuropane/skmodz.kuropanel.shop/app/Controllers/Connect.php(13): include('/home/kuropane/...')
#3 /home/kuropane/skmodz.kuropanel.shop/vendor/codeigniter4/framework/system/CodeIgniter.php(801): App\Controllers\Connect->__construct()
#4 /home/kuropane/skmodz.kuropanel.shop/vendor/codeigniter4/framework/system/CodeIgniter.php(401): CodeIgniter\CodeIgniter->createController()
#5 /home/kuropane/skmodz.kuropanel.shop/vendor/codeigniter4/framework/system/CodeIgniter.php(318): CodeIgniter\CodeIgniter->handleRequest(NULL, Object(Config\Cache), false)
#6 /home/kuropane/skmodz.kuropanel.shop/index.php(37): CodeIgniter\CodeIgniter->run()
#7 {main}
CRITICAL - 2025-04-19 12:47:05 --> mysqli_connect(): (HY000/1040): Too many connections
#0 [internal function]: CodeIgniter\Debug\Exceptions->errorHandler(2, 'mysqli_connect(...', '/home/kuropane/...', 8, Array)
#1 /home/kuropane/skmodz.kuropanel.shop/conn.php(8): mysqli_connect('localhost', 'kuropane_skmodz', 'kuropane_skmodz', 'kuropane_skmodz')
#2 /home/kuropane/skmodz.kuropanel.shop/app/Controllers/Connect.php(13): include('/home/kuropane/...')
#3 /home/kuropane/skmodz.kuropanel.shop/vendor/codeigniter4/framework/system/CodeIgniter.php(801): App\Controllers\Connect->__construct()
#4 /home/kuropane/skmodz.kuropanel.shop/vendor/codeigniter4/framework/system/CodeIgniter.php(401): CodeIgniter\CodeIgniter->createController()
#5 /home/kuropane/skmodz.kuropanel.shop/vendor/codeigniter4/framework/system/CodeIgniter.php(318): CodeIgniter\CodeIgniter->handleRequest(NULL, Object(Config\Cache), false)
#6 /home/kuropane/skmodz.kuropanel.shop/index.php(37): CodeIgniter\CodeIgniter->run()
#7 {main}
CRITICAL - 2025-04-19 12:57:05 --> mysqli_connect(): (HY000/1040): Too many connections
#0 [internal function]: CodeIgniter\Debug\Exceptions->errorHandler(2, 'mysqli_connect(...', '/home/kuropane/...', 8, Array)
#1 /home/kuropane/skmodz.kuropanel.shop/conn.php(8): mysqli_connect('localhost', 'kuropane_skmodz', 'kuropane_skmodz', 'kuropane_skmodz')
#2 /home/kuropane/skmodz.kuropanel.shop/app/Controllers/Connect.php(13): include('/home/kuropane/...')
#3 /home/kuropane/skmodz.kuropanel.shop/vendor/codeigniter4/framework/system/CodeIgniter.php(801): App\Controllers\Connect->__construct()
#4 /home/kuropane/skmodz.kuropanel.shop/vendor/codeigniter4/framework/system/CodeIgniter.php(401): CodeIgniter\CodeIgniter->createController()
#5 /home/kuropane/skmodz.kuropanel.shop/vendor/codeigniter4/framework/system/CodeIgniter.php(318): CodeIgniter\CodeIgniter->handleRequest(NULL, Object(Config\Cache), false)
#6 /home/kuropane/skmodz.kuropanel.shop/index.php(37): CodeIgniter\CodeIgniter->run()
#7 {main}
CRITICAL - 2025-04-19 13:00:14 --> mysqli_connect(): (HY000/1040): Too many connections
#0 [internal function]: CodeIgniter\Debug\Exceptions->errorHandler(2, 'mysqli_connect(...', '/home/kuropane/...', 8, Array)
#1 /home/kuropane/skmodz.kuropanel.shop/conn.php(8): mysqli_connect('localhost', 'kuropane_skmodz', 'kuropane_skmodz', 'kuropane_skmodz')
#2 /home/kuropane/skmodz.kuropanel.shop/app/Controllers/Connect.php(13): include('/home/kuropane/...')
#3 /home/kuropane/skmodz.kuropanel.shop/vendor/codeigniter4/framework/system/CodeIgniter.php(801): App\Controllers\Connect->__construct()
#4 /home/kuropane/skmodz.kuropanel.shop/vendor/codeigniter4/framework/system/CodeIgniter.php(401): CodeIgniter\CodeIgniter->createController()
#5 /home/kuropane/skmodz.kuropanel.shop/vendor/codeigniter4/framework/system/CodeIgniter.php(318): CodeIgniter\CodeIgniter->handleRequest(NULL, Object(Config\Cache), false)
#6 /home/kuropane/skmodz.kuropanel.shop/index.php(37): CodeIgniter\CodeIgniter->run()
#7 {main}
CRITICAL - 2025-04-19 13:05:11 --> mysqli_connect(): (HY000/1040): Too many connections
#0 [internal function]: CodeIgniter\Debug\Exceptions->errorHandler(2, 'mysqli_connect(...', '/home/kuropane/...', 8, Array)
#1 /home/kuropane/skmodz.kuropanel.shop/conn.php(8): mysqli_connect('localhost', 'kuropane_skmodz', 'kuropane_skmodz', 'kuropane_skmodz')
#2 /home/kuropane/skmodz.kuropanel.shop/app/Controllers/Connect.php(13): include('/home/kuropane/...')
#3 /home/kuropane/skmodz.kuropanel.shop/vendor/codeigniter4/framework/system/CodeIgniter.php(801): App\Controllers\Connect->__construct()
#4 /home/kuropane/skmodz.kuropanel.shop/vendor/codeigniter4/framework/system/CodeIgniter.php(401): CodeIgniter\CodeIgniter->createController()
#5 /home/kuropane/skmodz.kuropanel.shop/vendor/codeigniter4/framework/system/CodeIgniter.php(318): CodeIgniter\CodeIgniter->handleRequest(NULL, Object(Config\Cache), false)
#6 /home/kuropane/skmodz.kuropanel.shop/index.php(37): CodeIgniter\CodeIgniter->run()
#7 {main}
ERROR - 2025-04-19 15:06:06 --> Error connecting to the database: Too many connections
CRITICAL - 2025-04-19 15:06:06 --> Unable to connect to the database.
Main connection [MySQLi]: Too many connections
#0 /home/kuropane/skmodz.kuropanel.shop/vendor/codeigniter4/framework/system/Database/BaseConnection.php(577): CodeIgniter\Database\BaseConnection->initialize()
#1 /home/kuropane/skmodz.kuropanel.shop/vendor/codeigniter4/framework/system/Database/BaseBuilder.php(1443): CodeIgniter\Database\BaseConnection->query('SELECT *\nFROM `...', Array, false)
#2 /home/kuropane/skmodz.kuropanel.shop/vendor/codeigniter4/framework/system/Model.php(723): CodeIgniter\Database\BaseBuilder->get()
#3 /home/kuropane/skmodz.kuropanel.shop/app/Models/KeysModel.php(26): CodeIgniter\Model->__call('get', Array)
#4 /home/kuropane/skmodz.kuropanel.shop/app/Controllers/Connect.php(101): App\Models\KeysModel->getKeysGame(Array)
#5 /home/kuropane/skmodz.kuropanel.shop/app/Controllers/Connect.php(38): App\Controllers\Connect->index_post()
#6 /home/kuropane/skmodz.kuropanel.shop/vendor/codeigniter4/framework/system/CodeIgniter.php(824): App\Controllers\Connect->index()
#7 /home/kuropane/skmodz.kuropanel.shop/vendor/codeigniter4/framework/system/CodeIgniter.php(410): CodeIgniter\CodeIgniter->runController(Object(App\Controllers\Connect))
#8 /home/kuropane/skmodz.kuropanel.shop/vendor/codeigniter4/framework/system/CodeIgniter.php(318): CodeIgniter\CodeIgniter->handleRequest(NULL, Object(Config\Cache), false)
#9 /home/kuropane/skmodz.kuropanel.shop/index.php(37): CodeIgniter\CodeIgniter->run()
#10 {main}
CRITICAL - 2025-04-19 16:25:12 --> mysqli_connect(): (08004/1040): Too many connections
#0 [internal function]: CodeIgniter\Debug\Exceptions->errorHandler(2, 'mysqli_connect(...', '/home/kuropane/...', 8, Array)
#1 /home/kuropane/skmodz.kuropanel.shop/conn.php(8): mysqli_connect('localhost', 'kuropane_skmodz', 'kuropane_skmodz', 'kuropane_skmodz')
#2 /home/kuropane/skmodz.kuropanel.shop/app/Controllers/Connect.php(13): include('/home/kuropane/...')
#3 /home/kuropane/skmodz.kuropanel.shop/vendor/codeigniter4/framework/system/CodeIgniter.php(801): App\Controllers\Connect->__construct()
#4 /home/kuropane/skmodz.kuropanel.shop/vendor/codeigniter4/framework/system/CodeIgniter.php(401): CodeIgniter\CodeIgniter->createController()
#5 /home/kuropane/skmodz.kuropanel.shop/vendor/codeigniter4/framework/system/CodeIgniter.php(318): CodeIgniter\CodeIgniter->handleRequest(NULL, Object(Config\Cache), false)
#6 /home/kuropane/skmodz.kuropanel.shop/index.php(37): CodeIgniter\CodeIgniter->run()
#7 {main}
CRITICAL - 2025-04-19 18:00:16 --> mysqli_connect(): (HY000/2002): Can't connect to local MySQL server through socket '/var/lib/mysql/mysql.sock' (2)
#0 [internal function]: CodeIgniter\Debug\Exceptions->errorHandler(2, 'mysqli_connect(...', '/home/kuropane/...', 8, Array)
#1 /home/kuropane/skmodz.kuropanel.shop/conn.php(8): mysqli_connect('localhost', 'kuropane_skmodz', 'kuropane_skmodz', 'kuropane_skmodz')
#2 /home/kuropane/skmodz.kuropanel.shop/app/Controllers/Connect.php(13): include('/home/kuropane/...')
#3 /home/kuropane/skmodz.kuropanel.shop/vendor/codeigniter4/framework/system/CodeIgniter.php(801): App\Controllers\Connect->__construct()
#4 /home/kuropane/skmodz.kuropanel.shop/vendor/codeigniter4/framework/system/CodeIgniter.php(401): CodeIgniter\CodeIgniter->createController()
#5 /home/kuropane/skmodz.kuropanel.shop/vendor/codeigniter4/framework/system/CodeIgniter.php(318): CodeIgniter\CodeIgniter->handleRequest(NULL, Object(Config\Cache), false)
#6 /home/kuropane/skmodz.kuropanel.shop/index.php(37): CodeIgniter\CodeIgniter->run()
#7 {main}
CRITICAL - 2025-04-19 18:18:05 --> mysqli_connect(): (HY000/1040): Too many connections
#0 [internal function]: CodeIgniter\Debug\Exceptions->errorHandler(2, 'mysqli_connect(...', '/home/kuropane/...', 8, Array)
#1 /home/kuropane/skmodz.kuropanel.shop/conn.php(8): mysqli_connect('localhost', 'kuropane_skmodz', 'kuropane_skmodz', 'kuropane_skmodz')
#2 /home/kuropane/skmodz.kuropanel.shop/app/Controllers/Connect.php(13): include('/home/kuropane/...')
#3 /home/kuropane/skmodz.kuropanel.shop/vendor/codeigniter4/framework/system/CodeIgniter.php(801): App\Controllers\Connect->__construct()
#4 /home/kuropane/skmodz.kuropanel.shop/vendor/codeigniter4/framework/system/CodeIgniter.php(401): CodeIgniter\CodeIgniter->createController()
#5 /home/kuropane/skmodz.kuropanel.shop/vendor/codeigniter4/framework/system/CodeIgniter.php(318): CodeIgniter\CodeIgniter->handleRequest(NULL, Object(Config\Cache), false)
#6 /home/kuropane/skmodz.kuropanel.shop/index.php(37): CodeIgniter\CodeIgniter->run()
#7 {main}
CRITICAL - 2025-04-19 18:20:09 --> mysqli_connect(): (08004/1040): Too many connections
#0 [internal function]: CodeIgniter\Debug\Exceptions->errorHandler(2, 'mysqli_connect(...', '/home/kuropane/...', 8, Array)
#1 /home/kuropane/skmodz.kuropanel.shop/conn.php(8): mysqli_connect('localhost', 'kuropane_skmodz', 'kuropane_skmodz', 'kuropane_skmodz')
#2 /home/kuropane/skmodz.kuropanel.shop/app/Controllers/Connect.php(13): include('/home/kuropane/...')
#3 /home/kuropane/skmodz.kuropanel.shop/vendor/codeigniter4/framework/system/CodeIgniter.php(801): App\Controllers\Connect->__construct()
#4 /home/kuropane/skmodz.kuropanel.shop/vendor/codeigniter4/framework/system/CodeIgniter.php(401): CodeIgniter\CodeIgniter->createController()
#5 /home/kuropane/skmodz.kuropanel.shop/vendor/codeigniter4/framework/system/CodeIgniter.php(318): CodeIgniter\CodeIgniter->handleRequest(NULL, Object(Config\Cache), false)
#6 /home/kuropane/skmodz.kuropanel.shop/index.php(37): CodeIgniter\CodeIgniter->run()
#7 {main}
ERROR - 2025-04-19 19:30:34 --> Error connecting to the database: Too many connections
CRITICAL - 2025-04-19 19:30:34 --> Unable to connect to the database.
Main connection [MySQLi]: Too many connections
#0 /home/kuropane/skmodz.kuropanel.shop/vendor/codeigniter4/framework/system/Database/BaseConnection.php(577): CodeIgniter\Database\BaseConnection->initialize()
#1 /home/kuropane/skmodz.kuropanel.shop/vendor/codeigniter4/framework/system/Database/BaseBuilder.php(1443): CodeIgniter\Database\BaseConnection->query('SELECT *\nFROM `...', Array, false)
#2 /home/kuropane/skmodz.kuropanel.shop/vendor/codeigniter4/framework/system/Model.php(723): CodeIgniter\Database\BaseBuilder->get()
#3 /home/kuropane/skmodz.kuropanel.shop/app/Models/KeysModel.php(26): CodeIgniter\Model->__call('get', Array)
#4 /home/kuropane/skmodz.kuropanel.shop/app/Controllers/Connect.php(101): App\Models\KeysModel->getKeysGame(Array)
#5 /home/kuropane/skmodz.kuropanel.shop/app/Controllers/Connect.php(38): App\Controllers\Connect->index_post()
#6 /home/kuropane/skmodz.kuropanel.shop/vendor/codeigniter4/framework/system/CodeIgniter.php(824): App\Controllers\Connect->index()
#7 /home/kuropane/skmodz.kuropanel.shop/vendor/codeigniter4/framework/system/CodeIgniter.php(410): CodeIgniter\CodeIgniter->runController(Object(App\Controllers\Connect))
#8 /home/kuropane/skmodz.kuropanel.shop/vendor/codeigniter4/framework/system/CodeIgniter.php(318): CodeIgniter\CodeIgniter->handleRequest(NULL, Object(Config\Cache), false)
#9 /home/kuropane/skmodz.kuropanel.shop/index.php(37): CodeIgniter\CodeIgniter->run()
#10 {main}
CRITICAL - 2025-04-19 20:15:12 --> mysqli_connect(): (HY000/1040): Too many connections
#0 [internal function]: CodeIgniter\Debug\Exceptions->errorHandler(2, 'mysqli_connect(...', '/home/kuropane/...', 8, Array)
#1 /home/kuropane/skmodz.kuropanel.shop/conn.php(8): mysqli_connect('localhost', 'kuropane_skmodz', 'kuropane_skmodz', 'kuropane_skmodz')
#2 /home/kuropane/skmodz.kuropanel.shop/app/Controllers/Connect.php(13): include('/home/kuropane/...')
#3 /home/kuropane/skmodz.kuropanel.shop/vendor/codeigniter4/framework/system/CodeIgniter.php(801): App\Controllers\Connect->__construct()
#4 /home/kuropane/skmodz.kuropanel.shop/vendor/codeigniter4/framework/system/CodeIgniter.php(401): CodeIgniter\CodeIgniter->createController()
#5 /home/kuropane/skmodz.kuropanel.shop/vendor/codeigniter4/framework/system/CodeIgniter.php(318): CodeIgniter\CodeIgniter->handleRequest(NULL, Object(Config\Cache), false)
#6 /home/kuropane/skmodz.kuropanel.shop/index.php(37): CodeIgniter\CodeIgniter->run()
#7 {main}
CRITICAL - 2025-04-19 20:18:09 --> mysqli_connect(): (08004/1040): Too many connections
#0 [internal function]: CodeIgniter\Debug\Exceptions->errorHandler(2, 'mysqli_connect(...', '/home/kuropane/...', 8, Array)
#1 /home/kuropane/skmodz.kuropanel.shop/conn.php(8): mysqli_connect('localhost', 'kuropane_skmodz', 'kuropane_skmodz', 'kuropane_skmodz')
#2 /home/kuropane/skmodz.kuropanel.shop/app/Controllers/Connect.php(13): include('/home/kuropane/...')
#3 /home/kuropane/skmodz.kuropanel.shop/vendor/codeigniter4/framework/system/CodeIgniter.php(801): App\Controllers\Connect->__construct()
#4 /home/kuropane/skmodz.kuropanel.shop/vendor/codeigniter4/framework/system/CodeIgniter.php(401): CodeIgniter\CodeIgniter->createController()
#5 /home/kuropane/skmodz.kuropanel.shop/vendor/codeigniter4/framework/system/CodeIgniter.php(318): CodeIgniter\CodeIgniter->handleRequest(NULL, Object(Config\Cache), false)
#6 /home/kuropane/skmodz.kuropanel.shop/index.php(37): CodeIgniter\CodeIgniter->run()
#7 {main}
CRITICAL - 2025-04-19 20:19:07 --> mysqli_connect(): (HY000/1040): Too many connections
#0 [internal function]: CodeIgniter\Debug\Exceptions->errorHandler(2, 'mysqli_connect(...', '/home/kuropane/...', 8, Array)
#1 /home/kuropane/skmodz.kuropanel.shop/conn.php(8): mysqli_connect('localhost', 'kuropane_skmodz', 'kuropane_skmodz', 'kuropane_skmodz')
#2 /home/kuropane/skmodz.kuropanel.shop/app/Controllers/Connect.php(13): include('/home/kuropane/...')
#3 /home/kuropane/skmodz.kuropanel.shop/vendor/codeigniter4/framework/system/CodeIgniter.php(801): App\Controllers\Connect->__construct()
#4 /home/kuropane/skmodz.kuropanel.shop/vendor/codeigniter4/framework/system/CodeIgniter.php(401): CodeIgniter\CodeIgniter->createController()
#5 /home/kuropane/skmodz.kuropanel.shop/vendor/codeigniter4/framework/system/CodeIgniter.php(318): CodeIgniter\CodeIgniter->handleRequest(NULL, Object(Config\Cache), false)
#6 /home/kuropane/skmodz.kuropanel.shop/index.php(37): CodeIgniter\CodeIgniter->run()
#7 {main}
CRITICAL - 2025-04-19 20:25:09 --> mysqli_connect(): (HY000/1040): Too many connections
#0 [internal function]: CodeIgniter\Debug\Exceptions->errorHandler(2, 'mysqli_connect(...', '/home/kuropane/...', 8, Array)
#1 /home/kuropane/skmodz.kuropanel.shop/conn.php(8): mysqli_connect('localhost', 'kuropane_skmodz', 'kuropane_skmodz', 'kuropane_skmodz')
#2 /home/kuropane/skmodz.kuropanel.shop/app/Controllers/Connect.php(13): include('/home/kuropane/...')
#3 /home/kuropane/skmodz.kuropanel.shop/vendor/codeigniter4/framework/system/CodeIgniter.php(801): App\Controllers\Connect->__construct()
#4 /home/kuropane/skmodz.kuropanel.shop/vendor/codeigniter4/framework/system/CodeIgniter.php(401): CodeIgniter\CodeIgniter->createController()
#5 /home/kuropane/skmodz.kuropanel.shop/vendor/codeigniter4/framework/system/CodeIgniter.php(318): CodeIgniter\CodeIgniter->handleRequest(NULL, Object(Config\Cache), false)
#6 /home/kuropane/skmodz.kuropanel.shop/index.php(37): CodeIgniter\CodeIgniter->run()
#7 {main}
CRITICAL - 2025-04-19 21:40:13 --> mysqli_connect(): (HY000/1040): Too many connections
#0 [internal function]: CodeIgniter\Debug\Exceptions->errorHandler(2, 'mysqli_connect(...', '/home/kuropane/...', 8, Array)
#1 /home/kuropane/skmodz.kuropanel.shop/conn.php(8): mysqli_connect('localhost', 'kuropane_skmodz', 'kuropane_skmodz', 'kuropane_skmodz')
#2 /home/kuropane/skmodz.kuropanel.shop/app/Controllers/Connect.php(13): include('/home/kuropane/...')
#3 /home/kuropane/skmodz.kuropanel.shop/vendor/codeigniter4/framework/system/CodeIgniter.php(801): App\Controllers\Connect->__construct()
#4 /home/kuropane/skmodz.kuropanel.shop/vendor/codeigniter4/framework/system/CodeIgniter.php(401): CodeIgniter\CodeIgniter->createController()
#5 /home/kuropane/skmodz.kuropanel.shop/vendor/codeigniter4/framework/system/CodeIgniter.php(318): CodeIgniter\CodeIgniter->handleRequest(NULL, Object(Config\Cache), false)
#6 /home/kuropane/skmodz.kuropanel.shop/index.php(37): CodeIgniter\CodeIgniter->run()
#7 {main}
ERROR - 2025-04-19 21:45:13 --> Error connecting to the database: Too many connections
CRITICAL - 2025-04-19 21:45:13 --> Unable to connect to the database.
Main connection [MySQLi]: Too many connections
#0 /home/kuropane/skmodz.kuropanel.shop/vendor/codeigniter4/framework/system/Database/BaseConnection.php(577): CodeIgniter\Database\BaseConnection->initialize()
#1 /home/kuropane/skmodz.kuropanel.shop/vendor/codeigniter4/framework/system/Database/BaseBuilder.php(1443): CodeIgniter\Database\BaseConnection->query('SELECT *\nFROM `...', Array, false)
#2 /home/kuropane/skmodz.kuropanel.shop/vendor/codeigniter4/framework/system/Model.php(723): CodeIgniter\Database\BaseBuilder->get()
#3 /home/kuropane/skmodz.kuropanel.shop/app/Models/KeysModel.php(26): CodeIgniter\Model->__call('get', Array)
#4 /home/kuropane/skmodz.kuropanel.shop/app/Controllers/Connect.php(101): App\Models\KeysModel->getKeysGame(Array)
#5 /home/kuropane/skmodz.kuropanel.shop/app/Controllers/Connect.php(38): App\Controllers\Connect->index_post()
#6 /home/kuropane/skmodz.kuropanel.shop/vendor/codeigniter4/framework/system/CodeIgniter.php(824): App\Controllers\Connect->index()
#7 /home/kuropane/skmodz.kuropanel.shop/vendor/codeigniter4/framework/system/CodeIgniter.php(410): CodeIgniter\CodeIgniter->runController(Object(App\Controllers\Connect))
#8 /home/kuropane/skmodz.kuropanel.shop/vendor/codeigniter4/framework/system/CodeIgniter.php(318): CodeIgniter\CodeIgniter->handleRequest(NULL, Object(Config\Cache), false)
#9 /home/kuropane/skmodz.kuropanel.shop/index.php(37): CodeIgniter\CodeIgniter->run()
#10 {main}
CRITICAL - 2025-04-19 21:47:07 --> mysqli_connect(): (HY000/1040): Too many connections
#0 [internal function]: CodeIgniter\Debug\Exceptions->errorHandler(2, 'mysqli_connect(...', '/home/kuropane/...', 8, Array)
#1 /home/kuropane/skmodz.kuropanel.shop/conn.php(8): mysqli_connect('localhost', 'kuropane_skmodz', 'kuropane_skmodz', 'kuropane_skmodz')
#2 /home/kuropane/skmodz.kuropanel.shop/app/Controllers/Connect.php(13): include('/home/kuropane/...')
#3 /home/kuropane/skmodz.kuropanel.shop/vendor/codeigniter4/framework/system/CodeIgniter.php(801): App\Controllers\Connect->__construct()
#4 /home/kuropane/skmodz.kuropanel.shop/vendor/codeigniter4/framework/system/CodeIgniter.php(401): CodeIgniter\CodeIgniter->createController()
#5 /home/kuropane/skmodz.kuropanel.shop/vendor/codeigniter4/framework/system/CodeIgniter.php(318): CodeIgniter\CodeIgniter->handleRequest(NULL, Object(Config\Cache), false)
#6 /home/kuropane/skmodz.kuropanel.shop/index.php(37): CodeIgniter\CodeIgniter->run()
#7 {main}
CRITICAL - 2025-04-19 23:11:05 --> Too many connections
#0 /home/kuropane/skmodz.kuropanel.shop/conn.php(8): mysqli_connect('localhost', 'kuropane_skmodz', 'kuropane_skmodz', 'kuropane_skmodz')
#1 /home/kuropane/skmodz.kuropanel.shop/app/Controllers/Connect.php(153): include('/home/kuropane/...')
#2 /home/kuropane/skmodz.kuropanel.shop/app/Controllers/Connect.php(38): App\Controllers\Connect->index_post()
#3 /home/kuropane/skmodz.kuropanel.shop/vendor/codeigniter4/framework/system/CodeIgniter.php(824): App\Controllers\Connect->index()
#4 /home/kuropane/skmodz.kuropanel.shop/vendor/codeigniter4/framework/system/CodeIgniter.php(410): CodeIgniter\CodeIgniter->runController(Object(App\Controllers\Connect))
#5 /home/kuropane/skmodz.kuropanel.shop/vendor/codeigniter4/framework/system/CodeIgniter.php(318): CodeIgniter\CodeIgniter->handleRequest(NULL, Object(Config\Cache), false)
#6 /home/kuropane/skmodz.kuropanel.shop/index.php(37): CodeIgniter\CodeIgniter->run()
#7 {main}
CRITICAL - 2025-04-19 23:27:07 --> mysqli_connect(): (HY000/1040): Too many connections
#0 [internal function]: CodeIgniter\Debug\Exceptions->errorHandler(2, 'mysqli_connect(...', '/home/kuropane/...', 8, Array)
#1 /home/kuropane/skmodz.kuropanel.shop/conn.php(8): mysqli_connect('localhost', 'kuropane_skmodz', 'kuropane_skmodz', 'kuropane_skmodz')
#2 /home/kuropane/skmodz.kuropanel.shop/app/Controllers/Connect.php(13): include('/home/kuropane/...')
#3 /home/kuropane/skmodz.kuropanel.shop/vendor/codeigniter4/framework/system/CodeIgniter.php(801): App\Controllers\Connect->__construct()
#4 /home/kuropane/skmodz.kuropanel.shop/vendor/codeigniter4/framework/system/CodeIgniter.php(401): CodeIgniter\CodeIgniter->createController()
#5 /home/kuropane/skmodz.kuropanel.shop/vendor/codeigniter4/framework/system/CodeIgniter.php(318): CodeIgniter\CodeIgniter->handleRequest(NULL, Object(Config\Cache), false)
#6 /home/kuropane/skmodz.kuropanel.shop/index.php(37): CodeIgniter\CodeIgniter->run()
#7 {main}
CRITICAL - 2025-04-19 23:30:05 --> mysqli_connect(): (HY000/1040): Too many connections
#0 [internal function]: CodeIgniter\Debug\Exceptions->errorHandler(2, 'mysqli_connect(...', '/home/kuropane/...', 8, Array)
#1 /home/kuropane/skmodz.kuropanel.shop/conn.php(8): mysqli_connect('localhost', 'kuropane_skmodz', 'kuropane_skmodz', 'kuropane_skmodz')
#2 /home/kuropane/skmodz.kuropanel.shop/app/Controllers/Connect.php(13): include('/home/kuropane/...')
#3 /home/kuropane/skmodz.kuropanel.shop/vendor/codeigniter4/framework/system/CodeIgniter.php(801): App\Controllers\Connect->__construct()
#4 /home/kuropane/skmodz.kuropanel.shop/vendor/codeigniter4/framework/system/CodeIgniter.php(401): CodeIgniter\CodeIgniter->createController()
#5 /home/kuropane/skmodz.kuropanel.shop/vendor/codeigniter4/framework/system/CodeIgniter.php(318): CodeIgniter\CodeIgniter->handleRequest(NULL, Object(Config\Cache), false)
#6 /home/kuropane/skmodz.kuropanel.shop/index.php(37): CodeIgniter\CodeIgniter->run()
#7 {main}
CRITICAL - 2025-04-19 23:38:32 --> mysqli_connect(): (HY000/1040): Too many connections
#0 [internal function]: CodeIgniter\Debug\Exceptions->errorHandler(2, 'mysqli_connect(...', '/home/kuropane/...', 8, Array)
#1 /home/kuropane/skmodz.kuropanel.shop/conn.php(8): mysqli_connect('localhost', 'kuropane_skmodz', 'kuropane_skmodz', 'kuropane_skmodz')
#2 /home/kuropane/skmodz.kuropanel.shop/app/Controllers/Connect.php(13): include('/home/kuropane/...')
#3 /home/kuropane/skmodz.kuropanel.shop/vendor/codeigniter4/framework/system/CodeIgniter.php(801): App\Controllers\Connect->__construct()
#4 /home/kuropane/skmodz.kuropanel.shop/vendor/codeigniter4/framework/system/CodeIgniter.php(401): CodeIgniter\CodeIgniter->createController()
#5 /home/kuropane/skmodz.kuropanel.shop/vendor/codeigniter4/framework/system/CodeIgniter.php(318): CodeIgniter\CodeIgniter->handleRequest(NULL, Object(Config\Cache), false)
#6 /home/kuropane/skmodz.kuropanel.shop/index.php(37): CodeIgniter\CodeIgniter->run()
#7 {main}
CRITICAL - 2025-04-19 23:48:04 --> mysqli_connect(): (08004/1040): Too many connections
#0 [internal function]: CodeIgniter\Debug\Exceptions->errorHandler(2, 'mysqli_connect(...', '/home/kuropane/...', 8, Array)
#1 /home/kuropane/skmodz.kuropanel.shop/conn.php(8): mysqli_connect('localhost', 'kuropane_skmodz', 'kuropane_skmodz', 'kuropane_skmodz')
#2 /home/kuropane/skmodz.kuropanel.shop/app/Controllers/Connect.php(13): include('/home/kuropane/...')
#3 /home/kuropane/skmodz.kuropanel.shop/vendor/codeigniter4/framework/system/CodeIgniter.php(801): App\Controllers\Connect->__construct()
#4 /home/kuropane/skmodz.kuropanel.shop/vendor/codeigniter4/framework/system/CodeIgniter.php(401): CodeIgniter\CodeIgniter->createController()
#5 /home/kuropane/skmodz.kuropanel.shop/vendor/codeigniter4/framework/system/CodeIgniter.php(318): CodeIgniter\CodeIgniter->handleRequest(NULL, Object(Config\Cache), false)
#6 /home/kuropane/skmodz.kuropanel.shop/index.php(37): CodeIgniter\CodeIgniter->run()
#7 {main}
CRITICAL - 2025-04-19 23:49:10 --> mysqli_connect(): (HY000/1040): Too many connections
#0 [internal function]: CodeIgniter\Debug\Exceptions->errorHandler(2, 'mysqli_connect(...', '/home/kuropane/...', 8, Array)
#1 /home/kuropane/skmodz.kuropanel.shop/conn.php(8): mysqli_connect('localhost', 'kuropane_skmodz', 'kuropane_skmodz', 'kuropane_skmodz')
#2 /home/kuropane/skmodz.kuropanel.shop/app/Controllers/Connect.php(13): include('/home/kuropane/...')
#3 /home/kuropane/skmodz.kuropanel.shop/vendor/codeigniter4/framework/system/CodeIgniter.php(801): App\Controllers\Connect->__construct()
#4 /home/kuropane/skmodz.kuropanel.shop/vendor/codeigniter4/framework/system/CodeIgniter.php(401): CodeIgniter\CodeIgniter->createController()
#5 /home/kuropane/skmodz.kuropanel.shop/vendor/codeigniter4/framework/system/CodeIgniter.php(318): CodeIgniter\CodeIgniter->handleRequest(NULL, Object(Config\Cache), false)
#6 /home/kuropane/skmodz.kuropanel.shop/index.php(37): CodeIgniter\CodeIgniter->run()
#7 {main}
