CRITICAL - 2025-06-04 18:45:31 --> Undefined index: HTTP_USER_AGENT
#0 /home/kuropan2/tigergamer.kuro-panel.com/app/Views/Auth/login.php(116): CodeIgniter\Debug\Exceptions->errorHandler(8, 'Undefined index...', '/home/kuropan2/...', 116, Array)
#1 /home/kuropan2/tigergamer.kuro-panel.com/vendor/codeigniter4/framework/system/View/View.php(214): include('/home/kuropan2/...')
#2 /home/kuropan2/tigergamer.kuro-panel.com/vendor/codeigniter4/framework/system/View/View.php(217): CodeIgniter\View\View->CodeIgniter\View\{closure}()
#3 /home/kuropan2/tigergamer.kuro-panel.com/vendor/codeigniter4/framework/system/Common.php(1097): CodeIgniter\View\View->render('Auth/login', Array, true)
#4 /home/kuropan2/tigergamer.kuro-panel.com/app/Controllers/Auth.php(54): view('Auth/login', Array)
#5 /home/kuropan2/tigergamer.kuro-panel.com/vendor/codeigniter4/framework/system/CodeIgniter.php(824): App\Controllers\Auth->login()
#6 /home/kuropan2/tigergamer.kuro-panel.com/vendor/codeigniter4/framework/system/CodeIgniter.php(410): CodeIgniter\CodeIgniter->runController(Object(App\Controllers\Auth))
#7 /home/kuropan2/tigergamer.kuro-panel.com/vendor/codeigniter4/framework/system/CodeIgniter.php(318): CodeIgniter\CodeIgniter->handleRequest(NULL, Object(Config\Cache), false)
#8 /home/kuropan2/tigergamer.kuro-panel.com/index.php(37): CodeIgniter\CodeIgniter->run()
#9 {main}
CRITICAL - 2025-06-04 18:45:31 --> Undefined index: HTTP_USER_AGENT
#0 /home/kuropan2/tigergamer.kuro-panel.com/app/Views/Auth/login.php(116): CodeIgniter\Debug\Exceptions->errorHandler(8, 'Undefined index...', '/home/kuropan2/...', 116, Array)
#1 /home/kuropan2/tigergamer.kuro-panel.com/vendor/codeigniter4/framework/system/View/View.php(214): include('/home/kuropan2/...')
#2 /home/kuropan2/tigergamer.kuro-panel.com/vendor/codeigniter4/framework/system/View/View.php(217): CodeIgniter\View\View->CodeIgniter\View\{closure}()
#3 /home/kuropan2/tigergamer.kuro-panel.com/vendor/codeigniter4/framework/system/Common.php(1097): CodeIgniter\View\View->render('Auth/login', Array, true)
#4 /home/kuropan2/tigergamer.kuro-panel.com/app/Controllers/Auth.php(54): view('Auth/login', Array)
#5 /home/kuropan2/tigergamer.kuro-panel.com/vendor/codeigniter4/framework/system/CodeIgniter.php(824): App\Controllers\Auth->login()
#6 /home/kuropan2/tigergamer.kuro-panel.com/vendor/codeigniter4/framework/system/CodeIgniter.php(410): CodeIgniter\CodeIgniter->runController(Object(App\Controllers\Auth))
#7 /home/kuropan2/tigergamer.kuro-panel.com/vendor/codeigniter4/framework/system/CodeIgniter.php(318): CodeIgniter\CodeIgniter->handleRequest(NULL, Object(Config\Cache), false)
#8 /home/kuropan2/tigergamer.kuro-panel.com/index.php(37): CodeIgniter\CodeIgniter->run()
#9 {main}
CRITICAL - 2025-06-04 18:45:31 --> Undefined index: HTTP_USER_AGENT
#0 /home/kuropan2/tigergamer.kuro-panel.com/app/Views/Auth/login.php(116): CodeIgniter\Debug\Exceptions->errorHandler(8, 'Undefined index...', '/home/kuropan2/...', 116, Array)
#1 /home/kuropan2/tigergamer.kuro-panel.com/vendor/codeigniter4/framework/system/View/View.php(214): include('/home/kuropan2/...')
#2 /home/kuropan2/tigergamer.kuro-panel.com/vendor/codeigniter4/framework/system/View/View.php(217): CodeIgniter\View\View->CodeIgniter\View\{closure}()
#3 /home/kuropan2/tigergamer.kuro-panel.com/vendor/codeigniter4/framework/system/Common.php(1097): CodeIgniter\View\View->render('Auth/login', Array, true)
#4 /home/kuropan2/tigergamer.kuro-panel.com/app/Controllers/Auth.php(54): view('Auth/login', Array)
#5 /home/kuropan2/tigergamer.kuro-panel.com/vendor/codeigniter4/framework/system/CodeIgniter.php(824): App\Controllers\Auth->login()
#6 /home/kuropan2/tigergamer.kuro-panel.com/vendor/codeigniter4/framework/system/CodeIgniter.php(410): CodeIgniter\CodeIgniter->runController(Object(App\Controllers\Auth))
#7 /home/kuropan2/tigergamer.kuro-panel.com/vendor/codeigniter4/framework/system/CodeIgniter.php(318): CodeIgniter\CodeIgniter->handleRequest(NULL, Object(Config\Cache), false)
#8 /home/kuropan2/tigergamer.kuro-panel.com/index.php(37): CodeIgniter\CodeIgniter->run()
#9 {main}
CRITICAL - 2025-06-04 18:45:31 --> Undefined index: HTTP_USER_AGENT
#0 /home/kuropan2/tigergamer.kuro-panel.com/app/Views/Auth/login.php(116): CodeIgniter\Debug\Exceptions->errorHandler(8, 'Undefined index...', '/home/kuropan2/...', 116, Array)
#1 /home/kuropan2/tigergamer.kuro-panel.com/vendor/codeigniter4/framework/system/View/View.php(214): include('/home/kuropan2/...')
#2 /home/kuropan2/tigergamer.kuro-panel.com/vendor/codeigniter4/framework/system/View/View.php(217): CodeIgniter\View\View->CodeIgniter\View\{closure}()
#3 /home/kuropan2/tigergamer.kuro-panel.com/vendor/codeigniter4/framework/system/Common.php(1097): CodeIgniter\View\View->render('Auth/login', Array, true)
#4 /home/kuropan2/tigergamer.kuro-panel.com/app/Controllers/Auth.php(54): view('Auth/login', Array)
#5 /home/kuropan2/tigergamer.kuro-panel.com/vendor/codeigniter4/framework/system/CodeIgniter.php(824): App\Controllers\Auth->login()
#6 /home/kuropan2/tigergamer.kuro-panel.com/vendor/codeigniter4/framework/system/CodeIgniter.php(410): CodeIgniter\CodeIgniter->runController(Object(App\Controllers\Auth))
#7 /home/kuropan2/tigergamer.kuro-panel.com/vendor/codeigniter4/framework/system/CodeIgniter.php(318): CodeIgniter\CodeIgniter->handleRequest(NULL, Object(Config\Cache), false)
#8 /home/kuropan2/tigergamer.kuro-panel.com/index.php(37): CodeIgniter\CodeIgniter->run()
#9 {main}
CRITICAL - 2025-06-04 18:45:31 --> Undefined index: HTTP_USER_AGENT
#0 /home/kuropan2/tigergamer.kuro-panel.com/app/Views/Auth/login.php(116): CodeIgniter\Debug\Exceptions->errorHandler(8, 'Undefined index...', '/home/kuropan2/...', 116, Array)
#1 /home/kuropan2/tigergamer.kuro-panel.com/vendor/codeigniter4/framework/system/View/View.php(214): include('/home/kuropan2/...')
#2 /home/kuropan2/tigergamer.kuro-panel.com/vendor/codeigniter4/framework/system/View/View.php(217): CodeIgniter\View\View->CodeIgniter\View\{closure}()
#3 /home/kuropan2/tigergamer.kuro-panel.com/vendor/codeigniter4/framework/system/Common.php(1097): CodeIgniter\View\View->render('Auth/login', Array, true)
#4 /home/kuropan2/tigergamer.kuro-panel.com/app/Controllers/Auth.php(54): view('Auth/login', Array)
#5 /home/kuropan2/tigergamer.kuro-panel.com/vendor/codeigniter4/framework/system/CodeIgniter.php(824): App\Controllers\Auth->login()
#6 /home/kuropan2/tigergamer.kuro-panel.com/vendor/codeigniter4/framework/system/CodeIgniter.php(410): CodeIgniter\CodeIgniter->runController(Object(App\Controllers\Auth))
#7 /home/kuropan2/tigergamer.kuro-panel.com/vendor/codeigniter4/framework/system/CodeIgniter.php(318): CodeIgniter\CodeIgniter->handleRequest(NULL, Object(Config\Cache), false)
#8 /home/kuropan2/tigergamer.kuro-panel.com/index.php(37): CodeIgniter\CodeIgniter->run()
#9 {main}
CRITICAL - 2025-06-04 18:45:33 --> Undefined index: HTTP_USER_AGENT
#0 /home/kuropan2/tigergamer.kuro-panel.com/app/Views/Auth/login.php(116): CodeIgniter\Debug\Exceptions->errorHandler(8, 'Undefined index...', '/home/kuropan2/...', 116, Array)
#1 /home/kuropan2/tigergamer.kuro-panel.com/vendor/codeigniter4/framework/system/View/View.php(214): include('/home/kuropan2/...')
#2 /home/kuropan2/tigergamer.kuro-panel.com/vendor/codeigniter4/framework/system/View/View.php(217): CodeIgniter\View\View->CodeIgniter\View\{closure}()
#3 /home/kuropan2/tigergamer.kuro-panel.com/vendor/codeigniter4/framework/system/Common.php(1097): CodeIgniter\View\View->render('Auth/login', Array, true)
#4 /home/kuropan2/tigergamer.kuro-panel.com/app/Controllers/Auth.php(54): view('Auth/login', Array)
#5 /home/kuropan2/tigergamer.kuro-panel.com/vendor/codeigniter4/framework/system/CodeIgniter.php(824): App\Controllers\Auth->login()
#6 /home/kuropan2/tigergamer.kuro-panel.com/vendor/codeigniter4/framework/system/CodeIgniter.php(410): CodeIgniter\CodeIgniter->runController(Object(App\Controllers\Auth))
#7 /home/kuropan2/tigergamer.kuro-panel.com/vendor/codeigniter4/framework/system/CodeIgniter.php(318): CodeIgniter\CodeIgniter->handleRequest(NULL, Object(Config\Cache), false)
#8 /home/kuropan2/tigergamer.kuro-panel.com/index.php(37): CodeIgniter\CodeIgniter->run()
#9 {main}
CRITICAL - 2025-06-04 18:45:35 --> Undefined index: HTTP_USER_AGENT
#0 /home/kuropan2/tigergamer.kuro-panel.com/app/Views/Auth/login.php(116): CodeIgniter\Debug\Exceptions->errorHandler(8, 'Undefined index...', '/home/kuropan2/...', 116, Array)
#1 /home/kuropan2/tigergamer.kuro-panel.com/vendor/codeigniter4/framework/system/View/View.php(214): include('/home/kuropan2/...')
#2 /home/kuropan2/tigergamer.kuro-panel.com/vendor/codeigniter4/framework/system/View/View.php(217): CodeIgniter\View\View->CodeIgniter\View\{closure}()
#3 /home/kuropan2/tigergamer.kuro-panel.com/vendor/codeigniter4/framework/system/Common.php(1097): CodeIgniter\View\View->render('Auth/login', Array, true)
#4 /home/kuropan2/tigergamer.kuro-panel.com/app/Controllers/Auth.php(54): view('Auth/login', Array)
#5 /home/kuropan2/tigergamer.kuro-panel.com/vendor/codeigniter4/framework/system/CodeIgniter.php(824): App\Controllers\Auth->login()
#6 /home/kuropan2/tigergamer.kuro-panel.com/vendor/codeigniter4/framework/system/CodeIgniter.php(410): CodeIgniter\CodeIgniter->runController(Object(App\Controllers\Auth))
#7 /home/kuropan2/tigergamer.kuro-panel.com/vendor/codeigniter4/framework/system/CodeIgniter.php(318): CodeIgniter\CodeIgniter->handleRequest(NULL, Object(Config\Cache), false)
#8 /home/kuropan2/tigergamer.kuro-panel.com/index.php(37): CodeIgniter\CodeIgniter->run()
#9 {main}
CRITICAL - 2025-06-04 18:45:35 --> Undefined index: HTTP_USER_AGENT
#0 /home/kuropan2/tigergamer.kuro-panel.com/app/Views/Auth/login.php(116): CodeIgniter\Debug\Exceptions->errorHandler(8, 'Undefined index...', '/home/kuropan2/...', 116, Array)
#1 /home/kuropan2/tigergamer.kuro-panel.com/vendor/codeigniter4/framework/system/View/View.php(214): include('/home/kuropan2/...')
#2 /home/kuropan2/tigergamer.kuro-panel.com/vendor/codeigniter4/framework/system/View/View.php(217): CodeIgniter\View\View->CodeIgniter\View\{closure}()
#3 /home/kuropan2/tigergamer.kuro-panel.com/vendor/codeigniter4/framework/system/Common.php(1097): CodeIgniter\View\View->render('Auth/login', Array, true)
#4 /home/kuropan2/tigergamer.kuro-panel.com/app/Controllers/Auth.php(54): view('Auth/login', Array)
#5 /home/kuropan2/tigergamer.kuro-panel.com/vendor/codeigniter4/framework/system/CodeIgniter.php(824): App\Controllers\Auth->login()
#6 /home/kuropan2/tigergamer.kuro-panel.com/vendor/codeigniter4/framework/system/CodeIgniter.php(410): CodeIgniter\CodeIgniter->runController(Object(App\Controllers\Auth))
#7 /home/kuropan2/tigergamer.kuro-panel.com/vendor/codeigniter4/framework/system/CodeIgniter.php(318): CodeIgniter\CodeIgniter->handleRequest(NULL, Object(Config\Cache), false)
#8 /home/kuropan2/tigergamer.kuro-panel.com/index.php(37): CodeIgniter\CodeIgniter->run()
#9 {main}
CRITICAL - 2025-06-04 18:45:35 --> Undefined index: HTTP_USER_AGENT
#0 /home/kuropan2/tigergamer.kuro-panel.com/app/Views/Auth/login.php(116): CodeIgniter\Debug\Exceptions->errorHandler(8, 'Undefined index...', '/home/kuropan2/...', 116, Array)
#1 /home/kuropan2/tigergamer.kuro-panel.com/vendor/codeigniter4/framework/system/View/View.php(214): include('/home/kuropan2/...')
#2 /home/kuropan2/tigergamer.kuro-panel.com/vendor/codeigniter4/framework/system/View/View.php(217): CodeIgniter\View\View->CodeIgniter\View\{closure}()
#3 /home/kuropan2/tigergamer.kuro-panel.com/vendor/codeigniter4/framework/system/Common.php(1097): CodeIgniter\View\View->render('Auth/login', Array, true)
#4 /home/kuropan2/tigergamer.kuro-panel.com/app/Controllers/Auth.php(54): view('Auth/login', Array)
#5 /home/kuropan2/tigergamer.kuro-panel.com/vendor/codeigniter4/framework/system/CodeIgniter.php(824): App\Controllers\Auth->login()
#6 /home/kuropan2/tigergamer.kuro-panel.com/vendor/codeigniter4/framework/system/CodeIgniter.php(410): CodeIgniter\CodeIgniter->runController(Object(App\Controllers\Auth))
#7 /home/kuropan2/tigergamer.kuro-panel.com/vendor/codeigniter4/framework/system/CodeIgniter.php(318): CodeIgniter\CodeIgniter->handleRequest(NULL, Object(Config\Cache), false)
#8 /home/kuropan2/tigergamer.kuro-panel.com/index.php(37): CodeIgniter\CodeIgniter->run()
#9 {main}
