CRITICAL - 2025-02-27 16:33:21 --> mysqli_fetch_assoc() expects parameter 1 to be mysqli_result, bool given
#0 [internal function]: CodeIgniter\Debug\Exceptions->errorHandler(2, 'mysqli_fetch_as...', '/home/kuropane/...', 15, Array)
#1 /home/kuropane/skmodz.kuropanel.shop/mail.php(15): mysqli_fetch_assoc(false)
#2 /home/kuropane/skmodz.kuropanel.shop/app/Views/Auth/register.php(4): include('/home/kuropane/...')
#3 /home/kuropane/skmodz.kuropanel.shop/vendor/codeigniter4/framework/system/View/View.php(214): include('/home/kuropane/...')
#4 /home/kuropane/skmodz.kuropanel.shop/vendor/codeigniter4/framework/system/View/View.php(217): CodeIgniter\View\View->CodeIgniter\View\{closure}()
#5 /home/kuropane/skmodz.kuropanel.shop/vendor/codeigniter4/framework/system/Common.php(1097): CodeIgniter\View\View->render('Auth/register', Array, true)
#6 /home/kuropane/skmodz.kuropanel.shop/app/Controllers/Auth.php(68): view('Auth/register', Array)
#7 /home/kuropane/skmodz.kuropanel.shop/vendor/codeigniter4/framework/system/CodeIgniter.php(824): App\Controllers\Auth->register()
#8 /home/kuropane/skmodz.kuropanel.shop/vendor/codeigniter4/framework/system/CodeIgniter.php(410): CodeIgniter\CodeIgniter->runController(Object(App\Controllers\Auth))
#9 /home/kuropane/skmodz.kuropanel.shop/vendor/codeigniter4/framework/system/CodeIgniter.php(318): CodeIgniter\CodeIgniter->handleRequest(NULL, Object(Config\Cache), false)
#10 /home/kuropane/skmodz.kuropanel.shop/index.php(37): CodeIgniter\CodeIgniter->run()
#11 {main}
CRITICAL - 2025-02-27 16:34:12 --> mysqli_fetch_assoc() expects parameter 1 to be mysqli_result, bool given
#0 [internal function]: CodeIgniter\Debug\Exceptions->errorHandler(2, 'mysqli_fetch_as...', '/home/kuropane/...', 15, Array)
#1 /home/kuropane/skmodz.kuropanel.shop/mail.php(15): mysqli_fetch_assoc(false)
#2 /home/kuropane/skmodz.kuropanel.shop/app/Views/Auth/register.php(4): include('/home/kuropane/...')
#3 /home/kuropane/skmodz.kuropanel.shop/vendor/codeigniter4/framework/system/View/View.php(214): include('/home/kuropane/...')
#4 /home/kuropane/skmodz.kuropanel.shop/vendor/codeigniter4/framework/system/View/View.php(217): CodeIgniter\View\View->CodeIgniter\View\{closure}()
#5 /home/kuropane/skmodz.kuropanel.shop/vendor/codeigniter4/framework/system/Common.php(1097): CodeIgniter\View\View->render('Auth/register', Array, true)
#6 /home/kuropane/skmodz.kuropanel.shop/app/Controllers/Auth.php(68): view('Auth/register', Array)
#7 /home/kuropane/skmodz.kuropanel.shop/vendor/codeigniter4/framework/system/CodeIgniter.php(824): App\Controllers\Auth->register()
#8 /home/kuropane/skmodz.kuropanel.shop/vendor/codeigniter4/framework/system/CodeIgniter.php(410): CodeIgniter\CodeIgniter->runController(Object(App\Controllers\Auth))
#9 /home/kuropane/skmodz.kuropanel.shop/vendor/codeigniter4/framework/system/CodeIgniter.php(318): CodeIgniter\CodeIgniter->handleRequest(NULL, Object(Config\Cache), false)
#10 /home/kuropane/skmodz.kuropanel.shop/index.php(37): CodeIgniter\CodeIgniter->run()
#11 {main}
