CRITICAL - 2024-11-28 11:30:10 --> mysqli_connect(): (HY000/2002): No such file or directory
#0 [internal function]: CodeIgniter\Debug\Exceptions->errorHandler(2, 'mysqli_connect(...', '/home/divyajis/...', 8, Array)
#1 /home/divyajis/prasoyt.divyaji.shop/conn.php(8): mysqli_connect('localhost', 'divyajis_praso', 'divyajis_praso', 'divyajis_praso')
#2 /home/divyajis/prasoyt.divyaji.shop/app/Controllers/Connect.php(13): include('/home/divyajis/...')
#3 /home/divyajis/prasoyt.divyaji.shop/vendor/codeigniter4/framework/system/CodeIgniter.php(801): App\Controllers\Connect->__construct()
#4 /home/divyajis/prasoyt.divyaji.shop/vendor/codeigniter4/framework/system/CodeIgniter.php(401): CodeIgniter\CodeIgniter->createController()
#5 /home/divyajis/prasoyt.divyaji.shop/vendor/codeigniter4/framework/system/CodeIgniter.php(318): CodeIgniter\CodeIgniter->handleRequest(NULL, Object(Config\Cache), false)
#6 /home/divyajis/prasoyt.divyaji.shop/index.php(37): CodeIgniter\CodeIgniter->run()
#7 {main}
CRITICAL - 2024-11-28 11:30:12 --> mysqli_connect(): (HY000/2002): No such file or directory
#0 [internal function]: CodeIgniter\Debug\Exceptions->errorHandler(2, 'mysqli_connect(...', '/home/divyajis/...', 8, Array)
#1 /home/divyajis/prasoyt.divyaji.shop/conn.php(8): mysqli_connect('localhost', 'divyajis_praso', 'divyajis_praso', 'divyajis_praso')
#2 /home/divyajis/prasoyt.divyaji.shop/app/Controllers/Connect.php(13): include('/home/divyajis/...')
#3 /home/divyajis/prasoyt.divyaji.shop/vendor/codeigniter4/framework/system/CodeIgniter.php(801): App\Controllers\Connect->__construct()
#4 /home/divyajis/prasoyt.divyaji.shop/vendor/codeigniter4/framework/system/CodeIgniter.php(401): CodeIgniter\CodeIgniter->createController()
#5 /home/divyajis/prasoyt.divyaji.shop/vendor/codeigniter4/framework/system/CodeIgniter.php(318): CodeIgniter\CodeIgniter->handleRequest(NULL, Object(Config\Cache), false)
#6 /home/divyajis/prasoyt.divyaji.shop/index.php(37): CodeIgniter\CodeIgniter->run()
#7 {main}
ERROR - 2024-11-28 12:57:08 --> Error connecting to the database: Too many connections
CRITICAL - 2024-11-28 12:57:08 --> Unable to connect to the database.
Main connection [MySQLi]: Too many connections
#0 /home/divyajis/prasoyt.divyaji.shop/vendor/codeigniter4/framework/system/Database/BaseConnection.php(577): CodeIgniter\Database\BaseConnection->initialize()
#1 /home/divyajis/prasoyt.divyaji.shop/vendor/codeigniter4/framework/system/Database/BaseBuilder.php(1443): CodeIgniter\Database\BaseConnection->query('SELECT *\nFROM `...', Array, false)
#2 /home/divyajis/prasoyt.divyaji.shop/vendor/codeigniter4/framework/system/Model.php(723): CodeIgniter\Database\BaseBuilder->get()
#3 /home/divyajis/prasoyt.divyaji.shop/app/Models/KeysModel.php(26): CodeIgniter\Model->__call('get', Array)
#4 /home/divyajis/prasoyt.divyaji.shop/app/Controllers/Connect.php(101): App\Models\KeysModel->getKeysGame(Array)
#5 /home/divyajis/prasoyt.divyaji.shop/app/Controllers/Connect.php(38): App\Controllers\Connect->index_post()
#6 /home/divyajis/prasoyt.divyaji.shop/vendor/codeigniter4/framework/system/CodeIgniter.php(824): App\Controllers\Connect->index()
#7 /home/divyajis/prasoyt.divyaji.shop/vendor/codeigniter4/framework/system/CodeIgniter.php(410): CodeIgniter\CodeIgniter->runController(Object(App\Controllers\Connect))
#8 /home/divyajis/prasoyt.divyaji.shop/vendor/codeigniter4/framework/system/CodeIgniter.php(318): CodeIgniter\CodeIgniter->handleRequest(NULL, Object(Config\Cache), false)
#9 /home/divyajis/prasoyt.divyaji.shop/index.php(37): CodeIgniter\CodeIgniter->run()
#10 {main}
