CRITICAL - 2025-02-23 14:04:29 --> Undefined index: HTTP_USER_AGENT
#0 /home/kuropane/rdx-kuropanel.shop/app/Views/Auth/login.php(57): CodeIgniter\Debug\Exceptions->errorHandler(8, 'Undefined index...', '/home/kuropane/...', 57, Array)
#1 /home/kuropane/rdx-kuropanel.shop/vendor/codeigniter4/framework/system/View/View.php(214): include('/home/kuropane/...')
#2 /home/kuropane/rdx-kuropanel.shop/vendor/codeigniter4/framework/system/View/View.php(217): CodeIgniter\View\View->CodeIgniter\View\{closure}()
#3 /home/kuropane/rdx-kuropanel.shop/vendor/codeigniter4/framework/system/Common.php(1097): CodeIgniter\View\View->render('Auth/login', Array, true)
#4 /home/kuropane/rdx-kuropanel.shop/app/Controllers/Auth.php(54): view('Auth/login', Array)
#5 /home/kuropane/rdx-kuropanel.shop/vendor/codeigniter4/framework/system/CodeIgniter.php(824): App\Controllers\Auth->login()
#6 /home/kuropane/rdx-kuropanel.shop/vendor/codeigniter4/framework/system/CodeIgniter.php(410): CodeIgniter\CodeIgniter->runController(Object(App\Controllers\Auth))
#7 /home/kuropane/rdx-kuropanel.shop/vendor/codeigniter4/framework/system/CodeIgniter.php(318): CodeIgniter\CodeIgniter->handleRequest(NULL, Object(Config\Cache), false)
#8 /home/kuropane/rdx-kuropanel.shop/index.php(37): CodeIgniter\CodeIgniter->run()
#9 {main}
CRITICAL - 2025-02-23 14:04:29 --> Undefined index: HTTP_USER_AGENT
#0 /home/kuropane/rdx-kuropanel.shop/app/Views/Auth/login.php(57): CodeIgniter\Debug\Exceptions->errorHandler(8, 'Undefined index...', '/home/kuropane/...', 57, Array)
#1 /home/kuropane/rdx-kuropanel.shop/vendor/codeigniter4/framework/system/View/View.php(214): include('/home/kuropane/...')
#2 /home/kuropane/rdx-kuropanel.shop/vendor/codeigniter4/framework/system/View/View.php(217): CodeIgniter\View\View->CodeIgniter\View\{closure}()
#3 /home/kuropane/rdx-kuropanel.shop/vendor/codeigniter4/framework/system/Common.php(1097): CodeIgniter\View\View->render('Auth/login', Array, true)
#4 /home/kuropane/rdx-kuropanel.shop/app/Controllers/Auth.php(54): view('Auth/login', Array)
#5 /home/kuropane/rdx-kuropanel.shop/vendor/codeigniter4/framework/system/CodeIgniter.php(824): App\Controllers\Auth->login()
#6 /home/kuropane/rdx-kuropanel.shop/vendor/codeigniter4/framework/system/CodeIgniter.php(410): CodeIgniter\CodeIgniter->runController(Object(App\Controllers\Auth))
#7 /home/kuropane/rdx-kuropanel.shop/vendor/codeigniter4/framework/system/CodeIgniter.php(318): CodeIgniter\CodeIgniter->handleRequest(NULL, Object(Config\Cache), false)
#8 /home/kuropane/rdx-kuropanel.shop/index.php(37): CodeIgniter\CodeIgniter->run()
#9 {main}
CRITICAL - 2025-02-23 14:04:29 --> Undefined index: HTTP_USER_AGENT
#0 /home/kuropane/rdx-kuropanel.shop/app/Views/Auth/login.php(57): CodeIgniter\Debug\Exceptions->errorHandler(8, 'Undefined index...', '/home/kuropane/...', 57, Array)
#1 /home/kuropane/rdx-kuropanel.shop/vendor/codeigniter4/framework/system/View/View.php(214): include('/home/kuropane/...')
#2 /home/kuropane/rdx-kuropanel.shop/vendor/codeigniter4/framework/system/View/View.php(217): CodeIgniter\View\View->CodeIgniter\View\{closure}()
#3 /home/kuropane/rdx-kuropanel.shop/vendor/codeigniter4/framework/system/Common.php(1097): CodeIgniter\View\View->render('Auth/login', Array, true)
#4 /home/kuropane/rdx-kuropanel.shop/app/Controllers/Auth.php(54): view('Auth/login', Array)
#5 /home/kuropane/rdx-kuropanel.shop/vendor/codeigniter4/framework/system/CodeIgniter.php(824): App\Controllers\Auth->login()
#6 /home/kuropane/rdx-kuropanel.shop/vendor/codeigniter4/framework/system/CodeIgniter.php(410): CodeIgniter\CodeIgniter->runController(Object(App\Controllers\Auth))
#7 /home/kuropane/rdx-kuropanel.shop/vendor/codeigniter4/framework/system/CodeIgniter.php(318): CodeIgniter\CodeIgniter->handleRequest(NULL, Object(Config\Cache), false)
#8 /home/kuropane/rdx-kuropanel.shop/index.php(37): CodeIgniter\CodeIgniter->run()
#9 {main}
