CRITICAL - 2024-12-01 00:00:03 --> mysqli_connect(): (HY000/2002): No such file or directory
#0 [internal function]: CodeIgniter\Debug\Exceptions->errorHandler(2, 'mysqli_connect(...', '/home/divyajis/...', 8, Array)
#1 /home/divyajis/prasoyt.divyaji.shop/conn.php(8): mysqli_connect('localhost', 'divyajis_praso', 'divyajis_praso', 'divyajis_praso')
#2 /home/divyajis/prasoyt.divyaji.shop/app/Controllers/Connect.php(13): include('/home/divyajis/...')
#3 /home/divyajis/prasoyt.divyaji.shop/vendor/codeigniter4/framework/system/CodeIgniter.php(801): App\Controllers\Connect->__construct()
#4 /home/divyajis/prasoyt.divyaji.shop/vendor/codeigniter4/framework/system/CodeIgniter.php(401): CodeIgniter\CodeIgniter->createController()
#5 /home/divyajis/prasoyt.divyaji.shop/vendor/codeigniter4/framework/system/CodeIgniter.php(318): CodeIgniter\CodeIgniter->handleRequest(NULL, Object(Config\Cache), false)
#6 /home/divyajis/prasoyt.divyaji.shop/index.php(37): CodeIgniter\CodeIgniter->run()
#7 {main}
CRITICAL - 2024-12-01 00:00:04 --> mysqli_connect(): (HY000/2002): No such file or directory
#0 [internal function]: CodeIgniter\Debug\Exceptions->errorHandler(2, 'mysqli_connect(...', '/home/divyajis/...', 8, Array)
#1 /home/divyajis/prasoyt.divyaji.shop/conn.php(8): mysqli_connect('localhost', 'divyajis_praso', 'divyajis_praso', 'divyajis_praso')
#2 /home/divyajis/prasoyt.divyaji.shop/app/Controllers/Connect.php(13): include('/home/divyajis/...')
#3 /home/divyajis/prasoyt.divyaji.shop/vendor/codeigniter4/framework/system/CodeIgniter.php(801): App\Controllers\Connect->__construct()
#4 /home/divyajis/prasoyt.divyaji.shop/vendor/codeigniter4/framework/system/CodeIgniter.php(401): CodeIgniter\CodeIgniter->createController()
#5 /home/divyajis/prasoyt.divyaji.shop/vendor/codeigniter4/framework/system/CodeIgniter.php(318): CodeIgniter\CodeIgniter->handleRequest(NULL, Object(Config\Cache), false)
#6 /home/divyajis/prasoyt.divyaji.shop/index.php(37): CodeIgniter\CodeIgniter->run()
#7 {main}
ERROR - 2024-12-01 00:00:05 --> Error connecting to the database: No such file or directory
CRITICAL - 2024-12-01 00:00:05 --> Unable to connect to the database.
Main connection [MySQLi]: No such file or directory
#0 /home/divyajis/prasoyt.divyaji.shop/vendor/codeigniter4/framework/system/Database/BaseConnection.php(577): CodeIgniter\Database\BaseConnection->initialize()
#1 /home/divyajis/prasoyt.divyaji.shop/vendor/codeigniter4/framework/system/Database/BaseBuilder.php(1443): CodeIgniter\Database\BaseConnection->query('SELECT *\nFROM `...', Array, false)
#2 /home/divyajis/prasoyt.divyaji.shop/vendor/codeigniter4/framework/system/Model.php(723): CodeIgniter\Database\BaseBuilder->get()
#3 /home/divyajis/prasoyt.divyaji.shop/app/Models/UserModel.php(29): CodeIgniter\Model->__call('get', Array)
#4 /home/divyajis/prasoyt.divyaji.shop/app/Models/UserModel.php(70): App\Models\UserModel->getUser('46')
#5 /home/divyajis/prasoyt.divyaji.shop/app/Filters/AuthFilter.php(19): App\Models\UserModel->checkAuthFilter()
#6 /home/divyajis/prasoyt.divyaji.shop/vendor/codeigniter4/framework/system/Filters/Filters.php(173): App\Filters\AuthFilter->before(Object(CodeIgniter\HTTP\IncomingRequest), NULL)
#7 /home/divyajis/prasoyt.divyaji.shop/vendor/codeigniter4/framework/system/CodeIgniter.php(384): CodeIgniter\Filters\Filters->run('keys/generate', 'before')
#8 /home/divyajis/prasoyt.divyaji.shop/vendor/codeigniter4/framework/system/CodeIgniter.php(318): CodeIgniter\CodeIgniter->handleRequest(NULL, Object(Config\Cache), false)
#9 /home/divyajis/prasoyt.divyaji.shop/index.php(37): CodeIgniter\CodeIgniter->run()
#10 {main}
CRITICAL - 2024-12-01 00:00:05 --> mysqli_connect(): (HY000/2002): No such file or directory
#0 [internal function]: CodeIgniter\Debug\Exceptions->errorHandler(2, 'mysqli_connect(...', '/home/divyajis/...', 8, Array)
#1 /home/divyajis/prasoyt.divyaji.shop/conn.php(8): mysqli_connect('localhost', 'divyajis_praso', 'divyajis_praso', 'divyajis_praso')
#2 /home/divyajis/prasoyt.divyaji.shop/app/Controllers/Connect.php(13): include('/home/divyajis/...')
#3 /home/divyajis/prasoyt.divyaji.shop/vendor/codeigniter4/framework/system/CodeIgniter.php(801): App\Controllers\Connect->__construct()
#4 /home/divyajis/prasoyt.divyaji.shop/vendor/codeigniter4/framework/system/CodeIgniter.php(401): CodeIgniter\CodeIgniter->createController()
#5 /home/divyajis/prasoyt.divyaji.shop/vendor/codeigniter4/framework/system/CodeIgniter.php(318): CodeIgniter\CodeIgniter->handleRequest(NULL, Object(Config\Cache), false)
#6 /home/divyajis/prasoyt.divyaji.shop/index.php(37): CodeIgniter\CodeIgniter->run()
#7 {main}
CRITICAL - 2024-12-01 00:00:06 --> mysqli_connect(): (HY000/2002): No such file or directory
#0 [internal function]: CodeIgniter\Debug\Exceptions->errorHandler(2, 'mysqli_connect(...', '/home/divyajis/...', 8, Array)
#1 /home/divyajis/prasoyt.divyaji.shop/conn.php(8): mysqli_connect('localhost', 'divyajis_praso', 'divyajis_praso', 'divyajis_praso')
#2 /home/divyajis/prasoyt.divyaji.shop/app/Controllers/Connect.php(13): include('/home/divyajis/...')
#3 /home/divyajis/prasoyt.divyaji.shop/vendor/codeigniter4/framework/system/CodeIgniter.php(801): App\Controllers\Connect->__construct()
#4 /home/divyajis/prasoyt.divyaji.shop/vendor/codeigniter4/framework/system/CodeIgniter.php(401): CodeIgniter\CodeIgniter->createController()
#5 /home/divyajis/prasoyt.divyaji.shop/vendor/codeigniter4/framework/system/CodeIgniter.php(318): CodeIgniter\CodeIgniter->handleRequest(NULL, Object(Config\Cache), false)
#6 /home/divyajis/prasoyt.divyaji.shop/index.php(37): CodeIgniter\CodeIgniter->run()
#7 {main}
CRITICAL - 2024-12-01 00:00:08 --> mysqli_connect(): (HY000/2002): No such file or directory
#0 [internal function]: CodeIgniter\Debug\Exceptions->errorHandler(2, 'mysqli_connect(...', '/home/divyajis/...', 8, Array)
#1 /home/divyajis/prasoyt.divyaji.shop/conn.php(8): mysqli_connect('localhost', 'divyajis_praso', 'divyajis_praso', 'divyajis_praso')
#2 /home/divyajis/prasoyt.divyaji.shop/app/Controllers/Connect.php(13): include('/home/divyajis/...')
#3 /home/divyajis/prasoyt.divyaji.shop/vendor/codeigniter4/framework/system/CodeIgniter.php(801): App\Controllers\Connect->__construct()
#4 /home/divyajis/prasoyt.divyaji.shop/vendor/codeigniter4/framework/system/CodeIgniter.php(401): CodeIgniter\CodeIgniter->createController()
#5 /home/divyajis/prasoyt.divyaji.shop/vendor/codeigniter4/framework/system/CodeIgniter.php(318): CodeIgniter\CodeIgniter->handleRequest(NULL, Object(Config\Cache), false)
#6 /home/divyajis/prasoyt.divyaji.shop/index.php(37): CodeIgniter\CodeIgniter->run()
#7 {main}
ERROR - 2024-12-01 00:00:11 --> Error connecting to the database: No such file or directory
CRITICAL - 2024-12-01 00:00:11 --> Unable to connect to the database.
Main connection [MySQLi]: No such file or directory
#0 /home/divyajis/prasoyt.divyaji.shop/vendor/codeigniter4/framework/system/Database/BaseConnection.php(577): CodeIgniter\Database\BaseConnection->initialize()
#1 /home/divyajis/prasoyt.divyaji.shop/vendor/codeigniter4/framework/system/Database/BaseBuilder.php(1443): CodeIgniter\Database\BaseConnection->query('SELECT *\nFROM `...', Array, false)
#2 /home/divyajis/prasoyt.divyaji.shop/vendor/codeigniter4/framework/system/Model.php(723): CodeIgniter\Database\BaseBuilder->get()
#3 /home/divyajis/prasoyt.divyaji.shop/app/Models/UserModel.php(29): CodeIgniter\Model->__call('get', Array)
#4 /home/divyajis/prasoyt.divyaji.shop/app/Models/UserModel.php(70): App\Models\UserModel->getUser('46')
#5 /home/divyajis/prasoyt.divyaji.shop/app/Filters/AuthFilter.php(19): App\Models\UserModel->checkAuthFilter()
#6 /home/divyajis/prasoyt.divyaji.shop/vendor/codeigniter4/framework/system/Filters/Filters.php(173): App\Filters\AuthFilter->before(Object(CodeIgniter\HTTP\IncomingRequest), NULL)
#7 /home/divyajis/prasoyt.divyaji.shop/vendor/codeigniter4/framework/system/CodeIgniter.php(384): CodeIgniter\Filters\Filters->run('dashboard', 'before')
#8 /home/divyajis/prasoyt.divyaji.shop/vendor/codeigniter4/framework/system/CodeIgniter.php(318): CodeIgniter\CodeIgniter->handleRequest(NULL, Object(Config\Cache), false)
#9 /home/divyajis/prasoyt.divyaji.shop/index.php(37): CodeIgniter\CodeIgniter->run()
#10 {main}
