ERROR - 2025-05-08 00:15:11 --> Error connecting to the database: Too many connections
CRITICAL - 2025-05-08 00:15:11 --> Unable to connect to the database.
Main connection [MySQLi]: Too many connections
#0 /home/kuropane/madhu.kuropanel.shop/vendor/codeigniter4/framework/system/Database/BaseConnection.php(577): CodeIgniter\Database\BaseConnection->initialize()
#1 /home/kuropane/madhu.kuropanel.shop/vendor/codeigniter4/framework/system/Database/BaseBuilder.php(1443): CodeIgniter\Database\BaseConnection->query('SELECT *\nFROM `...', Array, false)
#2 /home/kuropane/madhu.kuropanel.shop/vendor/codeigniter4/framework/system/Model.php(723): CodeIgniter\Database\BaseBuilder->get()
#3 /home/kuropane/madhu.kuropanel.shop/app/Models/UserModel.php(29): CodeIgniter\Model->__call('get', Array)
#4 /home/kuropane/madhu.kuropanel.shop/app/Models/UserModel.php(70): App\Models\UserModel->getUser('61')
#5 /home/kuropane/madhu.kuropanel.shop/app/Filters/AuthFilter.php(19): App\Models\UserModel->checkAuthFilter()
#6 /home/kuropane/madhu.kuropanel.shop/vendor/codeigniter4/framework/system/Filters/Filters.php(173): App\Filters\AuthFilter->before(Object(CodeIgniter\HTTP\IncomingRequest), NULL)
#7 /home/kuropane/madhu.kuropanel.shop/vendor/codeigniter4/framework/system/CodeIgniter.php(384): CodeIgniter\Filters\Filters->run('keys/7822', 'before')
#8 /home/kuropane/madhu.kuropanel.shop/vendor/codeigniter4/framework/system/CodeIgniter.php(318): CodeIgniter\CodeIgniter->handleRequest(NULL, Object(Config\Cache), false)
#9 /home/kuropane/madhu.kuropanel.shop/index.php(37): CodeIgniter\CodeIgniter->run()
#10 {main}
CRITICAL - 2025-05-08 00:19:46 --> Undefined property: stdClass::$used_by
#0 /home/kuropane/madhu.kuropanel.shop/app/Views/Admin/referral.php(99): CodeIgniter\Debug\Exceptions->errorHandler(8, 'Undefined prope...', '/home/kuropane/...', 99, Array)
#1 /home/kuropane/madhu.kuropanel.shop/vendor/codeigniter4/framework/system/View/View.php(214): include('/home/kuropane/...')
#2 /home/kuropane/madhu.kuropanel.shop/vendor/codeigniter4/framework/system/View/View.php(217): CodeIgniter\View\View->CodeIgniter\View\{closure}()
#3 /home/kuropane/madhu.kuropanel.shop/vendor/codeigniter4/framework/system/Common.php(1097): CodeIgniter\View\View->render('Admin/referral', Array, true)
#4 /home/kuropane/madhu.kuropanel.shop/app/Controllers/User.php(79): view('Admin/referral', Array)
#5 /home/kuropane/madhu.kuropanel.shop/vendor/codeigniter4/framework/system/CodeIgniter.php(824): App\Controllers\User->ref_index()
#6 /home/kuropane/madhu.kuropanel.shop/vendor/codeigniter4/framework/system/CodeIgniter.php(410): CodeIgniter\CodeIgniter->runController(Object(App\Controllers\User))
#7 /home/kuropane/madhu.kuropanel.shop/vendor/codeigniter4/framework/system/CodeIgniter.php(318): CodeIgniter\CodeIgniter->handleRequest(NULL, Object(Config\Cache), false)
#8 /home/kuropane/madhu.kuropanel.shop/index.php(37): CodeIgniter\CodeIgniter->run()
#9 {main}
CRITICAL - 2025-05-08 00:20:08 --> Undefined property: stdClass::$used_by
#0 /home/kuropane/madhu.kuropanel.shop/app/Views/Admin/referral.php(99): CodeIgniter\Debug\Exceptions->errorHandler(8, 'Undefined prope...', '/home/kuropane/...', 99, Array)
#1 /home/kuropane/madhu.kuropanel.shop/vendor/codeigniter4/framework/system/View/View.php(214): include('/home/kuropane/...')
#2 /home/kuropane/madhu.kuropanel.shop/vendor/codeigniter4/framework/system/View/View.php(217): CodeIgniter\View\View->CodeIgniter\View\{closure}()
#3 /home/kuropane/madhu.kuropanel.shop/vendor/codeigniter4/framework/system/Common.php(1097): CodeIgniter\View\View->render('Admin/referral', Array, true)
#4 /home/kuropane/madhu.kuropanel.shop/app/Controllers/User.php(79): view('Admin/referral', Array)
#5 /home/kuropane/madhu.kuropanel.shop/vendor/codeigniter4/framework/system/CodeIgniter.php(824): App\Controllers\User->ref_index()
#6 /home/kuropane/madhu.kuropanel.shop/vendor/codeigniter4/framework/system/CodeIgniter.php(410): CodeIgniter\CodeIgniter->runController(Object(App\Controllers\User))
#7 /home/kuropane/madhu.kuropanel.shop/vendor/codeigniter4/framework/system/CodeIgniter.php(318): CodeIgniter\CodeIgniter->handleRequest(NULL, Object(Config\Cache), false)
#8 /home/kuropane/madhu.kuropanel.shop/index.php(37): CodeIgniter\CodeIgniter->run()
#9 {main}
ERROR - 2025-05-08 00:30:17 --> Error connecting to the database: Too many connections
CRITICAL - 2025-05-08 00:30:17 --> Unable to connect to the database.
Main connection [MySQLi]: Too many connections
#0 /home/kuropane/madhu.kuropanel.shop/vendor/codeigniter4/framework/system/Database/BaseConnection.php(577): CodeIgniter\Database\BaseConnection->initialize()
#1 /home/kuropane/madhu.kuropanel.shop/vendor/codeigniter4/framework/system/Database/BaseBuilder.php(1443): CodeIgniter\Database\BaseConnection->query('SELECT *\nFROM `...', Array, false)
#2 /home/kuropane/madhu.kuropanel.shop/vendor/codeigniter4/framework/system/Model.php(723): CodeIgniter\Database\BaseBuilder->get()
#3 /home/kuropane/madhu.kuropanel.shop/app/Models/UserModel.php(29): CodeIgniter\Model->__call('get', Array)
#4 /home/kuropane/madhu.kuropanel.shop/app/Models/UserModel.php(70): App\Models\UserModel->getUser('61')
#5 /home/kuropane/madhu.kuropanel.shop/app/Filters/AuthFilter.php(19): App\Models\UserModel->checkAuthFilter()
#6 /home/kuropane/madhu.kuropanel.shop/vendor/codeigniter4/framework/system/Filters/Filters.php(173): App\Filters\AuthFilter->before(Object(CodeIgniter\HTTP\IncomingRequest), NULL)
#7 /home/kuropane/madhu.kuropanel.shop/vendor/codeigniter4/framework/system/CodeIgniter.php(384): CodeIgniter\Filters\Filters->run('settings', 'before')
#8 /home/kuropane/madhu.kuropanel.shop/vendor/codeigniter4/framework/system/CodeIgniter.php(318): CodeIgniter\CodeIgniter->handleRequest(NULL, Object(Config\Cache), false)
#9 /home/kuropane/madhu.kuropanel.shop/index.php(37): CodeIgniter\CodeIgniter->run()
#10 {main}
CRITICAL - 2025-05-08 00:35:36 --> Undefined property: stdClass::$used_by
#0 /home/kuropane/madhu.kuropanel.shop/app/Views/Admin/referral.php(99): CodeIgniter\Debug\Exceptions->errorHandler(8, 'Undefined prope...', '/home/kuropane/...', 99, Array)
#1 /home/kuropane/madhu.kuropanel.shop/vendor/codeigniter4/framework/system/View/View.php(214): include('/home/kuropane/...')
#2 /home/kuropane/madhu.kuropanel.shop/vendor/codeigniter4/framework/system/View/View.php(217): CodeIgniter\View\View->CodeIgniter\View\{closure}()
#3 /home/kuropane/madhu.kuropanel.shop/vendor/codeigniter4/framework/system/Common.php(1097): CodeIgniter\View\View->render('Admin/referral', Array, true)
#4 /home/kuropane/madhu.kuropanel.shop/app/Controllers/User.php(79): view('Admin/referral', Array)
#5 /home/kuropane/madhu.kuropanel.shop/vendor/codeigniter4/framework/system/CodeIgniter.php(824): App\Controllers\User->ref_index()
#6 /home/kuropane/madhu.kuropanel.shop/vendor/codeigniter4/framework/system/CodeIgniter.php(410): CodeIgniter\CodeIgniter->runController(Object(App\Controllers\User))
#7 /home/kuropane/madhu.kuropanel.shop/vendor/codeigniter4/framework/system/CodeIgniter.php(318): CodeIgniter\CodeIgniter->handleRequest(NULL, Object(Config\Cache), false)
#8 /home/kuropane/madhu.kuropanel.shop/index.php(37): CodeIgniter\CodeIgniter->run()
#9 {main}
