ERROR - 2024-08-18 00:32:25 --> Error connecting to the database: Access denied for user '****'@'localhost' (using password: YES)
CRITICAL - 2024-08-18 00:32:25 --> Unable to connect to the database.
Main connection [MySQLi]: Access denied for user '****'@'localhost' (using password: YES)
#0 /home/imdaduro/alfas-xd.imdadur.online/vendor/codeigniter4/framework/system/Database/BaseConnection.php(577): CodeIgniter\Database\BaseConnection->initialize()
#1 /home/imdaduro/alfas-xd.imdadur.online/vendor/codeigniter4/framework/system/Database/BaseBuilder.php(1443): CodeIgniter\Database\BaseConnection->query('SELECT 1\nFROM `...', Array, false)
#2 /home/imdaduro/alfas-xd.imdadur.online/vendor/codeigniter4/framework/system/Validation/Rules.php(116): CodeIgniter\Database\BaseBuilder->get()
#3 /home/imdaduro/alfas-xd.imdadur.online/vendor/codeigniter4/framework/system/Validation/Validation.php(277): CodeIgniter\Validation\Rules->is_not_unique('RAVAN', 'username', Array, NULL)
#4 /home/imdaduro/alfas-xd.imdadur.online/vendor/codeigniter4/framework/system/Validation/Validation.php(151): CodeIgniter\Validation\Validation->processRules('username', 'username', 'RAVAN', Array, Array)
#5 /home/imdaduro/alfas-xd.imdadur.online/vendor/codeigniter4/framework/system/Controller.php(160): CodeIgniter\Validation\Validation->run()
#6 /home/imdaduro/alfas-xd.imdadur.online/app/Controllers/Auth.php(94): CodeIgniter\Controller->validate(Array)
#7 /home/imdaduro/alfas-xd.imdadur.online/app/Controllers/Auth.php(49): App\Controllers\Auth->login_action()
#8 /home/imdaduro/alfas-xd.imdadur.online/vendor/codeigniter4/framework/system/CodeIgniter.php(824): App\Controllers\Auth->login()
#9 /home/imdaduro/alfas-xd.imdadur.online/vendor/codeigniter4/framework/system/CodeIgniter.php(410): CodeIgniter\CodeIgniter->runController(Object(App\Controllers\Auth))
#10 /home/imdaduro/alfas-xd.imdadur.online/vendor/codeigniter4/framework/system/CodeIgniter.php(318): CodeIgniter\CodeIgniter->handleRequest(NULL, Object(Config\Cache), false)
#11 /home/imdaduro/alfas-xd.imdadur.online/index.php(37): CodeIgniter\CodeIgniter->run()
#12 {main}
ERROR - 2024-08-18 00:35:05 --> Error connecting to the database: Access denied for user '****'@'localhost' (using password: YES)
CRITICAL - 2024-08-18 00:35:05 --> Unable to connect to the database.
Main connection [MySQLi]: Access denied for user '****'@'localhost' (using password: YES)
#0 /home/imdaduro/alfas-xd.imdadur.online/vendor/codeigniter4/framework/system/Database/BaseConnection.php(577): CodeIgniter\Database\BaseConnection->initialize()
#1 /home/imdaduro/alfas-xd.imdadur.online/vendor/codeigniter4/framework/system/Database/BaseBuilder.php(1443): CodeIgniter\Database\BaseConnection->query('SELECT 1\nFROM `...', Array, false)
#2 /home/imdaduro/alfas-xd.imdadur.online/vendor/codeigniter4/framework/system/Validation/Rules.php(116): CodeIgniter\Database\BaseBuilder->get()
#3 /home/imdaduro/alfas-xd.imdadur.online/vendor/codeigniter4/framework/system/Validation/Validation.php(277): CodeIgniter\Validation\Rules->is_not_unique('admin', 'username', Array, NULL)
#4 /home/imdaduro/alfas-xd.imdadur.online/vendor/codeigniter4/framework/system/Validation/Validation.php(151): CodeIgniter\Validation\Validation->processRules('username', 'username', 'admin', Array, Array)
#5 /home/imdaduro/alfas-xd.imdadur.online/vendor/codeigniter4/framework/system/Controller.php(160): CodeIgniter\Validation\Validation->run()
#6 /home/imdaduro/alfas-xd.imdadur.online/app/Controllers/Auth.php(94): CodeIgniter\Controller->validate(Array)
#7 /home/imdaduro/alfas-xd.imdadur.online/app/Controllers/Auth.php(49): App\Controllers\Auth->login_action()
#8 /home/imdaduro/alfas-xd.imdadur.online/vendor/codeigniter4/framework/system/CodeIgniter.php(824): App\Controllers\Auth->login()
#9 /home/imdaduro/alfas-xd.imdadur.online/vendor/codeigniter4/framework/system/CodeIgniter.php(410): CodeIgniter\CodeIgniter->runController(Object(App\Controllers\Auth))
#10 /home/imdaduro/alfas-xd.imdadur.online/vendor/codeigniter4/framework/system/CodeIgniter.php(318): CodeIgniter\CodeIgniter->handleRequest(NULL, Object(Config\Cache), false)
#11 /home/imdaduro/alfas-xd.imdadur.online/index.php(37): CodeIgniter\CodeIgniter->run()
#12 {main}
ERROR - 2024-08-18 00:39:21 --> Error connecting to the database: Access denied for user '****'@'localhost' (using password: YES)
CRITICAL - 2024-08-18 00:39:21 --> Unable to connect to the database.
Main connection [MySQLi]: Access denied for user '****'@'localhost' (using password: YES)
#0 /home/imdaduro/alfas-xd.imdadur.online/vendor/codeigniter4/framework/system/Database/BaseConnection.php(577): CodeIgniter\Database\BaseConnection->initialize()
#1 /home/imdaduro/alfas-xd.imdadur.online/vendor/codeigniter4/framework/system/Database/BaseBuilder.php(1443): CodeIgniter\Database\BaseConnection->query('SELECT 1\nFROM `...', Array, false)
#2 /home/imdaduro/alfas-xd.imdadur.online/vendor/codeigniter4/framework/system/Validation/Rules.php(116): CodeIgniter\Database\BaseBuilder->get()
#3 /home/imdaduro/alfas-xd.imdadur.online/vendor/codeigniter4/framework/system/Validation/Validation.php(277): CodeIgniter\Validation\Rules->is_not_unique('admin', 'username', Array, NULL)
#4 /home/imdaduro/alfas-xd.imdadur.online/vendor/codeigniter4/framework/system/Validation/Validation.php(151): CodeIgniter\Validation\Validation->processRules('username', 'username', 'admin', Array, Array)
#5 /home/imdaduro/alfas-xd.imdadur.online/vendor/codeigniter4/framework/system/Controller.php(160): CodeIgniter\Validation\Validation->run()
#6 /home/imdaduro/alfas-xd.imdadur.online/app/Controllers/Auth.php(94): CodeIgniter\Controller->validate(Array)
#7 /home/imdaduro/alfas-xd.imdadur.online/app/Controllers/Auth.php(49): App\Controllers\Auth->login_action()
#8 /home/imdaduro/alfas-xd.imdadur.online/vendor/codeigniter4/framework/system/CodeIgniter.php(824): App\Controllers\Auth->login()
#9 /home/imdaduro/alfas-xd.imdadur.online/vendor/codeigniter4/framework/system/CodeIgniter.php(410): CodeIgniter\CodeIgniter->runController(Object(App\Controllers\Auth))
#10 /home/imdaduro/alfas-xd.imdadur.online/vendor/codeigniter4/framework/system/CodeIgniter.php(318): CodeIgniter\CodeIgniter->handleRequest(NULL, Object(Config\Cache), false)
#11 /home/imdaduro/alfas-xd.imdadur.online/index.php(37): CodeIgniter\CodeIgniter->run()
#12 {main}
