ERROR - 2025-05-12 12:35:18 --> Error connecting to the database: Too many connections
CRITICAL - 2025-05-12 12:35:18 --> Unable to connect to the database.
Main connection [MySQLi]: Too many connections
#0 /home/kuropane/madhu.kuropanel.shop/vendor/codeigniter4/framework/system/Database/BaseConnection.php(577): CodeIgniter\Database\BaseConnection->initialize()
#1 /home/kuropane/madhu.kuropanel.shop/vendor/codeigniter4/framework/system/Database/BaseBuilder.php(1443): CodeIgniter\Database\BaseConnection->query('SELECT *\nFROM `...', Array, false)
#2 /home/kuropane/madhu.kuropanel.shop/vendor/codeigniter4/framework/system/Model.php(723): CodeIgniter\Database\BaseBuilder->get()
#3 /home/kuropane/madhu.kuropanel.shop/app/Models/KeysModel.php(26): CodeIgniter\Model->__call('get', Array)
#4 /home/kuropane/madhu.kuropanel.shop/app/Controllers/Connect.php(101): App\Models\KeysModel->getKeysGame(Array)
#5 /home/kuropane/madhu.kuropanel.shop/app/Controllers/Connect.php(38): App\Controllers\Connect->index_post()
#6 /home/kuropane/madhu.kuropanel.shop/vendor/codeigniter4/framework/system/CodeIgniter.php(824): App\Controllers\Connect->index()
#7 /home/kuropane/madhu.kuropanel.shop/vendor/codeigniter4/framework/system/CodeIgniter.php(410): CodeIgniter\CodeIgniter->runController(Object(App\Controllers\Connect))
#8 /home/kuropane/madhu.kuropanel.shop/vendor/codeigniter4/framework/system/CodeIgniter.php(318): CodeIgniter\CodeIgniter->handleRequest(NULL, Object(Config\Cache), false)
#9 /home/kuropane/madhu.kuropanel.shop/index.php(37): CodeIgniter\CodeIgniter->run()
#10 {main}
CRITICAL - 2025-05-12 13:43:04 --> Too many connections
#0 /home/kuropane/madhu.kuropanel.shop/conn.php(8): mysqli_connect('localhost', 'kuropane_madhu', 'kuropane_madhu', 'kuropane_madhu')
#1 /home/kuropane/madhu.kuropanel.shop/app/Controllers/Connect.php(153): include('/home/kuropane/...')
#2 /home/kuropane/madhu.kuropanel.shop/app/Controllers/Connect.php(38): App\Controllers\Connect->index_post()
#3 /home/kuropane/madhu.kuropanel.shop/vendor/codeigniter4/framework/system/CodeIgniter.php(824): App\Controllers\Connect->index()
#4 /home/kuropane/madhu.kuropanel.shop/vendor/codeigniter4/framework/system/CodeIgniter.php(410): CodeIgniter\CodeIgniter->runController(Object(App\Controllers\Connect))
#5 /home/kuropane/madhu.kuropanel.shop/vendor/codeigniter4/framework/system/CodeIgniter.php(318): CodeIgniter\CodeIgniter->handleRequest(NULL, Object(Config\Cache), false)
#6 /home/kuropane/madhu.kuropanel.shop/index.php(37): CodeIgniter\CodeIgniter->run()
#7 {main}
