ERROR - 2025-04-10 07:15:08 --> Error connecting to the database: Too many connections
CRITICAL - 2025-04-10 07:15:08 --> Unable to connect to the database.
Main connection [MySQLi]: Too many connections
#0 /home/kuropane/skmodz.kuropanel.shop/vendor/codeigniter4/framework/system/Database/BaseConnection.php(577): CodeIgniter\Database\BaseConnection->initialize()
#1 /home/kuropane/skmodz.kuropanel.shop/vendor/codeigniter4/framework/system/Database/BaseBuilder.php(1443): CodeIgniter\Database\BaseConnection->query('SELECT *\nFROM `...', Array, false)
#2 /home/kuropane/skmodz.kuropanel.shop/vendor/codeigniter4/framework/system/Model.php(723): CodeIgniter\Database\BaseBuilder->get()
#3 /home/kuropane/skmodz.kuropanel.shop/app/Models/UserModel.php(29): CodeIgniter\Model->__call('get', Array)
#4 /home/kuropane/skmodz.kuropanel.shop/app/Models/UserModel.php(70): App\Models\UserModel->getUser('62')
#5 /home/kuropane/skmodz.kuropanel.shop/app/Filters/AuthFilter.php(19): App\Models\UserModel->checkAuthFilter()
#6 /home/kuropane/skmodz.kuropanel.shop/vendor/codeigniter4/framework/system/Filters/Filters.php(173): App\Filters\AuthFilter->before(Object(CodeIgniter\HTTP\IncomingRequest), NULL)
#7 /home/kuropane/skmodz.kuropanel.shop/vendor/codeigniter4/framework/system/CodeIgniter.php(384): CodeIgniter\Filters\Filters->run('keys/generate', 'before')
#8 /home/kuropane/skmodz.kuropanel.shop/vendor/codeigniter4/framework/system/CodeIgniter.php(318): CodeIgniter\CodeIgniter->handleRequest(NULL, Object(Config\Cache), false)
#9 /home/kuropane/skmodz.kuropanel.shop/index.php(37): CodeIgniter\CodeIgniter->run()
#10 {main}
CRITICAL - 2025-04-10 20:31:07 --> Too many connections
#0 /home/kuropane/skmodz.kuropanel.shop/conn.php(8): mysqli_connect('localhost', 'kuropane_skmodz', 'kuropane_skmodz', 'kuropane_skmodz')
#1 /home/kuropane/skmodz.kuropanel.shop/app/Controllers/Connect.php(153): include('/home/kuropane/...')
#2 /home/kuropane/skmodz.kuropanel.shop/app/Controllers/Connect.php(38): App\Controllers\Connect->index_post()
#3 /home/kuropane/skmodz.kuropanel.shop/vendor/codeigniter4/framework/system/CodeIgniter.php(824): App\Controllers\Connect->index()
#4 /home/kuropane/skmodz.kuropanel.shop/vendor/codeigniter4/framework/system/CodeIgniter.php(410): CodeIgniter\CodeIgniter->runController(Object(App\Controllers\Connect))
#5 /home/kuropane/skmodz.kuropanel.shop/vendor/codeigniter4/framework/system/CodeIgniter.php(318): CodeIgniter\CodeIgniter->handleRequest(NULL, Object(Config\Cache), false)
#6 /home/kuropane/skmodz.kuropanel.shop/index.php(37): CodeIgniter\CodeIgniter->run()
#7 {main}
