CRITICAL - 2024-07-23 23:22:11 --> Unknown column 'expiration_date' in 'field list'
#0 /home/vipkey/public_html/app/Controllers/Auth.php(111): mysqli_query(Object(mysqli), 'SELECT `expirat...')
#1 /home/vipkey/public_html/app/Controllers/Auth.php(49): App\Controllers\Auth->login_action()
#2 /home/vipkey/public_html/vendor/codeigniter4/framework/system/CodeIgniter.php(824): App\Controllers\Auth->login()
#3 /home/vipkey/public_html/vendor/codeigniter4/framework/system/CodeIgniter.php(410): CodeIgniter\CodeIgniter->runController(Object(App\Controllers\Auth))
#4 /home/vipkey/public_html/vendor/codeigniter4/framework/system/CodeIgniter.php(318): CodeIgniter\CodeIgniter->handleRequest(NULL, Object(Config\Cache), false)
#5 /home/vipkey/public_html/index.php(37): CodeIgniter\CodeIgniter->run()
#6 {main}
CRITICAL - 2024-07-23 23:37:59 --> Table 'vipkey_ravan.Keygen_Links' doesn't exist
#0 /home/vipkey/public_html/app/Views/Server/ManageShortenerLinks.php(88): mysqli_query(Object(mysqli), 'SELECT * FROM `...')
#1 /home/vipkey/public_html/vendor/codeigniter4/framework/system/View/View.php(214): include('/home/vipkey/pu...')
#2 /home/vipkey/public_html/vendor/codeigniter4/framework/system/View/View.php(217): CodeIgniter\View\View->CodeIgniter\View\{closure}()
#3 /home/vipkey/public_html/vendor/codeigniter4/framework/system/Common.php(1097): CodeIgniter\View\View->render('Server/ManageSh...', Array, true)
#4 /home/vipkey/public_html/app/Controllers/User.php(154): view('Server/ManageSh...', Array)
#5 /home/vipkey/public_html/vendor/codeigniter4/framework/system/CodeIgniter.php(824): App\Controllers\User->ManageShortenerLinks()
#6 /home/vipkey/public_html/vendor/codeigniter4/framework/system/CodeIgniter.php(410): CodeIgniter\CodeIgniter->runController(Object(App\Controllers\User))
#7 /home/vipkey/public_html/vendor/codeigniter4/framework/system/CodeIgniter.php(318): CodeIgniter\CodeIgniter->handleRequest(NULL, Object(Config\Cache), false)
#8 /home/vipkey/public_html/index.php(37): CodeIgniter\CodeIgniter->run()
#9 {main}
CRITICAL - 2024-07-23 23:38:15 --> Table 'vipkey_ravan.visitor_logs' doesn't exist
#0 /home/vipkey/public_html/app/Views/Server/ManageHackingAttempt.php(34): mysqli_query(Object(mysqli), 'SELECT * FROM `...')
#1 /home/vipkey/public_html/vendor/codeigniter4/framework/system/View/View.php(214): include('/home/vipkey/pu...')
#2 /home/vipkey/public_html/vendor/codeigniter4/framework/system/View/View.php(217): CodeIgniter\View\View->CodeIgniter\View\{closure}()
#3 /home/vipkey/public_html/vendor/codeigniter4/framework/system/Common.php(1097): CodeIgniter\View\View->render('Server/ManageHa...', Array, true)
#4 /home/vipkey/public_html/app/Controllers/User.php(116): view('Server/ManageHa...', Array)
#5 /home/vipkey/public_html/vendor/codeigniter4/framework/system/CodeIgniter.php(824): App\Controllers\User->ManageHackingAttempt()
#6 /home/vipkey/public_html/vendor/codeigniter4/framework/system/CodeIgniter.php(410): CodeIgniter\CodeIgniter->runController(Object(App\Controllers\User))
#7 /home/vipkey/public_html/vendor/codeigniter4/framework/system/CodeIgniter.php(318): CodeIgniter\CodeIgniter->handleRequest(NULL, Object(Config\Cache), false)
#8 /home/vipkey/public_html/index.php(37): CodeIgniter\CodeIgniter->run()
#9 {main}
CRITICAL - 2024-07-23 23:44:32 --> Unknown column 'time' in 'field list'
#0 /home/vipkey/public_html/app/Views/Server/lib.php(56): mysqli_query(Object(mysqli), 'SELECT time FRO...')
#1 /home/vipkey/public_html/vendor/codeigniter4/framework/system/View/View.php(214): include('/home/vipkey/pu...')
#2 /home/vipkey/public_html/vendor/codeigniter4/framework/system/View/View.php(217): CodeIgniter\View\View->CodeIgniter\View\{closure}()
#3 /home/vipkey/public_html/vendor/codeigniter4/framework/system/Common.php(1097): CodeIgniter\View\View->render('Server/lib', Array, true)
#4 /home/vipkey/public_html/app/Controllers/User.php(400): view('Server/lib', Array)
#5 /home/vipkey/public_html/vendor/codeigniter4/framework/system/CodeIgniter.php(824): App\Controllers\User->lib()
#6 /home/vipkey/public_html/vendor/codeigniter4/framework/system/CodeIgniter.php(410): CodeIgniter\CodeIgniter->runController(Object(App\Controllers\User))
#7 /home/vipkey/public_html/vendor/codeigniter4/framework/system/CodeIgniter.php(318): CodeIgniter\CodeIgniter->handleRequest(NULL, Object(Config\Cache), false)
#8 /home/vipkey/public_html/index.php(37): CodeIgniter\CodeIgniter->run()
#9 {main}
CRITICAL - 2024-07-23 23:48:17 --> Table 'vipkey_ravan.Keygen_Links' doesn't exist
#0 /home/vipkey/public_html/app/Views/Server/ManageShortenerLinks.php(88): mysqli_query(Object(mysqli), 'SELECT * FROM `...')
#1 /home/vipkey/public_html/vendor/codeigniter4/framework/system/View/View.php(214): include('/home/vipkey/pu...')
#2 /home/vipkey/public_html/vendor/codeigniter4/framework/system/View/View.php(217): CodeIgniter\View\View->CodeIgniter\View\{closure}()
#3 /home/vipkey/public_html/vendor/codeigniter4/framework/system/Common.php(1097): CodeIgniter\View\View->render('Server/ManageSh...', Array, true)
#4 /home/vipkey/public_html/app/Controllers/User.php(154): view('Server/ManageSh...', Array)
#5 /home/vipkey/public_html/vendor/codeigniter4/framework/system/CodeIgniter.php(824): App\Controllers\User->ManageShortenerLinks()
#6 /home/vipkey/public_html/vendor/codeigniter4/framework/system/CodeIgniter.php(410): CodeIgniter\CodeIgniter->runController(Object(App\Controllers\User))
#7 /home/vipkey/public_html/vendor/codeigniter4/framework/system/CodeIgniter.php(318): CodeIgniter\CodeIgniter->handleRequest(NULL, Object(Config\Cache), false)
#8 /home/vipkey/public_html/index.php(37): CodeIgniter\CodeIgniter->run()
#9 {main}
CRITICAL - 2024-07-23 23:49:57 --> Table 'vipkey_ravan.visitor_logs' doesn't exist
#0 /home/vipkey/public_html/app/Views/Server/ManageHackingAttempt.php(34): mysqli_query(Object(mysqli), 'SELECT * FROM `...')
#1 /home/vipkey/public_html/vendor/codeigniter4/framework/system/View/View.php(214): include('/home/vipkey/pu...')
#2 /home/vipkey/public_html/vendor/codeigniter4/framework/system/View/View.php(217): CodeIgniter\View\View->CodeIgniter\View\{closure}()
#3 /home/vipkey/public_html/vendor/codeigniter4/framework/system/Common.php(1097): CodeIgniter\View\View->render('Server/ManageHa...', Array, true)
#4 /home/vipkey/public_html/app/Controllers/User.php(116): view('Server/ManageHa...', Array)
#5 /home/vipkey/public_html/vendor/codeigniter4/framework/system/CodeIgniter.php(824): App\Controllers\User->ManageHackingAttempt()
#6 /home/vipkey/public_html/vendor/codeigniter4/framework/system/CodeIgniter.php(410): CodeIgniter\CodeIgniter->runController(Object(App\Controllers\User))
#7 /home/vipkey/public_html/vendor/codeigniter4/framework/system/CodeIgniter.php(318): CodeIgniter\CodeIgniter->handleRequest(NULL, Object(Config\Cache), false)
#8 /home/vipkey/public_html/index.php(37): CodeIgniter\CodeIgniter->run()
#9 {main}
CRITICAL - 2024-07-23 23:50:53 --> Unknown column 'time' in 'field list'
#0 /home/vipkey/public_html/app/Views/Server/lib.php(56): mysqli_query(Object(mysqli), 'SELECT time FRO...')
#1 /home/vipkey/public_html/vendor/codeigniter4/framework/system/View/View.php(214): include('/home/vipkey/pu...')
#2 /home/vipkey/public_html/vendor/codeigniter4/framework/system/View/View.php(217): CodeIgniter\View\View->CodeIgniter\View\{closure}()
#3 /home/vipkey/public_html/vendor/codeigniter4/framework/system/Common.php(1097): CodeIgniter\View\View->render('Server/lib', Array, true)
#4 /home/vipkey/public_html/app/Controllers/User.php(400): view('Server/lib', Array)
#5 /home/vipkey/public_html/vendor/codeigniter4/framework/system/CodeIgniter.php(824): App\Controllers\User->lib()
#6 /home/vipkey/public_html/vendor/codeigniter4/framework/system/CodeIgniter.php(410): CodeIgniter\CodeIgniter->runController(Object(App\Controllers\User))
#7 /home/vipkey/public_html/vendor/codeigniter4/framework/system/CodeIgniter.php(318): CodeIgniter\CodeIgniter->handleRequest(NULL, Object(Config\Cache), false)
#8 /home/vipkey/public_html/index.php(37): CodeIgniter\CodeIgniter->run()
#9 {main}
