CRITICAL - 2025-04-25 01:27:10 --> mysqli_connect(): (HY000/1040): Too many connections
#0 [internal function]: CodeIgniter\Debug\Exceptions->errorHandler(2, 'mysqli_connect(...', '/home/kuropane/...', 8, Array)
#1 /home/kuropane/skmodz.kuropanel.shop/conn.php(8): mysqli_connect('localhost', 'kuropane_skmodz', 'kuropane_skmodz', 'kuropane_skmodz')
#2 /home/kuropane/skmodz.kuropanel.shop/app/Controllers/Connect.php(13): include('/home/kuropane/...')
#3 /home/kuropane/skmodz.kuropanel.shop/vendor/codeigniter4/framework/system/CodeIgniter.php(801): App\Controllers\Connect->__construct()
#4 /home/kuropane/skmodz.kuropanel.shop/vendor/codeigniter4/framework/system/CodeIgniter.php(401): CodeIgniter\CodeIgniter->createController()
#5 /home/kuropane/skmodz.kuropanel.shop/vendor/codeigniter4/framework/system/CodeIgniter.php(318): CodeIgniter\CodeIgniter->handleRequest(NULL, Object(Config\Cache), false)
#6 /home/kuropane/skmodz.kuropanel.shop/index.php(37): CodeIgniter\CodeIgniter->run()
#7 {main}
CRITICAL - 2025-04-25 01:30:16 --> mysqli_connect(): (HY000/1040): Too many connections
#0 [internal function]: CodeIgniter\Debug\Exceptions->errorHandler(2, 'mysqli_connect(...', '/home/kuropane/...', 8, Array)
#1 /home/kuropane/skmodz.kuropanel.shop/conn.php(8): mysqli_connect('localhost', 'kuropane_skmodz', 'kuropane_skmodz', 'kuropane_skmodz')
#2 /home/kuropane/skmodz.kuropanel.shop/app/Controllers/Connect.php(13): include('/home/kuropane/...')
#3 /home/kuropane/skmodz.kuropanel.shop/vendor/codeigniter4/framework/system/CodeIgniter.php(801): App\Controllers\Connect->__construct()
#4 /home/kuropane/skmodz.kuropanel.shop/vendor/codeigniter4/framework/system/CodeIgniter.php(401): CodeIgniter\CodeIgniter->createController()
#5 /home/kuropane/skmodz.kuropanel.shop/vendor/codeigniter4/framework/system/CodeIgniter.php(318): CodeIgniter\CodeIgniter->handleRequest(NULL, Object(Config\Cache), false)
#6 /home/kuropane/skmodz.kuropanel.shop/index.php(37): CodeIgniter\CodeIgniter->run()
#7 {main}
CRITICAL - 2025-04-25 01:45:21 --> mysqli_connect(): (HY000/1040): Too many connections
#0 [internal function]: CodeIgniter\Debug\Exceptions->errorHandler(2, 'mysqli_connect(...', '/home/kuropane/...', 8, Array)
#1 /home/kuropane/skmodz.kuropanel.shop/conn.php(8): mysqli_connect('localhost', 'kuropane_skmodz', 'kuropane_skmodz', 'kuropane_skmodz')
#2 /home/kuropane/skmodz.kuropanel.shop/app/Controllers/Connect.php(13): include('/home/kuropane/...')
#3 /home/kuropane/skmodz.kuropanel.shop/vendor/codeigniter4/framework/system/CodeIgniter.php(801): App\Controllers\Connect->__construct()
#4 /home/kuropane/skmodz.kuropanel.shop/vendor/codeigniter4/framework/system/CodeIgniter.php(401): CodeIgniter\CodeIgniter->createController()
#5 /home/kuropane/skmodz.kuropanel.shop/vendor/codeigniter4/framework/system/CodeIgniter.php(318): CodeIgniter\CodeIgniter->handleRequest(NULL, Object(Config\Cache), false)
#6 /home/kuropane/skmodz.kuropanel.shop/index.php(37): CodeIgniter\CodeIgniter->run()
#7 {main}
CRITICAL - 2025-04-25 02:03:11 --> mysqli_connect(): (HY000/1040): Too many connections
#0 [internal function]: CodeIgniter\Debug\Exceptions->errorHandler(2, 'mysqli_connect(...', '/home/kuropane/...', 8, Array)
#1 /home/kuropane/skmodz.kuropanel.shop/conn.php(8): mysqli_connect('localhost', 'kuropane_skmodz', 'kuropane_skmodz', 'kuropane_skmodz')
#2 /home/kuropane/skmodz.kuropanel.shop/app/Controllers/Connect.php(13): include('/home/kuropane/...')
#3 /home/kuropane/skmodz.kuropanel.shop/vendor/codeigniter4/framework/system/CodeIgniter.php(801): App\Controllers\Connect->__construct()
#4 /home/kuropane/skmodz.kuropanel.shop/vendor/codeigniter4/framework/system/CodeIgniter.php(401): CodeIgniter\CodeIgniter->createController()
#5 /home/kuropane/skmodz.kuropanel.shop/vendor/codeigniter4/framework/system/CodeIgniter.php(318): CodeIgniter\CodeIgniter->handleRequest(NULL, Object(Config\Cache), false)
#6 /home/kuropane/skmodz.kuropanel.shop/index.php(37): CodeIgniter\CodeIgniter->run()
#7 {main}
CRITICAL - 2025-04-25 04:20:16 --> mysqli_connect(): (HY000/1040): Too many connections
#0 [internal function]: CodeIgniter\Debug\Exceptions->errorHandler(2, 'mysqli_connect(...', '/home/kuropane/...', 8, Array)
#1 /home/kuropane/skmodz.kuropanel.shop/conn.php(8): mysqli_connect('localhost', 'kuropane_skmodz', 'kuropane_skmodz', 'kuropane_skmodz')
#2 /home/kuropane/skmodz.kuropanel.shop/app/Controllers/Connect.php(13): include('/home/kuropane/...')
#3 /home/kuropane/skmodz.kuropanel.shop/vendor/codeigniter4/framework/system/CodeIgniter.php(801): App\Controllers\Connect->__construct()
#4 /home/kuropane/skmodz.kuropanel.shop/vendor/codeigniter4/framework/system/CodeIgniter.php(401): CodeIgniter\CodeIgniter->createController()
#5 /home/kuropane/skmodz.kuropanel.shop/vendor/codeigniter4/framework/system/CodeIgniter.php(318): CodeIgniter\CodeIgniter->handleRequest(NULL, Object(Config\Cache), false)
#6 /home/kuropane/skmodz.kuropanel.shop/index.php(37): CodeIgniter\CodeIgniter->run()
#7 {main}
CRITICAL - 2025-04-25 04:21:12 --> mysqli_connect(): (HY000/1040): Too many connections
#0 [internal function]: CodeIgniter\Debug\Exceptions->errorHandler(2, 'mysqli_connect(...', '/home/kuropane/...', 8, Array)
#1 /home/kuropane/skmodz.kuropanel.shop/conn.php(8): mysqli_connect('localhost', 'kuropane_skmodz', 'kuropane_skmodz', 'kuropane_skmodz')
#2 /home/kuropane/skmodz.kuropanel.shop/app/Controllers/Connect.php(13): include('/home/kuropane/...')
#3 /home/kuropane/skmodz.kuropanel.shop/vendor/codeigniter4/framework/system/CodeIgniter.php(801): App\Controllers\Connect->__construct()
#4 /home/kuropane/skmodz.kuropanel.shop/vendor/codeigniter4/framework/system/CodeIgniter.php(401): CodeIgniter\CodeIgniter->createController()
#5 /home/kuropane/skmodz.kuropanel.shop/vendor/codeigniter4/framework/system/CodeIgniter.php(318): CodeIgniter\CodeIgniter->handleRequest(NULL, Object(Config\Cache), false)
#6 /home/kuropane/skmodz.kuropanel.shop/index.php(37): CodeIgniter\CodeIgniter->run()
#7 {main}
CRITICAL - 2025-04-25 04:30:14 --> mysqli_connect(): (HY000/1040): Too many connections
#0 [internal function]: CodeIgniter\Debug\Exceptions->errorHandler(2, 'mysqli_connect(...', '/home/kuropane/...', 8, Array)
#1 /home/kuropane/skmodz.kuropanel.shop/conn.php(8): mysqli_connect('localhost', 'kuropane_skmodz', 'kuropane_skmodz', 'kuropane_skmodz')
#2 /home/kuropane/skmodz.kuropanel.shop/app/Controllers/Connect.php(13): include('/home/kuropane/...')
#3 /home/kuropane/skmodz.kuropanel.shop/vendor/codeigniter4/framework/system/CodeIgniter.php(801): App\Controllers\Connect->__construct()
#4 /home/kuropane/skmodz.kuropanel.shop/vendor/codeigniter4/framework/system/CodeIgniter.php(401): CodeIgniter\CodeIgniter->createController()
#5 /home/kuropane/skmodz.kuropanel.shop/vendor/codeigniter4/framework/system/CodeIgniter.php(318): CodeIgniter\CodeIgniter->handleRequest(NULL, Object(Config\Cache), false)
#6 /home/kuropane/skmodz.kuropanel.shop/index.php(37): CodeIgniter\CodeIgniter->run()
#7 {main}
CRITICAL - 2025-04-25 04:40:18 --> mysqli_connect(): (HY000/1040): Too many connections
#0 [internal function]: CodeIgniter\Debug\Exceptions->errorHandler(2, 'mysqli_connect(...', '/home/kuropane/...', 8, Array)
#1 /home/kuropane/skmodz.kuropanel.shop/conn.php(8): mysqli_connect('localhost', 'kuropane_skmodz', 'kuropane_skmodz', 'kuropane_skmodz')
#2 /home/kuropane/skmodz.kuropanel.shop/app/Controllers/Connect.php(13): include('/home/kuropane/...')
#3 /home/kuropane/skmodz.kuropanel.shop/vendor/codeigniter4/framework/system/CodeIgniter.php(801): App\Controllers\Connect->__construct()
#4 /home/kuropane/skmodz.kuropanel.shop/vendor/codeigniter4/framework/system/CodeIgniter.php(401): CodeIgniter\CodeIgniter->createController()
#5 /home/kuropane/skmodz.kuropanel.shop/vendor/codeigniter4/framework/system/CodeIgniter.php(318): CodeIgniter\CodeIgniter->handleRequest(NULL, Object(Config\Cache), false)
#6 /home/kuropane/skmodz.kuropanel.shop/index.php(37): CodeIgniter\CodeIgniter->run()
#7 {main}
CRITICAL - 2025-04-25 11:36:12 --> mysqli_connect(): (HY000/1040): Too many connections
#0 [internal function]: CodeIgniter\Debug\Exceptions->errorHandler(2, 'mysqli_connect(...', '/home/kuropane/...', 8, Array)
#1 /home/kuropane/skmodz.kuropanel.shop/conn.php(8): mysqli_connect('localhost', 'kuropane_skmodz', 'kuropane_skmodz', 'kuropane_skmodz')
#2 /home/kuropane/skmodz.kuropanel.shop/app/Controllers/Connect.php(13): include('/home/kuropane/...')
#3 /home/kuropane/skmodz.kuropanel.shop/vendor/codeigniter4/framework/system/CodeIgniter.php(801): App\Controllers\Connect->__construct()
#4 /home/kuropane/skmodz.kuropanel.shop/vendor/codeigniter4/framework/system/CodeIgniter.php(401): CodeIgniter\CodeIgniter->createController()
#5 /home/kuropane/skmodz.kuropanel.shop/vendor/codeigniter4/framework/system/CodeIgniter.php(318): CodeIgniter\CodeIgniter->handleRequest(NULL, Object(Config\Cache), false)
#6 /home/kuropane/skmodz.kuropanel.shop/index.php(37): CodeIgniter\CodeIgniter->run()
#7 {main}
CRITICAL - 2025-04-25 12:48:14 --> mysqli_connect(): (08004/1040): Too many connections
#0 [internal function]: CodeIgniter\Debug\Exceptions->errorHandler(2, 'mysqli_connect(...', '/home/kuropane/...', 8, Array)
#1 /home/kuropane/skmodz.kuropanel.shop/conn.php(8): mysqli_connect('localhost', 'kuropane_skmodz', 'kuropane_skmodz', 'kuropane_skmodz')
#2 /home/kuropane/skmodz.kuropanel.shop/app/Controllers/Connect.php(13): include('/home/kuropane/...')
#3 /home/kuropane/skmodz.kuropanel.shop/vendor/codeigniter4/framework/system/CodeIgniter.php(801): App\Controllers\Connect->__construct()
#4 /home/kuropane/skmodz.kuropanel.shop/vendor/codeigniter4/framework/system/CodeIgniter.php(401): CodeIgniter\CodeIgniter->createController()
#5 /home/kuropane/skmodz.kuropanel.shop/vendor/codeigniter4/framework/system/CodeIgniter.php(318): CodeIgniter\CodeIgniter->handleRequest(NULL, Object(Config\Cache), false)
#6 /home/kuropane/skmodz.kuropanel.shop/index.php(37): CodeIgniter\CodeIgniter->run()
#7 {main}
ERROR - 2025-04-25 14:25:18 --> Error connecting to the database: Too many connections
CRITICAL - 2025-04-25 14:25:18 --> Unable to connect to the database.
Main connection [MySQLi]: Too many connections
#0 /home/kuropane/skmodz.kuropanel.shop/vendor/codeigniter4/framework/system/Database/BaseConnection.php(577): CodeIgniter\Database\BaseConnection->initialize()
#1 /home/kuropane/skmodz.kuropanel.shop/vendor/codeigniter4/framework/system/Database/BaseBuilder.php(1443): CodeIgniter\Database\BaseConnection->query('SELECT *\nFROM `...', Array, false)
#2 /home/kuropane/skmodz.kuropanel.shop/vendor/codeigniter4/framework/system/Model.php(723): CodeIgniter\Database\BaseBuilder->get()
#3 /home/kuropane/skmodz.kuropanel.shop/app/Models/KeysModel.php(26): CodeIgniter\Model->__call('get', Array)
#4 /home/kuropane/skmodz.kuropanel.shop/app/Controllers/Connect.php(101): App\Models\KeysModel->getKeysGame(Array)
#5 /home/kuropane/skmodz.kuropanel.shop/app/Controllers/Connect.php(38): App\Controllers\Connect->index_post()
#6 /home/kuropane/skmodz.kuropanel.shop/vendor/codeigniter4/framework/system/CodeIgniter.php(824): App\Controllers\Connect->index()
#7 /home/kuropane/skmodz.kuropanel.shop/vendor/codeigniter4/framework/system/CodeIgniter.php(410): CodeIgniter\CodeIgniter->runController(Object(App\Controllers\Connect))
#8 /home/kuropane/skmodz.kuropanel.shop/vendor/codeigniter4/framework/system/CodeIgniter.php(318): CodeIgniter\CodeIgniter->handleRequest(NULL, Object(Config\Cache), false)
#9 /home/kuropane/skmodz.kuropanel.shop/index.php(37): CodeIgniter\CodeIgniter->run()
#10 {main}
CRITICAL - 2025-04-25 16:30:22 --> mysqli_connect(): (HY000/1040): Too many connections
#0 [internal function]: CodeIgniter\Debug\Exceptions->errorHandler(2, 'mysqli_connect(...', '/home/kuropane/...', 8, Array)
#1 /home/kuropane/skmodz.kuropanel.shop/conn.php(8): mysqli_connect('localhost', 'kuropane_skmodz', 'kuropane_skmodz', 'kuropane_skmodz')
#2 /home/kuropane/skmodz.kuropanel.shop/app/Controllers/Connect.php(13): include('/home/kuropane/...')
#3 /home/kuropane/skmodz.kuropanel.shop/vendor/codeigniter4/framework/system/CodeIgniter.php(801): App\Controllers\Connect->__construct()
#4 /home/kuropane/skmodz.kuropanel.shop/vendor/codeigniter4/framework/system/CodeIgniter.php(401): CodeIgniter\CodeIgniter->createController()
#5 /home/kuropane/skmodz.kuropanel.shop/vendor/codeigniter4/framework/system/CodeIgniter.php(318): CodeIgniter\CodeIgniter->handleRequest(NULL, Object(Config\Cache), false)
#6 /home/kuropane/skmodz.kuropanel.shop/index.php(37): CodeIgniter\CodeIgniter->run()
#7 {main}
CRITICAL - 2025-04-25 17:50:15 --> mysqli_connect(): (HY000/1040): Too many connections
#0 [internal function]: CodeIgniter\Debug\Exceptions->errorHandler(2, 'mysqli_connect(...', '/home/kuropane/...', 8, Array)
#1 /home/kuropane/skmodz.kuropanel.shop/conn.php(8): mysqli_connect('localhost', 'kuropane_skmodz', 'kuropane_skmodz', 'kuropane_skmodz')
#2 /home/kuropane/skmodz.kuropanel.shop/app/Controllers/Connect.php(13): include('/home/kuropane/...')
#3 /home/kuropane/skmodz.kuropanel.shop/vendor/codeigniter4/framework/system/CodeIgniter.php(801): App\Controllers\Connect->__construct()
#4 /home/kuropane/skmodz.kuropanel.shop/vendor/codeigniter4/framework/system/CodeIgniter.php(401): CodeIgniter\CodeIgniter->createController()
#5 /home/kuropane/skmodz.kuropanel.shop/vendor/codeigniter4/framework/system/CodeIgniter.php(318): CodeIgniter\CodeIgniter->handleRequest(NULL, Object(Config\Cache), false)
#6 /home/kuropane/skmodz.kuropanel.shop/index.php(37): CodeIgniter\CodeIgniter->run()
#7 {main}
ERROR - 2025-04-25 17:56:08 --> Error connecting to the database: Too many connections
CRITICAL - 2025-04-25 17:56:08 --> Unable to connect to the database.
Main connection [MySQLi]: Too many connections
#0 /home/kuropane/skmodz.kuropanel.shop/vendor/codeigniter4/framework/system/Database/BaseConnection.php(577): CodeIgniter\Database\BaseConnection->initialize()
#1 /home/kuropane/skmodz.kuropanel.shop/vendor/codeigniter4/framework/system/Database/BaseBuilder.php(1443): CodeIgniter\Database\BaseConnection->query('SELECT *\nFROM `...', Array, false)
#2 /home/kuropane/skmodz.kuropanel.shop/vendor/codeigniter4/framework/system/Model.php(723): CodeIgniter\Database\BaseBuilder->get()
#3 /home/kuropane/skmodz.kuropanel.shop/app/Models/KeysModel.php(26): CodeIgniter\Model->__call('get', Array)
#4 /home/kuropane/skmodz.kuropanel.shop/app/Controllers/Connect.php(101): App\Models\KeysModel->getKeysGame(Array)
#5 /home/kuropane/skmodz.kuropanel.shop/app/Controllers/Connect.php(38): App\Controllers\Connect->index_post()
#6 /home/kuropane/skmodz.kuropanel.shop/vendor/codeigniter4/framework/system/CodeIgniter.php(824): App\Controllers\Connect->index()
#7 /home/kuropane/skmodz.kuropanel.shop/vendor/codeigniter4/framework/system/CodeIgniter.php(410): CodeIgniter\CodeIgniter->runController(Object(App\Controllers\Connect))
#8 /home/kuropane/skmodz.kuropanel.shop/vendor/codeigniter4/framework/system/CodeIgniter.php(318): CodeIgniter\CodeIgniter->handleRequest(NULL, Object(Config\Cache), false)
#9 /home/kuropane/skmodz.kuropanel.shop/index.php(37): CodeIgniter\CodeIgniter->run()
#10 {main}
CRITICAL - 2025-04-25 19:11:13 --> mysqli_connect(): (HY000/1040): Too many connections
#0 [internal function]: CodeIgniter\Debug\Exceptions->errorHandler(2, 'mysqli_connect(...', '/home/kuropane/...', 8, Array)
#1 /home/kuropane/skmodz.kuropanel.shop/conn.php(8): mysqli_connect('localhost', 'kuropane_skmodz', 'kuropane_skmodz', 'kuropane_skmodz')
#2 /home/kuropane/skmodz.kuropanel.shop/app/Controllers/Connect.php(13): include('/home/kuropane/...')
#3 /home/kuropane/skmodz.kuropanel.shop/vendor/codeigniter4/framework/system/CodeIgniter.php(801): App\Controllers\Connect->__construct()
#4 /home/kuropane/skmodz.kuropanel.shop/vendor/codeigniter4/framework/system/CodeIgniter.php(401): CodeIgniter\CodeIgniter->createController()
#5 /home/kuropane/skmodz.kuropanel.shop/vendor/codeigniter4/framework/system/CodeIgniter.php(318): CodeIgniter\CodeIgniter->handleRequest(NULL, Object(Config\Cache), false)
#6 /home/kuropane/skmodz.kuropanel.shop/index.php(37): CodeIgniter\CodeIgniter->run()
#7 {main}
CRITICAL - 2025-04-25 19:45:19 --> mysqli_connect(): (HY000/1040): Too many connections
#0 [internal function]: CodeIgniter\Debug\Exceptions->errorHandler(2, 'mysqli_connect(...', '/home/kuropane/...', 8, Array)
#1 /home/kuropane/skmodz.kuropanel.shop/conn.php(8): mysqli_connect('localhost', 'kuropane_skmodz', 'kuropane_skmodz', 'kuropane_skmodz')
#2 /home/kuropane/skmodz.kuropanel.shop/app/Controllers/Connect.php(13): include('/home/kuropane/...')
#3 /home/kuropane/skmodz.kuropanel.shop/vendor/codeigniter4/framework/system/CodeIgniter.php(801): App\Controllers\Connect->__construct()
#4 /home/kuropane/skmodz.kuropanel.shop/vendor/codeigniter4/framework/system/CodeIgniter.php(401): CodeIgniter\CodeIgniter->createController()
#5 /home/kuropane/skmodz.kuropanel.shop/vendor/codeigniter4/framework/system/CodeIgniter.php(318): CodeIgniter\CodeIgniter->handleRequest(NULL, Object(Config\Cache), false)
#6 /home/kuropane/skmodz.kuropanel.shop/index.php(37): CodeIgniter\CodeIgniter->run()
#7 {main}
CRITICAL - 2025-04-25 23:13:09 --> mysqli_connect(): (HY000/1040): Too many connections
#0 [internal function]: CodeIgniter\Debug\Exceptions->errorHandler(2, 'mysqli_connect(...', '/home/kuropane/...', 8, Array)
#1 /home/kuropane/skmodz.kuropanel.shop/conn.php(8): mysqli_connect('localhost', 'kuropane_skmodz', 'kuropane_skmodz', 'kuropane_skmodz')
#2 /home/kuropane/skmodz.kuropanel.shop/app/Controllers/Connect.php(13): include('/home/kuropane/...')
#3 /home/kuropane/skmodz.kuropanel.shop/vendor/codeigniter4/framework/system/CodeIgniter.php(801): App\Controllers\Connect->__construct()
#4 /home/kuropane/skmodz.kuropanel.shop/vendor/codeigniter4/framework/system/CodeIgniter.php(401): CodeIgniter\CodeIgniter->createController()
#5 /home/kuropane/skmodz.kuropanel.shop/vendor/codeigniter4/framework/system/CodeIgniter.php(318): CodeIgniter\CodeIgniter->handleRequest(NULL, Object(Config\Cache), false)
#6 /home/kuropane/skmodz.kuropanel.shop/index.php(37): CodeIgniter\CodeIgniter->run()
#7 {main}
