CRITICAL - 2024-09-08 19:32:26 --> mysqli_fetch_assoc() expects parameter 1 to be mysqli_result, bool given
#0 [internal function]: CodeIgniter\Debug\Exceptions->errorHandler(2, 'mysqli_fetch_as...', '/home/imdaduro/...', 17, Array)
#1 /home/imdaduro/alfas-xd.imdadur.online/app/Controllers/Connect.php(17): mysqli_fetch_assoc(false)
#2 /home/imdaduro/alfas-xd.imdadur.online/vendor/codeigniter4/framework/system/CodeIgniter.php(801): App\Controllers\Connect->__construct()
#3 /home/imdaduro/alfas-xd.imdadur.online/vendor/codeigniter4/framework/system/CodeIgniter.php(401): CodeIgniter\CodeIgniter->createController()
#4 /home/imdaduro/alfas-xd.imdadur.online/vendor/codeigniter4/framework/system/CodeIgniter.php(318): CodeIgniter\CodeIgniter->handleRequest(NULL, Object(Config\Cache), false)
#5 /home/imdaduro/alfas-xd.imdadur.online/index.php(37): CodeIgniter\CodeIgniter->run()
#6 {main}
CRITICAL - 2024-09-08 19:58:02 --> Trying to get property 'level' of non-object
#0 /home/imdaduro/alfas-xd.imdadur.online/app/Models/UserModel.php(71): CodeIgniter\Debug\Exceptions->errorHandler(8, 'Trying to get p...', '/home/imdaduro/...', 71, Array)
#1 /home/imdaduro/alfas-xd.imdadur.online/app/Filters/AuthFilter.php(19): App\Models\UserModel->checkAuthFilter()
#2 /home/imdaduro/alfas-xd.imdadur.online/vendor/codeigniter4/framework/system/Filters/Filters.php(173): App\Filters\AuthFilter->before(Object(CodeIgniter\HTTP\IncomingRequest), NULL)
#3 /home/imdaduro/alfas-xd.imdadur.online/vendor/codeigniter4/framework/system/CodeIgniter.php(384): CodeIgniter\Filters\Filters->run('dashboard', 'before')
#4 /home/imdaduro/alfas-xd.imdadur.online/vendor/codeigniter4/framework/system/CodeIgniter.php(318): CodeIgniter\CodeIgniter->handleRequest(NULL, Object(Config\Cache), false)
#5 /home/imdaduro/alfas-xd.imdadur.online/index.php(37): CodeIgniter\CodeIgniter->run()
#6 {main}
CRITICAL - 2024-09-08 20:41:26 --> Trying to get property 'level' of non-object
#0 /home/imdaduro/alfas-xd.imdadur.online/app/Models/UserModel.php(71): CodeIgniter\Debug\Exceptions->errorHandler(8, 'Trying to get p...', '/home/imdaduro/...', 71, Array)
#1 /home/imdaduro/alfas-xd.imdadur.online/app/Filters/AuthFilter.php(19): App\Models\UserModel->checkAuthFilter()
#2 /home/imdaduro/alfas-xd.imdadur.online/vendor/codeigniter4/framework/system/Filters/Filters.php(173): App\Filters\AuthFilter->before(Object(CodeIgniter\HTTP\IncomingRequest), NULL)
#3 /home/imdaduro/alfas-xd.imdadur.online/vendor/codeigniter4/framework/system/CodeIgniter.php(384): CodeIgniter\Filters\Filters->run('dashboard', 'before')
#4 /home/imdaduro/alfas-xd.imdadur.online/vendor/codeigniter4/framework/system/CodeIgniter.php(318): CodeIgniter\CodeIgniter->handleRequest(NULL, Object(Config\Cache), false)
#5 /home/imdaduro/alfas-xd.imdadur.online/index.php(37): CodeIgniter\CodeIgniter->run()
#6 {main}
