CRITICAL - 2025-04-21 20:00:15 --> mysqli_connect(): (HY000/2002): Can't connect to local MySQL server through socket '/var/lib/mysql/mysql.sock' (11)
#0 [internal function]: CodeIgniter\Debug\Exceptions->errorHandler(2, 'mysqli_connect(...', '/home/kuropane/...', 8, Array)
#1 /home/kuropane/skmodz.kuropanel.shop/conn.php(8): mysqli_connect('localhost', 'kuropane_skmodz', 'kuropane_skmodz', 'kuropane_skmodz')
#2 /home/kuropane/skmodz.kuropanel.shop/app/Controllers/Connect.php(13): include('/home/kuropane/...')
#3 /home/kuropane/skmodz.kuropanel.shop/vendor/codeigniter4/framework/system/CodeIgniter.php(801): App\Controllers\Connect->__construct()
#4 /home/kuropane/skmodz.kuropanel.shop/vendor/codeigniter4/framework/system/CodeIgniter.php(401): CodeIgniter\CodeIgniter->createController()
#5 /home/kuropane/skmodz.kuropanel.shop/vendor/codeigniter4/framework/system/CodeIgniter.php(318): CodeIgniter\CodeIgniter->handleRequest(NULL, Object(Config\Cache), false)
#6 /home/kuropane/skmodz.kuropanel.shop/index.php(37): CodeIgniter\CodeIgniter->run()
#7 {main}
CRITICAL - 2025-04-21 20:55:12 --> mysqli_connect(): (08004/1040): Too many connections
#0 [internal function]: CodeIgniter\Debug\Exceptions->errorHandler(2, 'mysqli_connect(...', '/home/kuropane/...', 8, Array)
#1 /home/kuropane/skmodz.kuropanel.shop/conn.php(8): mysqli_connect('localhost', 'kuropane_skmodz', 'kuropane_skmodz', 'kuropane_skmodz')
#2 /home/kuropane/skmodz.kuropanel.shop/app/Controllers/Connect.php(13): include('/home/kuropane/...')
#3 /home/kuropane/skmodz.kuropanel.shop/vendor/codeigniter4/framework/system/CodeIgniter.php(801): App\Controllers\Connect->__construct()
#4 /home/kuropane/skmodz.kuropanel.shop/vendor/codeigniter4/framework/system/CodeIgniter.php(401): CodeIgniter\CodeIgniter->createController()
#5 /home/kuropane/skmodz.kuropanel.shop/vendor/codeigniter4/framework/system/CodeIgniter.php(318): CodeIgniter\CodeIgniter->handleRequest(NULL, Object(Config\Cache), false)
#6 /home/kuropane/skmodz.kuropanel.shop/index.php(37): CodeIgniter\CodeIgniter->run()
#7 {main}
CRITICAL - 2025-04-21 20:56:07 --> mysqli_connect(): (HY000/1040): Too many connections
#0 [internal function]: CodeIgniter\Debug\Exceptions->errorHandler(2, 'mysqli_connect(...', '/home/kuropane/...', 8, Array)
#1 /home/kuropane/skmodz.kuropanel.shop/conn.php(8): mysqli_connect('localhost', 'kuropane_skmodz', 'kuropane_skmodz', 'kuropane_skmodz')
#2 /home/kuropane/skmodz.kuropanel.shop/app/Controllers/Connect.php(13): include('/home/kuropane/...')
#3 /home/kuropane/skmodz.kuropanel.shop/vendor/codeigniter4/framework/system/CodeIgniter.php(801): App\Controllers\Connect->__construct()
#4 /home/kuropane/skmodz.kuropanel.shop/vendor/codeigniter4/framework/system/CodeIgniter.php(401): CodeIgniter\CodeIgniter->createController()
#5 /home/kuropane/skmodz.kuropanel.shop/vendor/codeigniter4/framework/system/CodeIgniter.php(318): CodeIgniter\CodeIgniter->handleRequest(NULL, Object(Config\Cache), false)
#6 /home/kuropane/skmodz.kuropanel.shop/index.php(37): CodeIgniter\CodeIgniter->run()
#7 {main}
CRITICAL - 2025-04-21 21:00:13 --> mysqli_connect(): (HY000/1040): Too many connections
#0 [internal function]: CodeIgniter\Debug\Exceptions->errorHandler(2, 'mysqli_connect(...', '/home/kuropane/...', 8, Array)
#1 /home/kuropane/skmodz.kuropanel.shop/conn.php(8): mysqli_connect('localhost', 'kuropane_skmodz', 'kuropane_skmodz', 'kuropane_skmodz')
#2 /home/kuropane/skmodz.kuropanel.shop/app/Controllers/Connect.php(13): include('/home/kuropane/...')
#3 /home/kuropane/skmodz.kuropanel.shop/vendor/codeigniter4/framework/system/CodeIgniter.php(801): App\Controllers\Connect->__construct()
#4 /home/kuropane/skmodz.kuropanel.shop/vendor/codeigniter4/framework/system/CodeIgniter.php(401): CodeIgniter\CodeIgniter->createController()
#5 /home/kuropane/skmodz.kuropanel.shop/vendor/codeigniter4/framework/system/CodeIgniter.php(318): CodeIgniter\CodeIgniter->handleRequest(NULL, Object(Config\Cache), false)
#6 /home/kuropane/skmodz.kuropanel.shop/index.php(37): CodeIgniter\CodeIgniter->run()
#7 {main}
CRITICAL - 2025-04-21 21:00:16 --> mysqli_connect(): (HY000/1040): Too many connections
#0 [internal function]: CodeIgniter\Debug\Exceptions->errorHandler(2, 'mysqli_connect(...', '/home/kuropane/...', 8, Array)
#1 /home/kuropane/skmodz.kuropanel.shop/conn.php(8): mysqli_connect('localhost', 'kuropane_skmodz', 'kuropane_skmodz', 'kuropane_skmodz')
#2 /home/kuropane/skmodz.kuropanel.shop/app/Controllers/Connect.php(13): include('/home/kuropane/...')
#3 /home/kuropane/skmodz.kuropanel.shop/vendor/codeigniter4/framework/system/CodeIgniter.php(801): App\Controllers\Connect->__construct()
#4 /home/kuropane/skmodz.kuropanel.shop/vendor/codeigniter4/framework/system/CodeIgniter.php(401): CodeIgniter\CodeIgniter->createController()
#5 /home/kuropane/skmodz.kuropanel.shop/vendor/codeigniter4/framework/system/CodeIgniter.php(318): CodeIgniter\CodeIgniter->handleRequest(NULL, Object(Config\Cache), false)
#6 /home/kuropane/skmodz.kuropanel.shop/index.php(37): CodeIgniter\CodeIgniter->run()
#7 {main}
CRITICAL - 2025-04-21 21:01:07 --> mysqli_connect(): (HY000/1040): Too many connections
#0 [internal function]: CodeIgniter\Debug\Exceptions->errorHandler(2, 'mysqli_connect(...', '/home/kuropane/...', 8, Array)
#1 /home/kuropane/skmodz.kuropanel.shop/conn.php(8): mysqli_connect('localhost', 'kuropane_skmodz', 'kuropane_skmodz', 'kuropane_skmodz')
#2 /home/kuropane/skmodz.kuropanel.shop/app/Controllers/Connect.php(13): include('/home/kuropane/...')
#3 /home/kuropane/skmodz.kuropanel.shop/vendor/codeigniter4/framework/system/CodeIgniter.php(801): App\Controllers\Connect->__construct()
#4 /home/kuropane/skmodz.kuropanel.shop/vendor/codeigniter4/framework/system/CodeIgniter.php(401): CodeIgniter\CodeIgniter->createController()
#5 /home/kuropane/skmodz.kuropanel.shop/vendor/codeigniter4/framework/system/CodeIgniter.php(318): CodeIgniter\CodeIgniter->handleRequest(NULL, Object(Config\Cache), false)
#6 /home/kuropane/skmodz.kuropanel.shop/index.php(37): CodeIgniter\CodeIgniter->run()
#7 {main}
CRITICAL - 2025-04-21 21:50:13 --> mysqli_connect(): (HY000/1040): Too many connections
#0 [internal function]: CodeIgniter\Debug\Exceptions->errorHandler(2, 'mysqli_connect(...', '/home/kuropane/...', 8, Array)
#1 /home/kuropane/skmodz.kuropanel.shop/conn.php(8): mysqli_connect('localhost', 'kuropane_skmodz', 'kuropane_skmodz', 'kuropane_skmodz')
#2 /home/kuropane/skmodz.kuropanel.shop/app/Controllers/Connect.php(13): include('/home/kuropane/...')
#3 /home/kuropane/skmodz.kuropanel.shop/vendor/codeigniter4/framework/system/CodeIgniter.php(801): App\Controllers\Connect->__construct()
#4 /home/kuropane/skmodz.kuropanel.shop/vendor/codeigniter4/framework/system/CodeIgniter.php(401): CodeIgniter\CodeIgniter->createController()
#5 /home/kuropane/skmodz.kuropanel.shop/vendor/codeigniter4/framework/system/CodeIgniter.php(318): CodeIgniter\CodeIgniter->handleRequest(NULL, Object(Config\Cache), false)
#6 /home/kuropane/skmodz.kuropanel.shop/index.php(37): CodeIgniter\CodeIgniter->run()
#7 {main}
CRITICAL - 2025-04-21 21:50:16 --> mysqli_connect(): (HY000/1040): Too many connections
#0 [internal function]: CodeIgniter\Debug\Exceptions->errorHandler(2, 'mysqli_connect(...', '/home/kuropane/...', 8, Array)
#1 /home/kuropane/skmodz.kuropanel.shop/conn.php(8): mysqli_connect('localhost', 'kuropane_skmodz', 'kuropane_skmodz', 'kuropane_skmodz')
#2 /home/kuropane/skmodz.kuropanel.shop/app/Controllers/Connect.php(13): include('/home/kuropane/...')
#3 /home/kuropane/skmodz.kuropanel.shop/vendor/codeigniter4/framework/system/CodeIgniter.php(801): App\Controllers\Connect->__construct()
#4 /home/kuropane/skmodz.kuropanel.shop/vendor/codeigniter4/framework/system/CodeIgniter.php(401): CodeIgniter\CodeIgniter->createController()
#5 /home/kuropane/skmodz.kuropanel.shop/vendor/codeigniter4/framework/system/CodeIgniter.php(318): CodeIgniter\CodeIgniter->handleRequest(NULL, Object(Config\Cache), false)
#6 /home/kuropane/skmodz.kuropanel.shop/index.php(37): CodeIgniter\CodeIgniter->run()
#7 {main}
CRITICAL - 2025-04-21 21:51:09 --> mysqli_connect(): (HY000/1040): Too many connections
#0 [internal function]: CodeIgniter\Debug\Exceptions->errorHandler(2, 'mysqli_connect(...', '/home/kuropane/...', 8, Array)
#1 /home/kuropane/skmodz.kuropanel.shop/conn.php(8): mysqli_connect('localhost', 'kuropane_skmodz', 'kuropane_skmodz', 'kuropane_skmodz')
#2 /home/kuropane/skmodz.kuropanel.shop/app/Controllers/Connect.php(13): include('/home/kuropane/...')
#3 /home/kuropane/skmodz.kuropanel.shop/vendor/codeigniter4/framework/system/CodeIgniter.php(801): App\Controllers\Connect->__construct()
#4 /home/kuropane/skmodz.kuropanel.shop/vendor/codeigniter4/framework/system/CodeIgniter.php(401): CodeIgniter\CodeIgniter->createController()
#5 /home/kuropane/skmodz.kuropanel.shop/vendor/codeigniter4/framework/system/CodeIgniter.php(318): CodeIgniter\CodeIgniter->handleRequest(NULL, Object(Config\Cache), false)
#6 /home/kuropane/skmodz.kuropanel.shop/index.php(37): CodeIgniter\CodeIgniter->run()
#7 {main}
CRITICAL - 2025-04-21 21:55:07 --> mysqli_connect(): (HY000/1040): Too many connections
#0 [internal function]: CodeIgniter\Debug\Exceptions->errorHandler(2, 'mysqli_connect(...', '/home/kuropane/...', 8, Array)
#1 /home/kuropane/skmodz.kuropanel.shop/conn.php(8): mysqli_connect('localhost', 'kuropane_skmodz', 'kuropane_skmodz', 'kuropane_skmodz')
#2 /home/kuropane/skmodz.kuropanel.shop/app/Controllers/Connect.php(13): include('/home/kuropane/...')
#3 /home/kuropane/skmodz.kuropanel.shop/vendor/codeigniter4/framework/system/CodeIgniter.php(801): App\Controllers\Connect->__construct()
#4 /home/kuropane/skmodz.kuropanel.shop/vendor/codeigniter4/framework/system/CodeIgniter.php(401): CodeIgniter\CodeIgniter->createController()
#5 /home/kuropane/skmodz.kuropanel.shop/vendor/codeigniter4/framework/system/CodeIgniter.php(318): CodeIgniter\CodeIgniter->handleRequest(NULL, Object(Config\Cache), false)
#6 /home/kuropane/skmodz.kuropanel.shop/index.php(37): CodeIgniter\CodeIgniter->run()
#7 {main}
