CRITICAL - 2024-11-23 13:44:38 --> Undefined index: HTTP_USER_AGENT
#0 /home/divyajis/prasoyt.divyaji.shop/app/Views/Auth/login.php(57): CodeIgniter\Debug\Exceptions->errorHandler(8, 'Undefined index...', '/home/divyajis/...', 57, Array)
#1 /home/divyajis/prasoyt.divyaji.shop/vendor/codeigniter4/framework/system/View/View.php(214): include('/home/divyajis/...')
#2 /home/divyajis/prasoyt.divyaji.shop/vendor/codeigniter4/framework/system/View/View.php(217): CodeIgniter\View\View->CodeIgniter\View\{closure}()
#3 /home/divyajis/prasoyt.divyaji.shop/vendor/codeigniter4/framework/system/Common.php(1097): CodeIgniter\View\View->render('Auth/login', Array, true)
#4 /home/divyajis/prasoyt.divyaji.shop/app/Controllers/Auth.php(54): view('Auth/login', Array)
#5 /home/divyajis/prasoyt.divyaji.shop/vendor/codeigniter4/framework/system/CodeIgniter.php(824): App\Controllers\Auth->login()
#6 /home/divyajis/prasoyt.divyaji.shop/vendor/codeigniter4/framework/system/CodeIgniter.php(410): CodeIgniter\CodeIgniter->runController(Object(App\Controllers\Auth))
#7 /home/divyajis/prasoyt.divyaji.shop/vendor/codeigniter4/framework/system/CodeIgniter.php(318): CodeIgniter\CodeIgniter->handleRequest(NULL, Object(Config\Cache), false)
#8 /home/divyajis/prasoyt.divyaji.shop/index.php(37): CodeIgniter\CodeIgniter->run()
#9 {main}
CRITICAL - 2024-11-23 13:44:39 --> Undefined index: HTTP_USER_AGENT
#0 /home/divyajis/prasoyt.divyaji.shop/app/Views/Auth/login.php(57): CodeIgniter\Debug\Exceptions->errorHandler(8, 'Undefined index...', '/home/divyajis/...', 57, Array)
#1 /home/divyajis/prasoyt.divyaji.shop/vendor/codeigniter4/framework/system/View/View.php(214): include('/home/divyajis/...')
#2 /home/divyajis/prasoyt.divyaji.shop/vendor/codeigniter4/framework/system/View/View.php(217): CodeIgniter\View\View->CodeIgniter\View\{closure}()
#3 /home/divyajis/prasoyt.divyaji.shop/vendor/codeigniter4/framework/system/Common.php(1097): CodeIgniter\View\View->render('Auth/login', Array, true)
#4 /home/divyajis/prasoyt.divyaji.shop/app/Controllers/Auth.php(54): view('Auth/login', Array)
#5 /home/divyajis/prasoyt.divyaji.shop/vendor/codeigniter4/framework/system/CodeIgniter.php(824): App\Controllers\Auth->login()
#6 /home/divyajis/prasoyt.divyaji.shop/vendor/codeigniter4/framework/system/CodeIgniter.php(410): CodeIgniter\CodeIgniter->runController(Object(App\Controllers\Auth))
#7 /home/divyajis/prasoyt.divyaji.shop/vendor/codeigniter4/framework/system/CodeIgniter.php(318): CodeIgniter\CodeIgniter->handleRequest(NULL, Object(Config\Cache), false)
#8 /home/divyajis/prasoyt.divyaji.shop/index.php(37): CodeIgniter\CodeIgniter->run()
#9 {main}
CRITICAL - 2024-11-23 13:44:40 --> Undefined index: HTTP_USER_AGENT
#0 /home/divyajis/prasoyt.divyaji.shop/app/Views/Auth/login.php(57): CodeIgniter\Debug\Exceptions->errorHandler(8, 'Undefined index...', '/home/divyajis/...', 57, Array)
#1 /home/divyajis/prasoyt.divyaji.shop/vendor/codeigniter4/framework/system/View/View.php(214): include('/home/divyajis/...')
#2 /home/divyajis/prasoyt.divyaji.shop/vendor/codeigniter4/framework/system/View/View.php(217): CodeIgniter\View\View->CodeIgniter\View\{closure}()
#3 /home/divyajis/prasoyt.divyaji.shop/vendor/codeigniter4/framework/system/Common.php(1097): CodeIgniter\View\View->render('Auth/login', Array, true)
#4 /home/divyajis/prasoyt.divyaji.shop/app/Controllers/Auth.php(54): view('Auth/login', Array)
#5 /home/divyajis/prasoyt.divyaji.shop/vendor/codeigniter4/framework/system/CodeIgniter.php(824): App\Controllers\Auth->login()
#6 /home/divyajis/prasoyt.divyaji.shop/vendor/codeigniter4/framework/system/CodeIgniter.php(410): CodeIgniter\CodeIgniter->runController(Object(App\Controllers\Auth))
#7 /home/divyajis/prasoyt.divyaji.shop/vendor/codeigniter4/framework/system/CodeIgniter.php(318): CodeIgniter\CodeIgniter->handleRequest(NULL, Object(Config\Cache), false)
#8 /home/divyajis/prasoyt.divyaji.shop/index.php(37): CodeIgniter\CodeIgniter->run()
#9 {main}
CRITICAL - 2024-11-23 16:01:51 --> Undefined index: HTTP_USER_AGENT
#0 /home/divyajis/prasoyt.divyaji.shop/app/Views/Auth/login.php(57): CodeIgniter\Debug\Exceptions->errorHandler(8, 'Undefined index...', '/home/divyajis/...', 57, Array)
#1 /home/divyajis/prasoyt.divyaji.shop/vendor/codeigniter4/framework/system/View/View.php(214): include('/home/divyajis/...')
#2 /home/divyajis/prasoyt.divyaji.shop/vendor/codeigniter4/framework/system/View/View.php(217): CodeIgniter\View\View->CodeIgniter\View\{closure}()
#3 /home/divyajis/prasoyt.divyaji.shop/vendor/codeigniter4/framework/system/Common.php(1097): CodeIgniter\View\View->render('Auth/login', Array, true)
#4 /home/divyajis/prasoyt.divyaji.shop/app/Controllers/Auth.php(54): view('Auth/login', Array)
#5 /home/divyajis/prasoyt.divyaji.shop/vendor/codeigniter4/framework/system/CodeIgniter.php(824): App\Controllers\Auth->login()
#6 /home/divyajis/prasoyt.divyaji.shop/vendor/codeigniter4/framework/system/CodeIgniter.php(410): CodeIgniter\CodeIgniter->runController(Object(App\Controllers\Auth))
#7 /home/divyajis/prasoyt.divyaji.shop/vendor/codeigniter4/framework/system/CodeIgniter.php(318): CodeIgniter\CodeIgniter->handleRequest(NULL, Object(Config\Cache), false)
#8 /home/divyajis/prasoyt.divyaji.shop/index.php(37): CodeIgniter\CodeIgniter->run()
#9 {main}
CRITICAL - 2024-11-23 16:01:52 --> Undefined index: HTTP_USER_AGENT
#0 /home/divyajis/prasoyt.divyaji.shop/app/Views/Auth/login.php(57): CodeIgniter\Debug\Exceptions->errorHandler(8, 'Undefined index...', '/home/divyajis/...', 57, Array)
#1 /home/divyajis/prasoyt.divyaji.shop/vendor/codeigniter4/framework/system/View/View.php(214): include('/home/divyajis/...')
#2 /home/divyajis/prasoyt.divyaji.shop/vendor/codeigniter4/framework/system/View/View.php(217): CodeIgniter\View\View->CodeIgniter\View\{closure}()
#3 /home/divyajis/prasoyt.divyaji.shop/vendor/codeigniter4/framework/system/Common.php(1097): CodeIgniter\View\View->render('Auth/login', Array, true)
#4 /home/divyajis/prasoyt.divyaji.shop/app/Controllers/Auth.php(54): view('Auth/login', Array)
#5 /home/divyajis/prasoyt.divyaji.shop/vendor/codeigniter4/framework/system/CodeIgniter.php(824): App\Controllers\Auth->login()
#6 /home/divyajis/prasoyt.divyaji.shop/vendor/codeigniter4/framework/system/CodeIgniter.php(410): CodeIgniter\CodeIgniter->runController(Object(App\Controllers\Auth))
#7 /home/divyajis/prasoyt.divyaji.shop/vendor/codeigniter4/framework/system/CodeIgniter.php(318): CodeIgniter\CodeIgniter->handleRequest(NULL, Object(Config\Cache), false)
#8 /home/divyajis/prasoyt.divyaji.shop/index.php(37): CodeIgniter\CodeIgniter->run()
#9 {main}
CRITICAL - 2024-11-23 16:01:53 --> Undefined index: HTTP_USER_AGENT
#0 /home/divyajis/prasoyt.divyaji.shop/app/Views/Auth/login.php(57): CodeIgniter\Debug\Exceptions->errorHandler(8, 'Undefined index...', '/home/divyajis/...', 57, Array)
#1 /home/divyajis/prasoyt.divyaji.shop/vendor/codeigniter4/framework/system/View/View.php(214): include('/home/divyajis/...')
#2 /home/divyajis/prasoyt.divyaji.shop/vendor/codeigniter4/framework/system/View/View.php(217): CodeIgniter\View\View->CodeIgniter\View\{closure}()
#3 /home/divyajis/prasoyt.divyaji.shop/vendor/codeigniter4/framework/system/Common.php(1097): CodeIgniter\View\View->render('Auth/login', Array, true)
#4 /home/divyajis/prasoyt.divyaji.shop/app/Controllers/Auth.php(54): view('Auth/login', Array)
#5 /home/divyajis/prasoyt.divyaji.shop/vendor/codeigniter4/framework/system/CodeIgniter.php(824): App\Controllers\Auth->login()
#6 /home/divyajis/prasoyt.divyaji.shop/vendor/codeigniter4/framework/system/CodeIgniter.php(410): CodeIgniter\CodeIgniter->runController(Object(App\Controllers\Auth))
#7 /home/divyajis/prasoyt.divyaji.shop/vendor/codeigniter4/framework/system/CodeIgniter.php(318): CodeIgniter\CodeIgniter->handleRequest(NULL, Object(Config\Cache), false)
#8 /home/divyajis/prasoyt.divyaji.shop/index.php(37): CodeIgniter\CodeIgniter->run()
#9 {main}
CRITICAL - 2024-11-23 18:17:34 --> Undefined index: HTTP_USER_AGENT
#0 /home/divyajis/prasoyt.divyaji.shop/app/Views/Auth/login.php(57): CodeIgniter\Debug\Exceptions->errorHandler(8, 'Undefined index...', '/home/divyajis/...', 57, Array)
#1 /home/divyajis/prasoyt.divyaji.shop/vendor/codeigniter4/framework/system/View/View.php(214): include('/home/divyajis/...')
#2 /home/divyajis/prasoyt.divyaji.shop/vendor/codeigniter4/framework/system/View/View.php(217): CodeIgniter\View\View->CodeIgniter\View\{closure}()
#3 /home/divyajis/prasoyt.divyaji.shop/vendor/codeigniter4/framework/system/Common.php(1097): CodeIgniter\View\View->render('Auth/login', Array, true)
#4 /home/divyajis/prasoyt.divyaji.shop/app/Controllers/Auth.php(54): view('Auth/login', Array)
#5 /home/divyajis/prasoyt.divyaji.shop/vendor/codeigniter4/framework/system/CodeIgniter.php(824): App\Controllers\Auth->login()
#6 /home/divyajis/prasoyt.divyaji.shop/vendor/codeigniter4/framework/system/CodeIgniter.php(410): CodeIgniter\CodeIgniter->runController(Object(App\Controllers\Auth))
#7 /home/divyajis/prasoyt.divyaji.shop/vendor/codeigniter4/framework/system/CodeIgniter.php(318): CodeIgniter\CodeIgniter->handleRequest(NULL, Object(Config\Cache), false)
#8 /home/divyajis/prasoyt.divyaji.shop/index.php(37): CodeIgniter\CodeIgniter->run()
#9 {main}
CRITICAL - 2024-11-23 18:17:35 --> Undefined index: HTTP_USER_AGENT
#0 /home/divyajis/prasoyt.divyaji.shop/app/Views/Auth/login.php(57): CodeIgniter\Debug\Exceptions->errorHandler(8, 'Undefined index...', '/home/divyajis/...', 57, Array)
#1 /home/divyajis/prasoyt.divyaji.shop/vendor/codeigniter4/framework/system/View/View.php(214): include('/home/divyajis/...')
#2 /home/divyajis/prasoyt.divyaji.shop/vendor/codeigniter4/framework/system/View/View.php(217): CodeIgniter\View\View->CodeIgniter\View\{closure}()
#3 /home/divyajis/prasoyt.divyaji.shop/vendor/codeigniter4/framework/system/Common.php(1097): CodeIgniter\View\View->render('Auth/login', Array, true)
#4 /home/divyajis/prasoyt.divyaji.shop/app/Controllers/Auth.php(54): view('Auth/login', Array)
#5 /home/divyajis/prasoyt.divyaji.shop/vendor/codeigniter4/framework/system/CodeIgniter.php(824): App\Controllers\Auth->login()
#6 /home/divyajis/prasoyt.divyaji.shop/vendor/codeigniter4/framework/system/CodeIgniter.php(410): CodeIgniter\CodeIgniter->runController(Object(App\Controllers\Auth))
#7 /home/divyajis/prasoyt.divyaji.shop/vendor/codeigniter4/framework/system/CodeIgniter.php(318): CodeIgniter\CodeIgniter->handleRequest(NULL, Object(Config\Cache), false)
#8 /home/divyajis/prasoyt.divyaji.shop/index.php(37): CodeIgniter\CodeIgniter->run()
#9 {main}
CRITICAL - 2024-11-23 18:17:36 --> Undefined index: HTTP_USER_AGENT
#0 /home/divyajis/prasoyt.divyaji.shop/app/Views/Auth/login.php(57): CodeIgniter\Debug\Exceptions->errorHandler(8, 'Undefined index...', '/home/divyajis/...', 57, Array)
#1 /home/divyajis/prasoyt.divyaji.shop/vendor/codeigniter4/framework/system/View/View.php(214): include('/home/divyajis/...')
#2 /home/divyajis/prasoyt.divyaji.shop/vendor/codeigniter4/framework/system/View/View.php(217): CodeIgniter\View\View->CodeIgniter\View\{closure}()
#3 /home/divyajis/prasoyt.divyaji.shop/vendor/codeigniter4/framework/system/Common.php(1097): CodeIgniter\View\View->render('Auth/login', Array, true)
#4 /home/divyajis/prasoyt.divyaji.shop/app/Controllers/Auth.php(54): view('Auth/login', Array)
#5 /home/divyajis/prasoyt.divyaji.shop/vendor/codeigniter4/framework/system/CodeIgniter.php(824): App\Controllers\Auth->login()
#6 /home/divyajis/prasoyt.divyaji.shop/vendor/codeigniter4/framework/system/CodeIgniter.php(410): CodeIgniter\CodeIgniter->runController(Object(App\Controllers\Auth))
#7 /home/divyajis/prasoyt.divyaji.shop/vendor/codeigniter4/framework/system/CodeIgniter.php(318): CodeIgniter\CodeIgniter->handleRequest(NULL, Object(Config\Cache), false)
#8 /home/divyajis/prasoyt.divyaji.shop/index.php(37): CodeIgniter\CodeIgniter->run()
#9 {main}
CRITICAL - 2024-11-23 18:17:36 --> Undefined index: HTTP_USER_AGENT
#0 /home/divyajis/prasoyt.divyaji.shop/app/Views/Auth/login.php(57): CodeIgniter\Debug\Exceptions->errorHandler(8, 'Undefined index...', '/home/divyajis/...', 57, Array)
#1 /home/divyajis/prasoyt.divyaji.shop/vendor/codeigniter4/framework/system/View/View.php(214): include('/home/divyajis/...')
#2 /home/divyajis/prasoyt.divyaji.shop/vendor/codeigniter4/framework/system/View/View.php(217): CodeIgniter\View\View->CodeIgniter\View\{closure}()
#3 /home/divyajis/prasoyt.divyaji.shop/vendor/codeigniter4/framework/system/Common.php(1097): CodeIgniter\View\View->render('Auth/login', Array, true)
#4 /home/divyajis/prasoyt.divyaji.shop/app/Controllers/Auth.php(54): view('Auth/login', Array)
#5 /home/divyajis/prasoyt.divyaji.shop/vendor/codeigniter4/framework/system/CodeIgniter.php(824): App\Controllers\Auth->login()
#6 /home/divyajis/prasoyt.divyaji.shop/vendor/codeigniter4/framework/system/CodeIgniter.php(410): CodeIgniter\CodeIgniter->runController(Object(App\Controllers\Auth))
#7 /home/divyajis/prasoyt.divyaji.shop/vendor/codeigniter4/framework/system/CodeIgniter.php(318): CodeIgniter\CodeIgniter->handleRequest(NULL, Object(Config\Cache), false)
#8 /home/divyajis/prasoyt.divyaji.shop/index.php(37): CodeIgniter\CodeIgniter->run()
#9 {main}
CRITICAL - 2024-11-23 18:17:37 --> Undefined index: HTTP_USER_AGENT
#0 /home/divyajis/prasoyt.divyaji.shop/app/Views/Auth/login.php(57): CodeIgniter\Debug\Exceptions->errorHandler(8, 'Undefined index...', '/home/divyajis/...', 57, Array)
#1 /home/divyajis/prasoyt.divyaji.shop/vendor/codeigniter4/framework/system/View/View.php(214): include('/home/divyajis/...')
#2 /home/divyajis/prasoyt.divyaji.shop/vendor/codeigniter4/framework/system/View/View.php(217): CodeIgniter\View\View->CodeIgniter\View\{closure}()
#3 /home/divyajis/prasoyt.divyaji.shop/vendor/codeigniter4/framework/system/Common.php(1097): CodeIgniter\View\View->render('Auth/login', Array, true)
#4 /home/divyajis/prasoyt.divyaji.shop/app/Controllers/Auth.php(54): view('Auth/login', Array)
#5 /home/divyajis/prasoyt.divyaji.shop/vendor/codeigniter4/framework/system/CodeIgniter.php(824): App\Controllers\Auth->login()
#6 /home/divyajis/prasoyt.divyaji.shop/vendor/codeigniter4/framework/system/CodeIgniter.php(410): CodeIgniter\CodeIgniter->runController(Object(App\Controllers\Auth))
#7 /home/divyajis/prasoyt.divyaji.shop/vendor/codeigniter4/framework/system/CodeIgniter.php(318): CodeIgniter\CodeIgniter->handleRequest(NULL, Object(Config\Cache), false)
#8 /home/divyajis/prasoyt.divyaji.shop/index.php(37): CodeIgniter\CodeIgniter->run()
#9 {main}
CRITICAL - 2024-11-23 18:17:37 --> Undefined index: HTTP_USER_AGENT
#0 /home/divyajis/prasoyt.divyaji.shop/app/Views/Auth/login.php(57): CodeIgniter\Debug\Exceptions->errorHandler(8, 'Undefined index...', '/home/divyajis/...', 57, Array)
#1 /home/divyajis/prasoyt.divyaji.shop/vendor/codeigniter4/framework/system/View/View.php(214): include('/home/divyajis/...')
#2 /home/divyajis/prasoyt.divyaji.shop/vendor/codeigniter4/framework/system/View/View.php(217): CodeIgniter\View\View->CodeIgniter\View\{closure}()
#3 /home/divyajis/prasoyt.divyaji.shop/vendor/codeigniter4/framework/system/Common.php(1097): CodeIgniter\View\View->render('Auth/login', Array, true)
#4 /home/divyajis/prasoyt.divyaji.shop/app/Controllers/Auth.php(54): view('Auth/login', Array)
#5 /home/divyajis/prasoyt.divyaji.shop/vendor/codeigniter4/framework/system/CodeIgniter.php(824): App\Controllers\Auth->login()
#6 /home/divyajis/prasoyt.divyaji.shop/vendor/codeigniter4/framework/system/CodeIgniter.php(410): CodeIgniter\CodeIgniter->runController(Object(App\Controllers\Auth))
#7 /home/divyajis/prasoyt.divyaji.shop/vendor/codeigniter4/framework/system/CodeIgniter.php(318): CodeIgniter\CodeIgniter->handleRequest(NULL, Object(Config\Cache), false)
#8 /home/divyajis/prasoyt.divyaji.shop/index.php(37): CodeIgniter\CodeIgniter->run()
#9 {main}
