CRITICAL - 2024-12-18 14:25:55 --> Undefined index: HTTP_USER_AGENT
#0 /home/divyajis/prasoyt.divyaji.shop/app/Views/Auth/login.php(57): CodeIgniter\Debug\Exceptions->errorHandler(8, 'Undefined index...', '/home/divyajis/...', 57, Array)
#1 /home/divyajis/prasoyt.divyaji.shop/vendor/codeigniter4/framework/system/View/View.php(214): include('/home/divyajis/...')
#2 /home/divyajis/prasoyt.divyaji.shop/vendor/codeigniter4/framework/system/View/View.php(217): CodeIgniter\View\View->CodeIgniter\View\{closure}()
#3 /home/divyajis/prasoyt.divyaji.shop/vendor/codeigniter4/framework/system/Common.php(1097): CodeIgniter\View\View->render('Auth/login', Array, true)
#4 /home/divyajis/prasoyt.divyaji.shop/app/Controllers/Auth.php(54): view('Auth/login', Array)
#5 /home/divyajis/prasoyt.divyaji.shop/vendor/codeigniter4/framework/system/CodeIgniter.php(824): App\Controllers\Auth->login()
#6 /home/divyajis/prasoyt.divyaji.shop/vendor/codeigniter4/framework/system/CodeIgniter.php(410): CodeIgniter\CodeIgniter->runController(Object(App\Controllers\Auth))
#7 /home/divyajis/prasoyt.divyaji.shop/vendor/codeigniter4/framework/system/CodeIgniter.php(318): CodeIgniter\CodeIgniter->handleRequest(NULL, Object(Config\Cache), false)
#8 /home/divyajis/prasoyt.divyaji.shop/index.php(37): CodeIgniter\CodeIgniter->run()
#9 {main}
CRITICAL - 2024-12-18 14:25:56 --> Undefined index: HTTP_USER_AGENT
#0 /home/divyajis/prasoyt.divyaji.shop/app/Views/Auth/login.php(57): CodeIgniter\Debug\Exceptions->errorHandler(8, 'Undefined index...', '/home/divyajis/...', 57, Array)
#1 /home/divyajis/prasoyt.divyaji.shop/vendor/codeigniter4/framework/system/View/View.php(214): include('/home/divyajis/...')
#2 /home/divyajis/prasoyt.divyaji.shop/vendor/codeigniter4/framework/system/View/View.php(217): CodeIgniter\View\View->CodeIgniter\View\{closure}()
#3 /home/divyajis/prasoyt.divyaji.shop/vendor/codeigniter4/framework/system/Common.php(1097): CodeIgniter\View\View->render('Auth/login', Array, true)
#4 /home/divyajis/prasoyt.divyaji.shop/app/Controllers/Auth.php(54): view('Auth/login', Array)
#5 /home/divyajis/prasoyt.divyaji.shop/vendor/codeigniter4/framework/system/CodeIgniter.php(824): App\Controllers\Auth->login()
#6 /home/divyajis/prasoyt.divyaji.shop/vendor/codeigniter4/framework/system/CodeIgniter.php(410): CodeIgniter\CodeIgniter->runController(Object(App\Controllers\Auth))
#7 /home/divyajis/prasoyt.divyaji.shop/vendor/codeigniter4/framework/system/CodeIgniter.php(318): CodeIgniter\CodeIgniter->handleRequest(NULL, Object(Config\Cache), false)
#8 /home/divyajis/prasoyt.divyaji.shop/index.php(37): CodeIgniter\CodeIgniter->run()
#9 {main}
CRITICAL - 2024-12-18 14:25:57 --> Undefined index: HTTP_USER_AGENT
#0 /home/divyajis/prasoyt.divyaji.shop/app/Views/Auth/login.php(57): CodeIgniter\Debug\Exceptions->errorHandler(8, 'Undefined index...', '/home/divyajis/...', 57, Array)
#1 /home/divyajis/prasoyt.divyaji.shop/vendor/codeigniter4/framework/system/View/View.php(214): include('/home/divyajis/...')
#2 /home/divyajis/prasoyt.divyaji.shop/vendor/codeigniter4/framework/system/View/View.php(217): CodeIgniter\View\View->CodeIgniter\View\{closure}()
#3 /home/divyajis/prasoyt.divyaji.shop/vendor/codeigniter4/framework/system/Common.php(1097): CodeIgniter\View\View->render('Auth/login', Array, true)
#4 /home/divyajis/prasoyt.divyaji.shop/app/Controllers/Auth.php(54): view('Auth/login', Array)
#5 /home/divyajis/prasoyt.divyaji.shop/vendor/codeigniter4/framework/system/CodeIgniter.php(824): App\Controllers\Auth->login()
#6 /home/divyajis/prasoyt.divyaji.shop/vendor/codeigniter4/framework/system/CodeIgniter.php(410): CodeIgniter\CodeIgniter->runController(Object(App\Controllers\Auth))
#7 /home/divyajis/prasoyt.divyaji.shop/vendor/codeigniter4/framework/system/CodeIgniter.php(318): CodeIgniter\CodeIgniter->handleRequest(NULL, Object(Config\Cache), false)
#8 /home/divyajis/prasoyt.divyaji.shop/index.php(37): CodeIgniter\CodeIgniter->run()
#9 {main}
CRITICAL - 2024-12-18 14:25:57 --> Undefined index: HTTP_USER_AGENT
#0 /home/divyajis/prasoyt.divyaji.shop/app/Views/Auth/login.php(57): CodeIgniter\Debug\Exceptions->errorHandler(8, 'Undefined index...', '/home/divyajis/...', 57, Array)
#1 /home/divyajis/prasoyt.divyaji.shop/vendor/codeigniter4/framework/system/View/View.php(214): include('/home/divyajis/...')
#2 /home/divyajis/prasoyt.divyaji.shop/vendor/codeigniter4/framework/system/View/View.php(217): CodeIgniter\View\View->CodeIgniter\View\{closure}()
#3 /home/divyajis/prasoyt.divyaji.shop/vendor/codeigniter4/framework/system/Common.php(1097): CodeIgniter\View\View->render('Auth/login', Array, true)
#4 /home/divyajis/prasoyt.divyaji.shop/app/Controllers/Auth.php(54): view('Auth/login', Array)
#5 /home/divyajis/prasoyt.divyaji.shop/vendor/codeigniter4/framework/system/CodeIgniter.php(824): App\Controllers\Auth->login()
#6 /home/divyajis/prasoyt.divyaji.shop/vendor/codeigniter4/framework/system/CodeIgniter.php(410): CodeIgniter\CodeIgniter->runController(Object(App\Controllers\Auth))
#7 /home/divyajis/prasoyt.divyaji.shop/vendor/codeigniter4/framework/system/CodeIgniter.php(318): CodeIgniter\CodeIgniter->handleRequest(NULL, Object(Config\Cache), false)
#8 /home/divyajis/prasoyt.divyaji.shop/index.php(37): CodeIgniter\CodeIgniter->run()
#9 {main}
CRITICAL - 2024-12-18 14:25:58 --> Undefined index: HTTP_USER_AGENT
#0 /home/divyajis/prasoyt.divyaji.shop/app/Views/Auth/login.php(57): CodeIgniter\Debug\Exceptions->errorHandler(8, 'Undefined index...', '/home/divyajis/...', 57, Array)
#1 /home/divyajis/prasoyt.divyaji.shop/vendor/codeigniter4/framework/system/View/View.php(214): include('/home/divyajis/...')
#2 /home/divyajis/prasoyt.divyaji.shop/vendor/codeigniter4/framework/system/View/View.php(217): CodeIgniter\View\View->CodeIgniter\View\{closure}()
#3 /home/divyajis/prasoyt.divyaji.shop/vendor/codeigniter4/framework/system/Common.php(1097): CodeIgniter\View\View->render('Auth/login', Array, true)
#4 /home/divyajis/prasoyt.divyaji.shop/app/Controllers/Auth.php(54): view('Auth/login', Array)
#5 /home/divyajis/prasoyt.divyaji.shop/vendor/codeigniter4/framework/system/CodeIgniter.php(824): App\Controllers\Auth->login()
#6 /home/divyajis/prasoyt.divyaji.shop/vendor/codeigniter4/framework/system/CodeIgniter.php(410): CodeIgniter\CodeIgniter->runController(Object(App\Controllers\Auth))
#7 /home/divyajis/prasoyt.divyaji.shop/vendor/codeigniter4/framework/system/CodeIgniter.php(318): CodeIgniter\CodeIgniter->handleRequest(NULL, Object(Config\Cache), false)
#8 /home/divyajis/prasoyt.divyaji.shop/index.php(37): CodeIgniter\CodeIgniter->run()
#9 {main}
CRITICAL - 2024-12-18 14:25:58 --> Undefined index: HTTP_USER_AGENT
#0 /home/divyajis/prasoyt.divyaji.shop/app/Views/Auth/login.php(57): CodeIgniter\Debug\Exceptions->errorHandler(8, 'Undefined index...', '/home/divyajis/...', 57, Array)
#1 /home/divyajis/prasoyt.divyaji.shop/vendor/codeigniter4/framework/system/View/View.php(214): include('/home/divyajis/...')
#2 /home/divyajis/prasoyt.divyaji.shop/vendor/codeigniter4/framework/system/View/View.php(217): CodeIgniter\View\View->CodeIgniter\View\{closure}()
#3 /home/divyajis/prasoyt.divyaji.shop/vendor/codeigniter4/framework/system/Common.php(1097): CodeIgniter\View\View->render('Auth/login', Array, true)
#4 /home/divyajis/prasoyt.divyaji.shop/app/Controllers/Auth.php(54): view('Auth/login', Array)
#5 /home/divyajis/prasoyt.divyaji.shop/vendor/codeigniter4/framework/system/CodeIgniter.php(824): App\Controllers\Auth->login()
#6 /home/divyajis/prasoyt.divyaji.shop/vendor/codeigniter4/framework/system/CodeIgniter.php(410): CodeIgniter\CodeIgniter->runController(Object(App\Controllers\Auth))
#7 /home/divyajis/prasoyt.divyaji.shop/vendor/codeigniter4/framework/system/CodeIgniter.php(318): CodeIgniter\CodeIgniter->handleRequest(NULL, Object(Config\Cache), false)
#8 /home/divyajis/prasoyt.divyaji.shop/index.php(37): CodeIgniter\CodeIgniter->run()
#9 {main}
CRITICAL - 2024-12-18 14:35:35 --> mysqli_connect(): (08004/1040): Too many connections
#0 [internal function]: CodeIgniter\Debug\Exceptions->errorHandler(2, 'mysqli_connect(...', '/home/divyajis/...', 8, Array)
#1 /home/divyajis/prasoyt.divyaji.shop/conn.php(8): mysqli_connect('localhost', 'divyajis_praso', 'divyajis_praso', 'divyajis_praso')
#2 /home/divyajis/prasoyt.divyaji.shop/app/Controllers/Connect.php(13): include('/home/divyajis/...')
#3 /home/divyajis/prasoyt.divyaji.shop/vendor/codeigniter4/framework/system/CodeIgniter.php(801): App\Controllers\Connect->__construct()
#4 /home/divyajis/prasoyt.divyaji.shop/vendor/codeigniter4/framework/system/CodeIgniter.php(401): CodeIgniter\CodeIgniter->createController()
#5 /home/divyajis/prasoyt.divyaji.shop/vendor/codeigniter4/framework/system/CodeIgniter.php(318): CodeIgniter\CodeIgniter->handleRequest(NULL, Object(Config\Cache), false)
#6 /home/divyajis/prasoyt.divyaji.shop/index.php(37): CodeIgniter\CodeIgniter->run()
#7 {main}
CRITICAL - 2024-12-18 14:35:47 --> mysqli_connect(): (HY000/1040): Too many connections
#0 [internal function]: CodeIgniter\Debug\Exceptions->errorHandler(2, 'mysqli_connect(...', '/home/divyajis/...', 8, Array)
#1 /home/divyajis/prasoyt.divyaji.shop/conn.php(8): mysqli_connect('localhost', 'divyajis_praso', 'divyajis_praso', 'divyajis_praso')
#2 /home/divyajis/prasoyt.divyaji.shop/app/Controllers/Connect.php(13): include('/home/divyajis/...')
#3 /home/divyajis/prasoyt.divyaji.shop/vendor/codeigniter4/framework/system/CodeIgniter.php(801): App\Controllers\Connect->__construct()
#4 /home/divyajis/prasoyt.divyaji.shop/vendor/codeigniter4/framework/system/CodeIgniter.php(401): CodeIgniter\CodeIgniter->createController()
#5 /home/divyajis/prasoyt.divyaji.shop/vendor/codeigniter4/framework/system/CodeIgniter.php(318): CodeIgniter\CodeIgniter->handleRequest(NULL, Object(Config\Cache), false)
#6 /home/divyajis/prasoyt.divyaji.shop/index.php(37): CodeIgniter\CodeIgniter->run()
#7 {main}
CRITICAL - 2024-12-18 14:35:48 --> mysqli_connect(): (HY000/1040): Too many connections
#0 [internal function]: CodeIgniter\Debug\Exceptions->errorHandler(2, 'mysqli_connect(...', '/home/divyajis/...', 8, Array)
#1 /home/divyajis/prasoyt.divyaji.shop/conn.php(8): mysqli_connect('localhost', 'divyajis_praso', 'divyajis_praso', 'divyajis_praso')
#2 /home/divyajis/prasoyt.divyaji.shop/app/Controllers/Connect.php(13): include('/home/divyajis/...')
#3 /home/divyajis/prasoyt.divyaji.shop/vendor/codeigniter4/framework/system/CodeIgniter.php(801): App\Controllers\Connect->__construct()
#4 /home/divyajis/prasoyt.divyaji.shop/vendor/codeigniter4/framework/system/CodeIgniter.php(401): CodeIgniter\CodeIgniter->createController()
#5 /home/divyajis/prasoyt.divyaji.shop/vendor/codeigniter4/framework/system/CodeIgniter.php(318): CodeIgniter\CodeIgniter->handleRequest(NULL, Object(Config\Cache), false)
#6 /home/divyajis/prasoyt.divyaji.shop/index.php(37): CodeIgniter\CodeIgniter->run()
#7 {main}
CRITICAL - 2024-12-18 14:35:50 --> mysqli_connect(): (HY000/1040): Too many connections
#0 [internal function]: CodeIgniter\Debug\Exceptions->errorHandler(2, 'mysqli_connect(...', '/home/divyajis/...', 8, Array)
#1 /home/divyajis/prasoyt.divyaji.shop/conn.php(8): mysqli_connect('localhost', 'divyajis_praso', 'divyajis_praso', 'divyajis_praso')
#2 /home/divyajis/prasoyt.divyaji.shop/app/Controllers/Connect.php(13): include('/home/divyajis/...')
#3 /home/divyajis/prasoyt.divyaji.shop/vendor/codeigniter4/framework/system/CodeIgniter.php(801): App\Controllers\Connect->__construct()
#4 /home/divyajis/prasoyt.divyaji.shop/vendor/codeigniter4/framework/system/CodeIgniter.php(401): CodeIgniter\CodeIgniter->createController()
#5 /home/divyajis/prasoyt.divyaji.shop/vendor/codeigniter4/framework/system/CodeIgniter.php(318): CodeIgniter\CodeIgniter->handleRequest(NULL, Object(Config\Cache), false)
#6 /home/divyajis/prasoyt.divyaji.shop/index.php(37): CodeIgniter\CodeIgniter->run()
#7 {main}
CRITICAL - 2024-12-18 14:35:51 --> mysqli_connect(): (HY000/1040): Too many connections
#0 [internal function]: CodeIgniter\Debug\Exceptions->errorHandler(2, 'mysqli_connect(...', '/home/divyajis/...', 8, Array)
#1 /home/divyajis/prasoyt.divyaji.shop/conn.php(8): mysqli_connect('localhost', 'divyajis_praso', 'divyajis_praso', 'divyajis_praso')
#2 /home/divyajis/prasoyt.divyaji.shop/app/Controllers/Connect.php(13): include('/home/divyajis/...')
#3 /home/divyajis/prasoyt.divyaji.shop/vendor/codeigniter4/framework/system/CodeIgniter.php(801): App\Controllers\Connect->__construct()
#4 /home/divyajis/prasoyt.divyaji.shop/vendor/codeigniter4/framework/system/CodeIgniter.php(401): CodeIgniter\CodeIgniter->createController()
#5 /home/divyajis/prasoyt.divyaji.shop/vendor/codeigniter4/framework/system/CodeIgniter.php(318): CodeIgniter\CodeIgniter->handleRequest(NULL, Object(Config\Cache), false)
#6 /home/divyajis/prasoyt.divyaji.shop/index.php(37): CodeIgniter\CodeIgniter->run()
#7 {main}
CRITICAL - 2024-12-18 17:13:38 --> mysqli_connect(): (HY000/1040): Too many connections
#0 [internal function]: CodeIgniter\Debug\Exceptions->errorHandler(2, 'mysqli_connect(...', '/home/divyajis/...', 8, Array)
#1 /home/divyajis/prasoyt.divyaji.shop/conn.php(8): mysqli_connect('localhost', 'divyajis_praso', 'divyajis_praso', 'divyajis_praso')
#2 /home/divyajis/prasoyt.divyaji.shop/app/Controllers/Connect.php(13): include('/home/divyajis/...')
#3 /home/divyajis/prasoyt.divyaji.shop/vendor/codeigniter4/framework/system/CodeIgniter.php(801): App\Controllers\Connect->__construct()
#4 /home/divyajis/prasoyt.divyaji.shop/vendor/codeigniter4/framework/system/CodeIgniter.php(401): CodeIgniter\CodeIgniter->createController()
#5 /home/divyajis/prasoyt.divyaji.shop/vendor/codeigniter4/framework/system/CodeIgniter.php(318): CodeIgniter\CodeIgniter->handleRequest(NULL, Object(Config\Cache), false)
#6 /home/divyajis/prasoyt.divyaji.shop/index.php(37): CodeIgniter\CodeIgniter->run()
#7 {main}
CRITICAL - 2024-12-18 18:00:03 --> mysqli_connect(): (HY000/2002): No such file or directory
#0 [internal function]: CodeIgniter\Debug\Exceptions->errorHandler(2, 'mysqli_connect(...', '/home/divyajis/...', 8, Array)
#1 /home/divyajis/prasoyt.divyaji.shop/conn.php(8): mysqli_connect('localhost', 'divyajis_praso', 'divyajis_praso', 'divyajis_praso')
#2 /home/divyajis/prasoyt.divyaji.shop/app/Controllers/Connect.php(13): include('/home/divyajis/...')
#3 /home/divyajis/prasoyt.divyaji.shop/vendor/codeigniter4/framework/system/CodeIgniter.php(801): App\Controllers\Connect->__construct()
#4 /home/divyajis/prasoyt.divyaji.shop/vendor/codeigniter4/framework/system/CodeIgniter.php(401): CodeIgniter\CodeIgniter->createController()
#5 /home/divyajis/prasoyt.divyaji.shop/vendor/codeigniter4/framework/system/CodeIgniter.php(318): CodeIgniter\CodeIgniter->handleRequest(NULL, Object(Config\Cache), false)
#6 /home/divyajis/prasoyt.divyaji.shop/index.php(37): CodeIgniter\CodeIgniter->run()
#7 {main}
CRITICAL - 2024-12-18 18:00:04 --> mysqli_connect(): (HY000/2002): No such file or directory
#0 [internal function]: CodeIgniter\Debug\Exceptions->errorHandler(2, 'mysqli_connect(...', '/home/divyajis/...', 8, Array)
#1 /home/divyajis/prasoyt.divyaji.shop/conn.php(8): mysqli_connect('localhost', 'divyajis_praso', 'divyajis_praso', 'divyajis_praso')
#2 /home/divyajis/prasoyt.divyaji.shop/app/Controllers/Connect.php(13): include('/home/divyajis/...')
#3 /home/divyajis/prasoyt.divyaji.shop/vendor/codeigniter4/framework/system/CodeIgniter.php(801): App\Controllers\Connect->__construct()
#4 /home/divyajis/prasoyt.divyaji.shop/vendor/codeigniter4/framework/system/CodeIgniter.php(401): CodeIgniter\CodeIgniter->createController()
#5 /home/divyajis/prasoyt.divyaji.shop/vendor/codeigniter4/framework/system/CodeIgniter.php(318): CodeIgniter\CodeIgniter->handleRequest(NULL, Object(Config\Cache), false)
#6 /home/divyajis/prasoyt.divyaji.shop/index.php(37): CodeIgniter\CodeIgniter->run()
#7 {main}
CRITICAL - 2024-12-18 18:00:05 --> mysqli_connect(): (HY000/2002): No such file or directory
#0 [internal function]: CodeIgniter\Debug\Exceptions->errorHandler(2, 'mysqli_connect(...', '/home/divyajis/...', 8, Array)
#1 /home/divyajis/prasoyt.divyaji.shop/conn.php(8): mysqli_connect('localhost', 'divyajis_praso', 'divyajis_praso', 'divyajis_praso')
#2 /home/divyajis/prasoyt.divyaji.shop/app/Controllers/Connect.php(13): include('/home/divyajis/...')
#3 /home/divyajis/prasoyt.divyaji.shop/vendor/codeigniter4/framework/system/CodeIgniter.php(801): App\Controllers\Connect->__construct()
#4 /home/divyajis/prasoyt.divyaji.shop/vendor/codeigniter4/framework/system/CodeIgniter.php(401): CodeIgniter\CodeIgniter->createController()
#5 /home/divyajis/prasoyt.divyaji.shop/vendor/codeigniter4/framework/system/CodeIgniter.php(318): CodeIgniter\CodeIgniter->handleRequest(NULL, Object(Config\Cache), false)
#6 /home/divyajis/prasoyt.divyaji.shop/index.php(37): CodeIgniter\CodeIgniter->run()
#7 {main}
CRITICAL - 2024-12-18 18:00:06 --> mysqli_connect(): (HY000/2002): No such file or directory
#0 [internal function]: CodeIgniter\Debug\Exceptions->errorHandler(2, 'mysqli_connect(...', '/home/divyajis/...', 8, Array)
#1 /home/divyajis/prasoyt.divyaji.shop/conn.php(8): mysqli_connect('localhost', 'divyajis_praso', 'divyajis_praso', 'divyajis_praso')
#2 /home/divyajis/prasoyt.divyaji.shop/app/Controllers/Connect.php(13): include('/home/divyajis/...')
#3 /home/divyajis/prasoyt.divyaji.shop/vendor/codeigniter4/framework/system/CodeIgniter.php(801): App\Controllers\Connect->__construct()
#4 /home/divyajis/prasoyt.divyaji.shop/vendor/codeigniter4/framework/system/CodeIgniter.php(401): CodeIgniter\CodeIgniter->createController()
#5 /home/divyajis/prasoyt.divyaji.shop/vendor/codeigniter4/framework/system/CodeIgniter.php(318): CodeIgniter\CodeIgniter->handleRequest(NULL, Object(Config\Cache), false)
#6 /home/divyajis/prasoyt.divyaji.shop/index.php(37): CodeIgniter\CodeIgniter->run()
#7 {main}
CRITICAL - 2024-12-18 18:00:07 --> mysqli_connect(): (HY000/2002): No such file or directory
#0 [internal function]: CodeIgniter\Debug\Exceptions->errorHandler(2, 'mysqli_connect(...', '/home/divyajis/...', 8, Array)
#1 /home/divyajis/prasoyt.divyaji.shop/conn.php(8): mysqli_connect('localhost', 'divyajis_praso', 'divyajis_praso', 'divyajis_praso')
#2 /home/divyajis/prasoyt.divyaji.shop/app/Controllers/Connect.php(13): include('/home/divyajis/...')
#3 /home/divyajis/prasoyt.divyaji.shop/vendor/codeigniter4/framework/system/CodeIgniter.php(801): App\Controllers\Connect->__construct()
#4 /home/divyajis/prasoyt.divyaji.shop/vendor/codeigniter4/framework/system/CodeIgniter.php(401): CodeIgniter\CodeIgniter->createController()
#5 /home/divyajis/prasoyt.divyaji.shop/vendor/codeigniter4/framework/system/CodeIgniter.php(318): CodeIgniter\CodeIgniter->handleRequest(NULL, Object(Config\Cache), false)
#6 /home/divyajis/prasoyt.divyaji.shop/index.php(37): CodeIgniter\CodeIgniter->run()
#7 {main}
CRITICAL - 2024-12-18 18:00:08 --> mysqli_connect(): (HY000/2002): No such file or directory
#0 [internal function]: CodeIgniter\Debug\Exceptions->errorHandler(2, 'mysqli_connect(...', '/home/divyajis/...', 8, Array)
#1 /home/divyajis/prasoyt.divyaji.shop/conn.php(8): mysqli_connect('localhost', 'divyajis_praso', 'divyajis_praso', 'divyajis_praso')
#2 /home/divyajis/prasoyt.divyaji.shop/app/Controllers/Connect.php(13): include('/home/divyajis/...')
#3 /home/divyajis/prasoyt.divyaji.shop/vendor/codeigniter4/framework/system/CodeIgniter.php(801): App\Controllers\Connect->__construct()
#4 /home/divyajis/prasoyt.divyaji.shop/vendor/codeigniter4/framework/system/CodeIgniter.php(401): CodeIgniter\CodeIgniter->createController()
#5 /home/divyajis/prasoyt.divyaji.shop/vendor/codeigniter4/framework/system/CodeIgniter.php(318): CodeIgniter\CodeIgniter->handleRequest(NULL, Object(Config\Cache), false)
#6 /home/divyajis/prasoyt.divyaji.shop/index.php(37): CodeIgniter\CodeIgniter->run()
#7 {main}
CRITICAL - 2024-12-18 18:00:09 --> mysqli_connect(): (HY000/2002): No such file or directory
#0 [internal function]: CodeIgniter\Debug\Exceptions->errorHandler(2, 'mysqli_connect(...', '/home/divyajis/...', 8, Array)
#1 /home/divyajis/prasoyt.divyaji.shop/conn.php(8): mysqli_connect('localhost', 'divyajis_praso', 'divyajis_praso', 'divyajis_praso')
#2 /home/divyajis/prasoyt.divyaji.shop/app/Controllers/Connect.php(13): include('/home/divyajis/...')
#3 /home/divyajis/prasoyt.divyaji.shop/vendor/codeigniter4/framework/system/CodeIgniter.php(801): App\Controllers\Connect->__construct()
#4 /home/divyajis/prasoyt.divyaji.shop/vendor/codeigniter4/framework/system/CodeIgniter.php(401): CodeIgniter\CodeIgniter->createController()
#5 /home/divyajis/prasoyt.divyaji.shop/vendor/codeigniter4/framework/system/CodeIgniter.php(318): CodeIgniter\CodeIgniter->handleRequest(NULL, Object(Config\Cache), false)
#6 /home/divyajis/prasoyt.divyaji.shop/index.php(37): CodeIgniter\CodeIgniter->run()
#7 {main}
CRITICAL - 2024-12-18 19:20:33 --> mysqli_connect(): (HY000/1040): Too many connections
#0 [internal function]: CodeIgniter\Debug\Exceptions->errorHandler(2, 'mysqli_connect(...', '/home/divyajis/...', 8, Array)
#1 /home/divyajis/prasoyt.divyaji.shop/conn.php(8): mysqli_connect('localhost', 'divyajis_praso', 'divyajis_praso', 'divyajis_praso')
#2 /home/divyajis/prasoyt.divyaji.shop/app/Controllers/Connect.php(13): include('/home/divyajis/...')
#3 /home/divyajis/prasoyt.divyaji.shop/vendor/codeigniter4/framework/system/CodeIgniter.php(801): App\Controllers\Connect->__construct()
#4 /home/divyajis/prasoyt.divyaji.shop/vendor/codeigniter4/framework/system/CodeIgniter.php(401): CodeIgniter\CodeIgniter->createController()
#5 /home/divyajis/prasoyt.divyaji.shop/vendor/codeigniter4/framework/system/CodeIgniter.php(318): CodeIgniter\CodeIgniter->handleRequest(NULL, Object(Config\Cache), false)
#6 /home/divyajis/prasoyt.divyaji.shop/index.php(37): CodeIgniter\CodeIgniter->run()
#7 {main}
CRITICAL - 2024-12-18 19:37:05 --> mysqli_connect(): (08004/1040): Too many connections
#0 [internal function]: CodeIgniter\Debug\Exceptions->errorHandler(2, 'mysqli_connect(...', '/home/divyajis/...', 8, Array)
#1 /home/divyajis/prasoyt.divyaji.shop/conn.php(8): mysqli_connect('localhost', 'divyajis_praso', 'divyajis_praso', 'divyajis_praso')
#2 /home/divyajis/prasoyt.divyaji.shop/app/Controllers/Connect.php(13): include('/home/divyajis/...')
#3 /home/divyajis/prasoyt.divyaji.shop/vendor/codeigniter4/framework/system/CodeIgniter.php(801): App\Controllers\Connect->__construct()
#4 /home/divyajis/prasoyt.divyaji.shop/vendor/codeigniter4/framework/system/CodeIgniter.php(401): CodeIgniter\CodeIgniter->createController()
#5 /home/divyajis/prasoyt.divyaji.shop/vendor/codeigniter4/framework/system/CodeIgniter.php(318): CodeIgniter\CodeIgniter->handleRequest(NULL, Object(Config\Cache), false)
#6 /home/divyajis/prasoyt.divyaji.shop/index.php(37): CodeIgniter\CodeIgniter->run()
#7 {main}
CRITICAL - 2024-12-18 19:45:03 --> mysqli_connect(): (08004/1040): Too many connections
#0 [internal function]: CodeIgniter\Debug\Exceptions->errorHandler(2, 'mysqli_connect(...', '/home/divyajis/...', 8, Array)
#1 /home/divyajis/prasoyt.divyaji.shop/conn.php(8): mysqli_connect('localhost', 'divyajis_praso', 'divyajis_praso', 'divyajis_praso')
#2 /home/divyajis/prasoyt.divyaji.shop/app/Controllers/Connect.php(13): include('/home/divyajis/...')
#3 /home/divyajis/prasoyt.divyaji.shop/vendor/codeigniter4/framework/system/CodeIgniter.php(801): App\Controllers\Connect->__construct()
#4 /home/divyajis/prasoyt.divyaji.shop/vendor/codeigniter4/framework/system/CodeIgniter.php(401): CodeIgniter\CodeIgniter->createController()
#5 /home/divyajis/prasoyt.divyaji.shop/vendor/codeigniter4/framework/system/CodeIgniter.php(318): CodeIgniter\CodeIgniter->handleRequest(NULL, Object(Config\Cache), false)
#6 /home/divyajis/prasoyt.divyaji.shop/index.php(37): CodeIgniter\CodeIgniter->run()
#7 {main}
CRITICAL - 2024-12-18 19:55:09 --> mysqli_connect(): (HY000/1040): Too many connections
#0 [internal function]: CodeIgniter\Debug\Exceptions->errorHandler(2, 'mysqli_connect(...', '/home/divyajis/...', 8, Array)
#1 /home/divyajis/prasoyt.divyaji.shop/conn.php(8): mysqli_connect('localhost', 'divyajis_praso', 'divyajis_praso', 'divyajis_praso')
#2 /home/divyajis/prasoyt.divyaji.shop/app/Controllers/Connect.php(13): include('/home/divyajis/...')
#3 /home/divyajis/prasoyt.divyaji.shop/vendor/codeigniter4/framework/system/CodeIgniter.php(801): App\Controllers\Connect->__construct()
#4 /home/divyajis/prasoyt.divyaji.shop/vendor/codeigniter4/framework/system/CodeIgniter.php(401): CodeIgniter\CodeIgniter->createController()
#5 /home/divyajis/prasoyt.divyaji.shop/vendor/codeigniter4/framework/system/CodeIgniter.php(318): CodeIgniter\CodeIgniter->handleRequest(NULL, Object(Config\Cache), false)
#6 /home/divyajis/prasoyt.divyaji.shop/index.php(37): CodeIgniter\CodeIgniter->run()
#7 {main}
CRITICAL - 2024-12-18 19:55:35 --> mysqli_connect(): (HY000/1040): Too many connections
#0 [internal function]: CodeIgniter\Debug\Exceptions->errorHandler(2, 'mysqli_connect(...', '/home/divyajis/...', 8, Array)
#1 /home/divyajis/prasoyt.divyaji.shop/conn.php(8): mysqli_connect('localhost', 'divyajis_praso', 'divyajis_praso', 'divyajis_praso')
#2 /home/divyajis/prasoyt.divyaji.shop/app/Controllers/Connect.php(13): include('/home/divyajis/...')
#3 /home/divyajis/prasoyt.divyaji.shop/vendor/codeigniter4/framework/system/CodeIgniter.php(801): App\Controllers\Connect->__construct()
#4 /home/divyajis/prasoyt.divyaji.shop/vendor/codeigniter4/framework/system/CodeIgniter.php(401): CodeIgniter\CodeIgniter->createController()
#5 /home/divyajis/prasoyt.divyaji.shop/vendor/codeigniter4/framework/system/CodeIgniter.php(318): CodeIgniter\CodeIgniter->handleRequest(NULL, Object(Config\Cache), false)
#6 /home/divyajis/prasoyt.divyaji.shop/index.php(37): CodeIgniter\CodeIgniter->run()
#7 {main}
CRITICAL - 2024-12-18 19:59:34 --> mysqli_connect(): (HY000/1040): Too many connections
#0 [internal function]: CodeIgniter\Debug\Exceptions->errorHandler(2, 'mysqli_connect(...', '/home/divyajis/...', 8, Array)
#1 /home/divyajis/prasoyt.divyaji.shop/conn.php(8): mysqli_connect('localhost', 'divyajis_praso', 'divyajis_praso', 'divyajis_praso')
#2 /home/divyajis/prasoyt.divyaji.shop/app/Controllers/Connect.php(13): include('/home/divyajis/...')
#3 /home/divyajis/prasoyt.divyaji.shop/vendor/codeigniter4/framework/system/CodeIgniter.php(801): App\Controllers\Connect->__construct()
#4 /home/divyajis/prasoyt.divyaji.shop/vendor/codeigniter4/framework/system/CodeIgniter.php(401): CodeIgniter\CodeIgniter->createController()
#5 /home/divyajis/prasoyt.divyaji.shop/vendor/codeigniter4/framework/system/CodeIgniter.php(318): CodeIgniter\CodeIgniter->handleRequest(NULL, Object(Config\Cache), false)
#6 /home/divyajis/prasoyt.divyaji.shop/index.php(37): CodeIgniter\CodeIgniter->run()
#7 {main}
CRITICAL - 2024-12-18 20:00:03 --> mysqli_connect(): (08004/1040): Too many connections
#0 [internal function]: CodeIgniter\Debug\Exceptions->errorHandler(2, 'mysqli_connect(...', '/home/divyajis/...', 8, Array)
#1 /home/divyajis/prasoyt.divyaji.shop/conn.php(8): mysqli_connect('localhost', 'divyajis_praso', 'divyajis_praso', 'divyajis_praso')
#2 /home/divyajis/prasoyt.divyaji.shop/app/Controllers/Connect.php(13): include('/home/divyajis/...')
#3 /home/divyajis/prasoyt.divyaji.shop/vendor/codeigniter4/framework/system/CodeIgniter.php(801): App\Controllers\Connect->__construct()
#4 /home/divyajis/prasoyt.divyaji.shop/vendor/codeigniter4/framework/system/CodeIgniter.php(401): CodeIgniter\CodeIgniter->createController()
#5 /home/divyajis/prasoyt.divyaji.shop/vendor/codeigniter4/framework/system/CodeIgniter.php(318): CodeIgniter\CodeIgniter->handleRequest(NULL, Object(Config\Cache), false)
#6 /home/divyajis/prasoyt.divyaji.shop/index.php(37): CodeIgniter\CodeIgniter->run()
#7 {main}
CRITICAL - 2024-12-18 20:00:04 --> mysqli_connect(): (08004/1040): Too many connections
#0 [internal function]: CodeIgniter\Debug\Exceptions->errorHandler(2, 'mysqli_connect(...', '/home/divyajis/...', 8, Array)
#1 /home/divyajis/prasoyt.divyaji.shop/conn.php(8): mysqli_connect('localhost', 'divyajis_praso', 'divyajis_praso', 'divyajis_praso')
#2 /home/divyajis/prasoyt.divyaji.shop/app/Controllers/Connect.php(13): include('/home/divyajis/...')
#3 /home/divyajis/prasoyt.divyaji.shop/vendor/codeigniter4/framework/system/CodeIgniter.php(801): App\Controllers\Connect->__construct()
#4 /home/divyajis/prasoyt.divyaji.shop/vendor/codeigniter4/framework/system/CodeIgniter.php(401): CodeIgniter\CodeIgniter->createController()
#5 /home/divyajis/prasoyt.divyaji.shop/vendor/codeigniter4/framework/system/CodeIgniter.php(318): CodeIgniter\CodeIgniter->handleRequest(NULL, Object(Config\Cache), false)
#6 /home/divyajis/prasoyt.divyaji.shop/index.php(37): CodeIgniter\CodeIgniter->run()
#7 {main}
CRITICAL - 2024-12-18 20:06:08 --> mysqli_connect(): (HY000/1040): Too many connections
#0 [internal function]: CodeIgniter\Debug\Exceptions->errorHandler(2, 'mysqli_connect(...', '/home/divyajis/...', 8, Array)
#1 /home/divyajis/prasoyt.divyaji.shop/conn.php(8): mysqli_connect('localhost', 'divyajis_praso', 'divyajis_praso', 'divyajis_praso')
#2 /home/divyajis/prasoyt.divyaji.shop/app/Controllers/Connect.php(13): include('/home/divyajis/...')
#3 /home/divyajis/prasoyt.divyaji.shop/vendor/codeigniter4/framework/system/CodeIgniter.php(801): App\Controllers\Connect->__construct()
#4 /home/divyajis/prasoyt.divyaji.shop/vendor/codeigniter4/framework/system/CodeIgniter.php(401): CodeIgniter\CodeIgniter->createController()
#5 /home/divyajis/prasoyt.divyaji.shop/vendor/codeigniter4/framework/system/CodeIgniter.php(318): CodeIgniter\CodeIgniter->handleRequest(NULL, Object(Config\Cache), false)
#6 /home/divyajis/prasoyt.divyaji.shop/index.php(37): CodeIgniter\CodeIgniter->run()
#7 {main}
